{"/Users/shanebdavis/dev/genui/opensource/git-genui/source/GitGenUi/Commands/Commit.js": {"path":"/Users/shanebdavis/dev/genui/opensource/git-genui/source/GitGenUi/Commands/Commit.js","statementMap":{"0":{"start":{"line":2,"column":10},"end":{"line":2,"column":44}},"1":{"start":{"line":3,"column":0},"end":{"line":276,"column":3}},"2":{"start":{"line":4,"column":2},"end":{"line":275,"column":4}},"3":{"start":{"line":71,"column":6},"end":{"line":81,"column":8}},"4":{"start":{"line":72,"column":8},"end":{"line":80,"column":50}},"5":{"start":{"line":74,"column":12},"end":{"line":78,"column":14}},"6":{"start":{"line":75,"column":46},"end":{"line":75,"column":61}},"7":{"start":{"line":76,"column":46},"end":{"line":76,"column":61}},"8":{"start":{"line":77,"column":48},"end":{"line":77,"column":65}},"9":{"start":{"line":80,"column":27},"end":{"line":80,"column":48}},"10":{"start":{"line":82,"column":6},"end":{"line":82,"column":76}},"11":{"start":{"line":83,"column":6},"end":{"line":273,"column":8}},"12":{"start":{"line":105,"column":10},"end":{"line":271,"column":30}},"13":{"start":{"line":105,"column":36},"end":{"line":105,"column":61}},"14":{"start":{"line":107,"column":14},"end":{"line":111,"column":16}},"15":{"start":{"line":112,"column":14},"end":{"line":112,"column":37}},"16":{"start":{"line":114,"column":24},"end":{"line":114,"column":54}},"17":{"start":{"line":117,"column":14},"end":{"line":122,"column":27}},"18":{"start":{"line":125,"column":14},"end":{"line":125,"column":75}},"19":{"start":{"line":130,"column":14},"end":{"line":269,"column":16}},"20":{"start":{"line":133,"column":18},"end":{"line":148,"column":19}},"21":{"start":{"line":134,"column":20},"end":{"line":134,"column":53}},"22":{"start":{"line":135,"column":20},"end":{"line":135,"column":51}},"23":{"start":{"line":136,"column":20},"end":{"line":146,"column":22}},"24":{"start":{"line":147,"column":20},"end":{"line":147,"column":29}},"25":{"start":{"line":149,"column":18},"end":{"line":149,"column":31}},"26":{"start":{"line":162,"column":18},"end":{"line":162,"column":46}},"27":{"start":{"line":163,"column":18},"end":{"line":163,"column":42}},"28":{"start":{"line":164,"column":18},"end":{"line":164,"column":38}},"29":{"start":{"line":165,"column":18},"end":{"line":165,"column":42}},"30":{"start":{"line":166,"column":18},"end":{"line":166,"column":54}},"31":{"start":{"line":167,"column":18},"end":{"line":167,"column":40}},"32":{"start":{"line":168,"column":18},"end":{"line":168,"column":36}},"33":{"start":{"line":169,"column":18},"end":{"line":169,"column":46}},"34":{"start":{"line":170,"column":18},"end":{"line":170,"column":56}},"35":{"start":{"line":171,"column":18},"end":{"line":171,"column":36}},"36":{"start":{"line":172,"column":18},"end":{"line":266,"column":21}},"37":{"start":{"line":201,"column":24},"end":{"line":203,"column":25}},"38":{"start":{"line":202,"column":26},"end":{"line":202,"column":48}},"39":{"start":{"line":210,"column":28},"end":{"line":214,"column":29}},"40":{"start":{"line":213,"column":30},"end":{"line":213,"column":62}},"41":{"start":{"line":243,"column":28},"end":{"line":247,"column":29}},"42":{"start":{"line":250,"column":28},"end":{"line":253,"column":30}},"43":{"start":{"line":271,"column":24},"end":{"line":271,"column":28}}},"fnMap":{"0":{"name":"(anonymous_0)","decl":{"start":{"line":3,"column":19},"end":{"line":3,"column":20}},"loc":{"start":{"line":3,"column":25},"end":{"line":276,"column":1}},"line":3},"1":{"name":"(anonymous_1)","decl":{"start":{"line":41,"column":4},"end":{"line":41,"column":5}},"loc":{"start":{"line":69,"column":9},"end":{"line":274,"column":5}},"line":69},"2":{"name":"(anonymous_2)","decl":{"start":{"line":71,"column":18},"end":{"line":71,"column":19}},"loc":{"start":{"line":71,"column":34},"end":{"line":81,"column":7}},"line":71},"3":{"name":"(anonymous_3)","decl":{"start":{"line":73,"column":16},"end":{"line":73,"column":17}},"loc":{"start":{"line":74,"column":12},"end":{"line":78,"column":14}},"line":74},"4":{"name":"(anonymous_4)","decl":{"start":{"line":75,"column":40},"end":{"line":75,"column":41}},"loc":{"start":{"line":75,"column":46},"end":{"line":75,"column":61}},"line":75},"5":{"name":"(anonymous_5)","decl":{"start":{"line":76,"column":40},"end":{"line":76,"column":41}},"loc":{"start":{"line":76,"column":46},"end":{"line":76,"column":61}},"line":76},"6":{"name":"(anonymous_6)","decl":{"start":{"line":77,"column":42},"end":{"line":77,"column":43}},"loc":{"start":{"line":77,"column":48},"end":{"line":77,"column":65}},"line":77},"7":{"name":"(anonymous_7)","decl":{"start":{"line":80,"column":16},"end":{"line":80,"column":17}},"loc":{"start":{"line":80,"column":27},"end":{"line":80,"column":48}},"line":80},"8":{"name":"(anonymous_8)","decl":{"start":{"line":104,"column":13},"end":{"line":104,"column":14}},"loc":{"start":{"line":104,"column":31},"end":{"line":272,"column":9}},"line":104},"9":{"name":"(anonymous_9)","decl":{"start":{"line":105,"column":30},"end":{"line":105,"column":31}},"loc":{"start":{"line":105,"column":36},"end":{"line":105,"column":61}},"line":105},"10":{"name":"(anonymous_10)","decl":{"start":{"line":106,"column":19},"end":{"line":106,"column":20}},"loc":{"start":{"line":106,"column":36},"end":{"line":113,"column":13}},"line":106},"11":{"name":"(anonymous_11)","decl":{"start":{"line":114,"column":18},"end":{"line":114,"column":19}},"loc":{"start":{"line":114,"column":24},"end":{"line":114,"column":54}},"line":114},"12":{"name":"(anonymous_12)","decl":{"start":{"line":116,"column":17},"end":{"line":116,"column":18}},"loc":{"start":{"line":117,"column":14},"end":{"line":122,"column":27}},"line":117},"13":{"name":"(anonymous_13)","decl":{"start":{"line":124,"column":17},"end":{"line":124,"column":18}},"loc":{"start":{"line":125,"column":14},"end":{"line":125,"column":75}},"line":125},"14":{"name":"(anonymous_14)","decl":{"start":{"line":129,"column":18},"end":{"line":129,"column":19}},"loc":{"start":{"line":130,"column":14},"end":{"line":269,"column":16}},"line":130},"15":{"name":"(anonymous_15)","decl":{"start":{"line":131,"column":33},"end":{"line":131,"column":34}},"loc":{"start":{"line":131,"column":42},"end":{"line":150,"column":17}},"line":131},"16":{"name":"(anonymous_16)","decl":{"start":{"line":151,"column":23},"end":{"line":151,"column":24}},"loc":{"start":{"line":151,"column":32},"end":{"line":267,"column":17}},"line":151},"17":{"name":"(anonymous_17)","decl":{"start":{"line":200,"column":30},"end":{"line":200,"column":31}},"loc":{"start":{"line":201,"column":24},"end":{"line":203,"column":25}},"line":201},"18":{"name":"(anonymous_18)","decl":{"start":{"line":201,"column":56},"end":{"line":201,"column":57}},"loc":{"start":{"line":202,"column":26},"end":{"line":202,"column":48}},"line":202},"19":{"name":"(anonymous_19)","decl":{"start":{"line":209,"column":34},"end":{"line":209,"column":35}},"loc":{"start":{"line":210,"column":28},"end":{"line":214,"column":29}},"line":210},"20":{"name":"(anonymous_20)","decl":{"start":{"line":212,"column":35},"end":{"line":212,"column":36}},"loc":{"start":{"line":213,"column":30},"end":{"line":213,"column":62}},"line":213},"21":{"name":"(anonymous_21)","decl":{"start":{"line":242,"column":26},"end":{"line":242,"column":27}},"loc":{"start":{"line":243,"column":28},"end":{"line":247,"column":29}},"line":243},"22":{"name":"(anonymous_22)","decl":{"start":{"line":248,"column":26},"end":{"line":248,"column":27}},"loc":{"start":{"line":248,"column":39},"end":{"line":254,"column":27}},"line":248},"23":{"name":"(anonymous_23)","decl":{"start":{"line":271,"column":18},"end":{"line":271,"column":19}},"loc":{"start":{"line":271,"column":24},"end":{"line":271,"column":28}},"line":271}},"branchMap":{"0":{"loc":{"start":{"line":117,"column":14},"end":{"line":122,"column":27}},"type":"cond-expr","locations":[{"start":{"line":121,"column":19},"end":{"line":121,"column":75}},{"start":{"line":122,"column":18},"end":{"line":122,"column":27}}],"line":117},"1":{"loc":{"start":{"line":125,"column":14},"end":{"line":125,"column":75}},"type":"cond-expr","locations":[{"start":{"line":125,"column":45},"end":{"line":125,"column":63}},{"start":{"line":125,"column":66},"end":{"line":125,"column":75}}],"line":125},"2":{"loc":{"start":{"line":133,"column":18},"end":{"line":148,"column":19}},"type":"if","locations":[{"start":{"line":133,"column":18},"end":{"line":148,"column":19}},{"start":{"line":133,"column":18},"end":{"line":148,"column":19}}],"line":133},"3":{"loc":{"start":{"line":178,"column":20},"end":{"line":191,"column":25}},"type":"cond-expr","locations":[{"start":{"line":179,"column":24},"end":{"line":186,"column":25}},{"start":{"line":187,"column":24},"end":{"line":191,"column":25}}],"line":178},"4":{"loc":{"start":{"line":178,"column":20},"end":{"line":178,"column":54}},"type":"binary-expr","locations":[{"start":{"line":178,"column":20},"end":{"line":178,"column":29}},{"start":{"line":178,"column":33},"end":{"line":178,"column":54}}],"line":178},"5":{"loc":{"start":{"line":183,"column":28},"end":{"line":185,"column":41}},"type":"cond-expr","locations":[{"start":{"line":184,"column":32},"end":{"line":184,"column":69}},{"start":{"line":185,"column":32},"end":{"line":185,"column":41}}],"line":183},"6":{"loc":{"start":{"line":183,"column":28},"end":{"line":183,"column":57}},"type":"binary-expr","locations":[{"start":{"line":183,"column":28},"end":{"line":183,"column":45}},{"start":{"line":183,"column":49},"end":{"line":183,"column":57}}],"line":183},"7":{"loc":{"start":{"line":205,"column":20},"end":{"line":216,"column":33}},"type":"cond-expr","locations":[{"start":{"line":206,"column":24},"end":{"line":215,"column":25}},{"start":{"line":216,"column":24},"end":{"line":216,"column":33}}],"line":205},"8":{"loc":{"start":{"line":217,"column":20},"end":{"line":235,"column":25}},"type":"cond-expr","locations":[{"start":{"line":218,"column":24},"end":{"line":230,"column":25}},{"start":{"line":231,"column":24},"end":{"line":235,"column":25}}],"line":217},"9":{"loc":{"start":{"line":222,"column":28},"end":{"line":229,"column":33}},"type":"cond-expr","locations":[{"start":{"line":223,"column":32},"end":{"line":223,"column":70}},{"start":{"line":224,"column":32},"end":{"line":229,"column":33}}],"line":222},"10":{"loc":{"start":{"line":222,"column":29},"end":{"line":222,"column":66}},"type":"binary-expr","locations":[{"start":{"line":222,"column":29},"end":{"line":222,"column":48}},{"start":{"line":222,"column":52},"end":{"line":222,"column":66}}],"line":222},"11":{"loc":{"start":{"line":225,"column":34},"end":{"line":228,"column":47}},"type":"cond-expr","locations":[{"start":{"line":227,"column":38},"end":{"line":227,"column":47}},{"start":{"line":228,"column":38},"end":{"line":228,"column":47}}],"line":225},"12":{"loc":{"start":{"line":225,"column":35},"end":{"line":225,"column":76}},"type":"binary-expr","locations":[{"start":{"line":225,"column":35},"end":{"line":225,"column":56}},{"start":{"line":225,"column":60},"end":{"line":225,"column":76}}],"line":225},"13":{"loc":{"start":{"line":251,"column":31},"end":{"line":252,"column":43}},"type":"binary-expr","locations":[{"start":{"line":251,"column":31},"end":{"line":251,"column":69}},{"start":{"line":252,"column":32},"end":{"line":252,"column":43}}],"line":251},"14":{"loc":{"start":{"line":258,"column":20},"end":{"line":265,"column":33}},"type":"cond-expr","locations":[{"start":{"line":259,"column":24},"end":{"line":264,"column":25}},{"start":{"line":265,"column":24},"end":{"line":265,"column":33}}],"line":258}},"s":{"0":9,"1":9,"2":9,"3":9,"4":0,"5":0,"6":0,"7":0,"8":0,"9":0,"10":9,"11":9,"12":0,"13":0,"14":0,"15":0,"16":0,"17":0,"18":0,"19":0,"20":0,"21":0,"22":0,"23":0,"24":0,"25":0,"26":0,"27":0,"28":0,"29":0,"30":0,"31":0,"32":0,"33":0,"34":0,"35":0,"36":0,"37":0,"38":0,"39":0,"40":0,"41":0,"42":0,"43":0},"f":{"0":9,"1":9,"2":0,"3":0,"4":0,"5":0,"6":0,"7":0,"8":0,"9":0,"10":0,"11":0,"12":0,"13":0,"14":0,"15":0,"16":0,"17":0,"18":0,"19":0,"20":0,"21":0,"22":0,"23":0},"b":{"0":[0,0],"1":[0,0],"2":[0,0],"3":[0,0],"4":[0,0],"5":[0,0],"6":[0,0],"7":[0,0],"8":[0,0],"9":[0,0],"10":[0,0],"11":[0,0],"12":[0,0],"13":[0,0],"14":[0,0]},"_coverageSchema":"1a1c01bbd47fc00a2c39e90264f33305004495a9","hash":"a6204664ad516bf1e19e712fc94bce95dd206766"}
,"/Users/shanebdavis/dev/genui/opensource/git-genui/source/GitGenUi/Config/ConfigShared.js": {"path":"/Users/shanebdavis/dev/genui/opensource/git-genui/source/GitGenUi/Config/ConfigShared.js","statementMap":{"0":{"start":{"line":2,"column":10},"end":{"line":2,"column":44}},"1":{"start":{"line":3,"column":0},"end":{"line":168,"column":3}},"2":{"start":{"line":4,"column":2},"end":{"line":167,"column":4}},"3":{"start":{"line":41,"column":6},"end":{"line":165,"column":9}},"4":{"start":{"line":44,"column":10},"end":{"line":49,"column":12}},"5":{"start":{"line":45,"column":12},"end":{"line":48,"column":42}},"6":{"start":{"line":47,"column":26},"end":{"line":47,"column":53}},"7":{"start":{"line":48,"column":26},"end":{"line":48,"column":40}},"8":{"start":{"line":50,"column":10},"end":{"line":65,"column":12}},"9":{"start":{"line":51,"column":12},"end":{"line":64,"column":17}},"10":{"start":{"line":53,"column":16},"end":{"line":55,"column":17}},"11":{"start":{"line":54,"column":18},"end":{"line":54,"column":65}},"12":{"start":{"line":56,"column":16},"end":{"line":58,"column":17}},"13":{"start":{"line":57,"column":18},"end":{"line":57,"column":69}},"14":{"start":{"line":59,"column":16},"end":{"line":59,"column":72}},"15":{"start":{"line":62,"column":16},"end":{"line":62,"column":53}},"16":{"start":{"line":63,"column":16},"end":{"line":63,"column":36}},"17":{"start":{"line":66,"column":10},"end":{"line":66,"column":69}},"18":{"start":{"line":67,"column":10},"end":{"line":87,"column":13}},"19":{"start":{"line":69,"column":14},"end":{"line":71,"column":19}},"20":{"start":{"line":70,"column":16},"end":{"line":70,"column":60}},"21":{"start":{"line":74,"column":14},"end":{"line":76,"column":19}},"22":{"start":{"line":75,"column":16},"end":{"line":75,"column":64}},"23":{"start":{"line":79,"column":14},"end":{"line":79,"column":33}},"24":{"start":{"line":82,"column":14},"end":{"line":82,"column":79}},"25":{"start":{"line":85,"column":14},"end":{"line":85,"column":53}},"26":{"start":{"line":88,"column":10},"end":{"line":109,"column":12}},"27":{"start":{"line":89,"column":12},"end":{"line":108,"column":14}},"28":{"start":{"line":90,"column":14},"end":{"line":107,"column":18}},"29":{"start":{"line":91,"column":16},"end":{"line":106,"column":17}},"30":{"start":{"line":93,"column":20},"end":{"line":93,"column":55}},"31":{"start":{"line":95,"column":20},"end":{"line":97,"column":22}},"32":{"start":{"line":96,"column":22},"end":{"line":96,"column":57}},"33":{"start":{"line":99,"column":20},"end":{"line":105,"column":25}},"34":{"start":{"line":100,"column":22},"end":{"line":104,"column":24}},"35":{"start":{"line":110,"column":10},"end":{"line":135,"column":12}},"36":{"start":{"line":111,"column":12},"end":{"line":116,"column":15}},"37":{"start":{"line":114,"column":16},"end":{"line":114,"column":77}},"38":{"start":{"line":117,"column":12},"end":{"line":121,"column":14}},"39":{"start":{"line":120,"column":14},"end":{"line":120,"column":54}},"40":{"start":{"line":122,"column":12},"end":{"line":126,"column":14}},"41":{"start":{"line":125,"column":14},"end":{"line":125,"column":80}},"42":{"start":{"line":127,"column":12},"end":{"line":134,"column":15}},"43":{"start":{"line":130,"column":14},"end":{"line":133,"column":16}},"44":{"start":{"line":136,"column":10},"end":{"line":140,"column":12}},"45":{"start":{"line":137,"column":12},"end":{"line":137,"column":47}},"46":{"start":{"line":138,"column":12},"end":{"line":138,"column":38}},"47":{"start":{"line":139,"column":12},"end":{"line":139,"column":32}},"48":{"start":{"line":141,"column":10},"end":{"line":148,"column":12}},"49":{"start":{"line":142,"column":12},"end":{"line":147,"column":31}},"50":{"start":{"line":143,"column":14},"end":{"line":146,"column":15}},"51":{"start":{"line":147,"column":25},"end":{"line":147,"column":29}},"52":{"start":{"line":149,"column":10},"end":{"line":163,"column":12}},"53":{"start":{"line":150,"column":12},"end":{"line":162,"column":32}},"54":{"start":{"line":151,"column":14},"end":{"line":151,"column":61}},"55":{"start":{"line":154,"column":16},"end":{"line":154,"column":51}},"56":{"start":{"line":155,"column":16},"end":{"line":159,"column":23}},"57":{"start":{"line":158,"column":36},"end":{"line":158,"column":63}},"58":{"start":{"line":161,"column":30},"end":{"line":161,"column":52}},"59":{"start":{"line":162,"column":26},"end":{"line":162,"column":30}}},"fnMap":{"0":{"name":"(anonymous_0)","decl":{"start":{"line":3,"column":19},"end":{"line":3,"column":20}},"loc":{"start":{"line":3,"column":25},"end":{"line":168,"column":1}},"line":3},"1":{"name":"(anonymous_1)","decl":{"start":{"line":23,"column":4},"end":{"line":23,"column":5}},"loc":{"start":{"line":39,"column":9},"end":{"line":166,"column":5}},"line":39},"2":{"name":"(anonymous_2)","decl":{"start":{"line":43,"column":8},"end":{"line":43,"column":9}},"loc":{"start":{"line":43,"column":58},"end":{"line":164,"column":9}},"line":43},"3":{"name":"(anonymous_3)","decl":{"start":{"line":44,"column":31},"end":{"line":44,"column":32}},"loc":{"start":{"line":44,"column":42},"end":{"line":49,"column":11}},"line":44},"4":{"name":"(anonymous_4)","decl":{"start":{"line":47,"column":20},"end":{"line":47,"column":21}},"loc":{"start":{"line":47,"column":26},"end":{"line":47,"column":53}},"line":47},"5":{"name":"(anonymous_5)","decl":{"start":{"line":48,"column":20},"end":{"line":48,"column":21}},"loc":{"start":{"line":48,"column":26},"end":{"line":48,"column":40}},"line":48},"6":{"name":"(anonymous_6)","decl":{"start":{"line":50,"column":32},"end":{"line":50,"column":33}},"loc":{"start":{"line":50,"column":57},"end":{"line":65,"column":11}},"line":50},"7":{"name":"(anonymous_7)","decl":{"start":{"line":52,"column":20},"end":{"line":52,"column":21}},"loc":{"start":{"line":52,"column":54},"end":{"line":60,"column":15}},"line":52},"8":{"name":"(anonymous_8)","decl":{"start":{"line":61,"column":20},"end":{"line":61,"column":21}},"loc":{"start":{"line":61,"column":38},"end":{"line":64,"column":15}},"line":61},"9":{"name":"(anonymous_9)","decl":{"start":{"line":68,"column":24},"end":{"line":68,"column":25}},"loc":{"start":{"line":68,"column":35},"end":{"line":72,"column":13}},"line":68},"10":{"name":"(anonymous_10)","decl":{"start":{"line":69,"column":22},"end":{"line":69,"column":23}},"loc":{"start":{"line":69,"column":28},"end":{"line":71,"column":15}},"line":69},"11":{"name":"(anonymous_11)","decl":{"start":{"line":73,"column":28},"end":{"line":73,"column":29}},"loc":{"start":{"line":73,"column":39},"end":{"line":77,"column":13}},"line":73},"12":{"name":"(anonymous_12)","decl":{"start":{"line":74,"column":22},"end":{"line":74,"column":23}},"loc":{"start":{"line":74,"column":28},"end":{"line":76,"column":15}},"line":74},"13":{"name":"(anonymous_13)","decl":{"start":{"line":78,"column":19},"end":{"line":78,"column":20}},"loc":{"start":{"line":78,"column":30},"end":{"line":80,"column":13}},"line":78},"14":{"name":"(anonymous_14)","decl":{"start":{"line":81,"column":43},"end":{"line":81,"column":44}},"loc":{"start":{"line":81,"column":54},"end":{"line":83,"column":13}},"line":81},"15":{"name":"(anonymous_15)","decl":{"start":{"line":84,"column":30},"end":{"line":84,"column":31}},"loc":{"start":{"line":84,"column":41},"end":{"line":86,"column":13}},"line":84},"16":{"name":"(anonymous_16)","decl":{"start":{"line":88,"column":30},"end":{"line":88,"column":31}},"loc":{"start":{"line":88,"column":50},"end":{"line":109,"column":11}},"line":88},"17":{"name":"(anonymous_17)","decl":{"start":{"line":89,"column":53},"end":{"line":89,"column":54}},"loc":{"start":{"line":90,"column":14},"end":{"line":107,"column":18}},"line":90},"18":{"name":"(anonymous_18)","decl":{"start":{"line":90,"column":15},"end":{"line":90,"column":16}},"loc":{"start":{"line":90,"column":21},"end":{"line":107,"column":15}},"line":90},"19":{"name":"(anonymous_19)","decl":{"start":{"line":95,"column":44},"end":{"line":95,"column":45}},"loc":{"start":{"line":96,"column":22},"end":{"line":96,"column":57}},"line":96},"20":{"name":"(anonymous_20)","decl":{"start":{"line":99,"column":28},"end":{"line":99,"column":29}},"loc":{"start":{"line":99,"column":34},"end":{"line":105,"column":21}},"line":99},"21":{"name":"(anonymous_21)","decl":{"start":{"line":110,"column":33},"end":{"line":110,"column":34}},"loc":{"start":{"line":110,"column":59},"end":{"line":135,"column":11}},"line":110},"22":{"name":"(anonymous_22)","decl":{"start":{"line":112,"column":23},"end":{"line":112,"column":24}},"loc":{"start":{"line":112,"column":34},"end":{"line":115,"column":15}},"line":112},"23":{"name":"(anonymous_23)","decl":{"start":{"line":119,"column":16},"end":{"line":119,"column":17}},"loc":{"start":{"line":119,"column":28},"end":{"line":121,"column":13}},"line":119},"24":{"name":"(anonymous_24)","decl":{"start":{"line":124,"column":16},"end":{"line":124,"column":17}},"loc":{"start":{"line":124,"column":34},"end":{"line":126,"column":13}},"line":124},"25":{"name":"(anonymous_25)","decl":{"start":{"line":129,"column":16},"end":{"line":129,"column":17}},"loc":{"start":{"line":129,"column":34},"end":{"line":134,"column":13}},"line":129},"26":{"name":"(anonymous_26)","decl":{"start":{"line":136,"column":45},"end":{"line":136,"column":46}},"loc":{"start":{"line":136,"column":66},"end":{"line":140,"column":11}},"line":136},"27":{"name":"(anonymous_27)","decl":{"start":{"line":141,"column":33},"end":{"line":141,"column":34}},"loc":{"start":{"line":141,"column":44},"end":{"line":148,"column":11}},"line":141},"28":{"name":"(anonymous_28)","decl":{"start":{"line":142,"column":32},"end":{"line":142,"column":33}},"loc":{"start":{"line":143,"column":14},"end":{"line":146,"column":15}},"line":143},"29":{"name":"(anonymous_29)","decl":{"start":{"line":147,"column":19},"end":{"line":147,"column":20}},"loc":{"start":{"line":147,"column":25},"end":{"line":147,"column":29}},"line":147},"30":{"name":"(anonymous_30)","decl":{"start":{"line":149,"column":33},"end":{"line":149,"column":34}},"loc":{"start":{"line":149,"column":44},"end":{"line":163,"column":11}},"line":149},"31":{"name":"(anonymous_31)","decl":{"start":{"line":150,"column":32},"end":{"line":150,"column":33}},"loc":{"start":{"line":151,"column":14},"end":{"line":151,"column":61}},"line":151},"32":{"name":"(anonymous_32)","decl":{"start":{"line":153,"column":20},"end":{"line":153,"column":21}},"loc":{"start":{"line":153,"column":37},"end":{"line":160,"column":15}},"line":153},"33":{"name":"(anonymous_33)","decl":{"start":{"line":158,"column":28},"end":{"line":158,"column":29}},"loc":{"start":{"line":158,"column":36},"end":{"line":158,"column":63}},"line":158},"34":{"name":"(anonymous_34)","decl":{"start":{"line":161,"column":20},"end":{"line":161,"column":21}},"loc":{"start":{"line":161,"column":30},"end":{"line":161,"column":52}},"line":161},"35":{"name":"(anonymous_35)","decl":{"start":{"line":162,"column":20},"end":{"line":162,"column":21}},"loc":{"start":{"line":162,"column":26},"end":{"line":162,"column":30}},"line":162}},"branchMap":{"0":{"loc":{"start":{"line":53,"column":16},"end":{"line":55,"column":17}},"type":"if","locations":[{"start":{"line":53,"column":16},"end":{"line":55,"column":17}},{"start":{"line":53,"column":16},"end":{"line":55,"column":17}}],"line":53},"1":{"loc":{"start":{"line":53,"column":22},"end":{"line":53,"column":65}},"type":"binary-expr","locations":[{"start":{"line":53,"column":22},"end":{"line":53,"column":42}},{"start":{"line":53,"column":46},"end":{"line":53,"column":65}}],"line":53},"2":{"loc":{"start":{"line":56,"column":16},"end":{"line":58,"column":17}},"type":"if","locations":[{"start":{"line":56,"column":16},"end":{"line":58,"column":17}},{"start":{"line":56,"column":16},"end":{"line":58,"column":17}}],"line":56},"3":{"loc":{"start":{"line":56,"column":22},"end":{"line":56,"column":73}},"type":"binary-expr","locations":[{"start":{"line":56,"column":22},"end":{"line":56,"column":46}},{"start":{"line":56,"column":50},"end":{"line":56,"column":73}}],"line":56},"4":{"loc":{"start":{"line":91,"column":16},"end":{"line":106,"column":17}},"type":"switch","locations":[{"start":{"line":92,"column":18},"end":{"line":93,"column":55}},{"start":{"line":94,"column":18},"end":{"line":97,"column":22}},{"start":{"line":98,"column":18},"end":{"line":105,"column":25}}],"line":91},"5":{"loc":{"start":{"line":114,"column":23},"end":{"line":114,"column":76}},"type":"cond-expr","locations":[{"start":{"line":114,"column":61},"end":{"line":114,"column":65}},{"start":{"line":114,"column":68},"end":{"line":114,"column":76}}],"line":114},"6":{"loc":{"start":{"line":155,"column":23},"end":{"line":159,"column":22}},"type":"cond-expr","locations":[{"start":{"line":156,"column":20},"end":{"line":158,"column":64}},{"start":{"line":159,"column":20},"end":{"line":159,"column":22}}],"line":155}},"s":{"0":9,"1":9,"2":9,"3":9,"4":9,"5":4,"6":4,"7":4,"8":9,"9":8,"10":8,"11":0,"12":8,"13":0,"14":8,"15":8,"16":8,"17":9,"18":9,"19":0,"20":0,"21":0,"22":0,"23":0,"24":0,"25":0,"26":9,"27":20,"28":20,"29":20,"30":1,"31":19,"32":37,"33":0,"34":0,"35":9,"36":38,"37":20,"38":38,"39":1,"40":38,"41":1,"42":38,"43":1,"44":9,"45":5,"46":5,"47":5,"48":9,"49":5,"50":5,"51":5,"52":9,"53":8,"54":8,"55":8,"56":8,"57":3,"58":8,"59":8},"f":{"0":9,"1":9,"2":9,"3":4,"4":4,"5":4,"6":8,"7":8,"8":8,"9":0,"10":0,"11":0,"12":0,"13":0,"14":0,"15":0,"16":20,"17":20,"18":20,"19":37,"20":0,"21":38,"22":20,"23":1,"24":1,"25":1,"26":5,"27":5,"28":5,"29":5,"30":8,"31":8,"32":8,"33":3,"34":8,"35":8},"b":{"0":[0,8],"1":[8,8],"2":[0,8],"3":[8,8],"4":[1,19,0],"5":[11,9],"6":[3,5]},"_coverageSchema":"1a1c01bbd47fc00a2c39e90264f33305004495a9","hash":"8ab39b1f37feec895546d24c1a14ea4d56c60d5e"}
,"/Users/shanebdavis/dev/genui/opensource/git-genui/source/jest/StandardImport.js": {"path":"/Users/shanebdavis/dev/genui/opensource/git-genui/source/jest/StandardImport.js","statementMap":{"0":{"start":{"line":2,"column":10},"end":{"line":2,"column":44}},"1":{"start":{"line":3,"column":0},"end":{"line":21,"column":3}},"2":{"start":{"line":4,"column":15},"end":{"line":4,"column":28}},"3":{"start":{"line":6,"column":2},"end":{"line":20,"column":4}},"4":{"start":{"line":12,"column":8},"end":{"line":17,"column":15}},"5":{"start":{"line":13,"column":35},"end":{"line":13,"column":49}},"6":{"start":{"line":15,"column":14},"end":{"line":15,"column":18}},"7":{"start":{"line":16,"column":14},"end":{"line":16,"column":31}}},"fnMap":{"0":{"name":"(anonymous_0)","decl":{"start":{"line":3,"column":19},"end":{"line":3,"column":20}},"loc":{"start":{"line":3,"column":25},"end":{"line":21,"column":1}},"line":3},"1":{"name":"(anonymous_1)","decl":{"start":{"line":11,"column":28},"end":{"line":11,"column":29}},"loc":{"start":{"line":11,"column":43},"end":{"line":18,"column":7}},"line":11},"2":{"name":"(anonymous_2)","decl":{"start":{"line":13,"column":25},"end":{"line":13,"column":26}},"loc":{"start":{"line":13,"column":35},"end":{"line":13,"column":49}},"line":13},"3":{"name":"(anonymous_3)","decl":{"start":{"line":14,"column":31},"end":{"line":14,"column":32}},"loc":{"start":{"line":14,"column":37},"end":{"line":17,"column":13}},"line":14}},"branchMap":{"0":{"loc":{"start":{"line":12,"column":15},"end":{"line":17,"column":14}},"type":"cond-expr","locations":[{"start":{"line":13,"column":12},"end":{"line":13,"column":50}},{"start":{"line":14,"column":12},"end":{"line":17,"column":14}}],"line":12}},"s":{"0":9,"1":9,"2":9,"3":9,"4":11,"5":5,"6":8,"7":8},"f":{"0":9,"1":11,"2":5,"3":8},"b":{"0":[3,8]},"_coverageSchema":"1a1c01bbd47fc00a2c39e90264f33305004495a9","hash":"c0767d6a9672258a62ae07d2259945b688d0e458"}
}
