{"/Users/shanebdavis/dev/genui/opensource/git-genui/source/index.js": {"path":"/Users/shanebdavis/dev/genui/opensource/git-genui/source/index.js","statementMap":{"0":{"start":{"line":2,"column":10},"end":{"line":2,"column":44}},"1":{"start":{"line":3,"column":0},"end":{"line":5,"column":3}},"2":{"start":{"line":4,"column":2},"end":{"line":4,"column":31}}},"fnMap":{"0":{"name":"(anonymous_0)","decl":{"start":{"line":3,"column":19},"end":{"line":3,"column":20}},"loc":{"start":{"line":3,"column":25},"end":{"line":5,"column":1}},"line":3}},"branchMap":{},"s":{"0":6,"1":6,"2":6},"f":{"0":6},"b":{},"_coverageSchema":"1a1c01bbd47fc00a2c39e90264f33305004495a9","hash":"7b029d3c8d12c5e1352cf82186392a32eec9f083"}
,"/Users/shanebdavis/dev/genui/opensource/git-genui/source/GitGenUi/Cli.js": {"path":"/Users/shanebdavis/dev/genui/opensource/git-genui/source/GitGenUi/Cli.js","statementMap":{"0":{"start":{"line":2,"column":10},"end":{"line":2,"column":44}},"1":{"start":{"line":3,"column":0},"end":{"line":43,"column":3}},"2":{"start":{"line":4,"column":2},"end":{"line":42,"column":4}},"3":{"start":{"line":8,"column":6},"end":{"line":40,"column":8}},"4":{"start":{"line":10,"column":10},"end":{"line":38,"column":15}},"5":{"start":{"line":13,"column":14},"end":{"line":13,"column":62}},"6":{"start":{"line":17,"column":14},"end":{"line":19,"column":16}},"7":{"start":{"line":18,"column":16},"end":{"line":18,"column":45}},"8":{"start":{"line":20,"column":14},"end":{"line":37,"column":17}},"9":{"start":{"line":21,"column":69},"end":{"line":31,"column":17}},"10":{"start":{"line":22,"column":18},"end":{"line":29,"column":22}},"11":{"start":{"line":30,"column":18},"end":{"line":30,"column":37}},"12":{"start":{"line":35,"column":54},"end":{"line":35,"column":73}}},"fnMap":{"0":{"name":"(anonymous_0)","decl":{"start":{"line":3,"column":19},"end":{"line":3,"column":20}},"loc":{"start":{"line":3,"column":25},"end":{"line":43,"column":1}},"line":3},"1":{"name":"(anonymous_1)","decl":{"start":{"line":7,"column":4},"end":{"line":7,"column":5}},"loc":{"start":{"line":7,"column":38},"end":{"line":41,"column":5}},"line":7},"2":{"name":"(anonymous_2)","decl":{"start":{"line":9,"column":13},"end":{"line":9,"column":14}},"loc":{"start":{"line":9,"column":24},"end":{"line":39,"column":9}},"line":9},"3":{"name":"(anonymous_3)","decl":{"start":{"line":12,"column":18},"end":{"line":12,"column":19}},"loc":{"start":{"line":13,"column":14},"end":{"line":13,"column":62}},"line":13},"4":{"name":"(anonymous_4)","decl":{"start":{"line":15,"column":18},"end":{"line":15,"column":19}},"loc":{"start":{"line":15,"column":24},"end":{"line":38,"column":13}},"line":15},"5":{"name":"(anonymous_5)","decl":{"start":{"line":17,"column":73},"end":{"line":17,"column":74}},"loc":{"start":{"line":18,"column":16},"end":{"line":18,"column":45}},"line":18},"6":{"name":"(anonymous_6)","decl":{"start":{"line":21,"column":47},"end":{"line":21,"column":48}},"loc":{"start":{"line":21,"column":69},"end":{"line":31,"column":17}},"line":21},"7":{"name":"(anonymous_7)","decl":{"start":{"line":21,"column":69},"end":{"line":21,"column":70}},"loc":{"start":{"line":21,"column":79},"end":{"line":31,"column":17}},"line":21},"8":{"name":"(anonymous_8)","decl":{"start":{"line":35,"column":49},"end":{"line":35,"column":50}},"loc":{"start":{"line":35,"column":54},"end":{"line":35,"column":73}},"line":35}},"branchMap":{"0":{"loc":{"start":{"line":22,"column":18},"end":{"line":29,"column":21}},"type":"binary-expr","locations":[{"start":{"line":22,"column":18},"end":{"line":22,"column":31}},{"start":{"line":23,"column":20},"end":{"line":29,"column":21}}],"line":22}},"s":{"0":6,"1":6,"2":6,"3":6,"4":0,"5":0,"6":0,"7":0,"8":0,"9":0,"10":0,"11":0,"12":0},"f":{"0":6,"1":6,"2":0,"3":0,"4":0,"5":0,"6":0,"7":0,"8":0},"b":{"0":[0,0]},"_coverageSchema":"1a1c01bbd47fc00a2c39e90264f33305004495a9","hash":"cb5260df9ce1c58f339f7cf1e610deb93ef35aa1"}
,"/Users/shanebdavis/dev/genui/opensource/git-genui/source/GitGenUi/CommitStateLib.js": {"path":"/Users/shanebdavis/dev/genui/opensource/git-genui/source/GitGenUi/CommitStateLib.js","statementMap":{"0":{"start":{"line":2,"column":10},"end":{"line":2,"column":44}},"1":{"start":{"line":3,"column":0},"end":{"line":62,"column":3}},"2":{"start":{"line":4,"column":2},"end":{"line":61,"column":4}},"3":{"start":{"line":13,"column":6},"end":{"line":59,"column":8}},"4":{"start":{"line":16,"column":10},"end":{"line":37,"column":11}},"5":{"start":{"line":17,"column":12},"end":{"line":36,"column":14}},"6":{"start":{"line":38,"column":10},"end":{"line":38,"column":23}},"7":{"start":{"line":41,"column":10},"end":{"line":57,"column":12}},"8":{"start":{"line":47,"column":61},"end":{"line":47,"column":76}},"9":{"start":{"line":49,"column":61},"end":{"line":49,"column":76}},"10":{"start":{"line":51,"column":61},"end":{"line":51,"column":78}},"11":{"start":{"line":53,"column":61},"end":{"line":53,"column":76}}},"fnMap":{"0":{"name":"(anonymous_0)","decl":{"start":{"line":3,"column":19},"end":{"line":3,"column":20}},"loc":{"start":{"line":3,"column":25},"end":{"line":62,"column":1}},"line":3},"1":{"name":"(anonymous_1)","decl":{"start":{"line":12,"column":4},"end":{"line":12,"column":5}},"loc":{"start":{"line":12,"column":63},"end":{"line":60,"column":5}},"line":12},"2":{"name":"(anonymous_2)","decl":{"start":{"line":14,"column":19},"end":{"line":14,"column":20}},"loc":{"start":{"line":14,"column":35},"end":{"line":39,"column":9}},"line":14},"3":{"name":"(anonymous_3)","decl":{"start":{"line":40,"column":31},"end":{"line":40,"column":32}},"loc":{"start":{"line":40,"column":54},"end":{"line":58,"column":9}},"line":40},"4":{"name":"(anonymous_4)","decl":{"start":{"line":47,"column":55},"end":{"line":47,"column":56}},"loc":{"start":{"line":47,"column":61},"end":{"line":47,"column":76}},"line":47},"5":{"name":"(anonymous_5)","decl":{"start":{"line":49,"column":55},"end":{"line":49,"column":56}},"loc":{"start":{"line":49,"column":61},"end":{"line":49,"column":76}},"line":49},"6":{"name":"(anonymous_6)","decl":{"start":{"line":51,"column":55},"end":{"line":51,"column":56}},"loc":{"start":{"line":51,"column":61},"end":{"line":51,"column":78}},"line":51},"7":{"name":"(anonymous_7)","decl":{"start":{"line":53,"column":55},"end":{"line":53,"column":56}},"loc":{"start":{"line":53,"column":61},"end":{"line":53,"column":76}},"line":53}},"branchMap":{"0":{"loc":{"start":{"line":16,"column":10},"end":{"line":37,"column":11}},"type":"if","locations":[{"start":{"line":16,"column":10},"end":{"line":37,"column":11}},{"start":{"line":16,"column":10},"end":{"line":37,"column":11}}],"line":16},"1":{"loc":{"start":{"line":40,"column":40},"end":{"line":40,"column":52}},"type":"default-arg","locations":[{"start":{"line":40,"column":50},"end":{"line":40,"column":52}}],"line":40},"2":{"loc":{"start":{"line":43,"column":22},"end":{"line":45,"column":48}},"type":"cond-expr","locations":[{"start":{"line":44,"column":18},"end":{"line":44,"column":41}},{"start":{"line":45,"column":18},"end":{"line":45,"column":48}}],"line":43},"3":{"loc":{"start":{"line":47,"column":16},"end":{"line":47,"column":77}},"type":"binary-expr","locations":[{"start":{"line":47,"column":16},"end":{"line":47,"column":34}},{"start":{"line":47,"column":38},"end":{"line":47,"column":77}}],"line":47},"4":{"loc":{"start":{"line":49,"column":16},"end":{"line":49,"column":77}},"type":"binary-expr","locations":[{"start":{"line":49,"column":16},"end":{"line":49,"column":34}},{"start":{"line":49,"column":38},"end":{"line":49,"column":77}}],"line":49},"5":{"loc":{"start":{"line":51,"column":16},"end":{"line":51,"column":79}},"type":"binary-expr","locations":[{"start":{"line":51,"column":16},"end":{"line":51,"column":34}},{"start":{"line":51,"column":38},"end":{"line":51,"column":79}}],"line":51},"6":{"loc":{"start":{"line":53,"column":16},"end":{"line":53,"column":77}},"type":"binary-expr","locations":[{"start":{"line":53,"column":16},"end":{"line":53,"column":34}},{"start":{"line":53,"column":38},"end":{"line":53,"column":77}}],"line":53}},"s":{"0":6,"1":6,"2":6,"3":6,"4":0,"5":0,"6":0,"7":0,"8":0,"9":0,"10":0,"11":0},"f":{"0":6,"1":6,"2":0,"3":0,"4":0,"5":0,"6":0,"7":0},"b":{"0":[0,0],"1":[0],"2":[0,0],"3":[0,0],"4":[0,0],"5":[0,0],"6":[0,0]},"_coverageSchema":"1a1c01bbd47fc00a2c39e90264f33305004495a9","hash":"28c6ef0398ed329c93ce9c09bbf888d9dd216858"}
,"/Users/shanebdavis/dev/genui/opensource/git-genui/source/GitGenUi/CommitTypes.js": {"path":"/Users/shanebdavis/dev/genui/opensource/git-genui/source/GitGenUi/CommitTypes.js","statementMap":{"0":{"start":{"line":2,"column":10},"end":{"line":2,"column":44}},"1":{"start":{"line":3,"column":0},"end":{"line":15,"column":3}},"2":{"start":{"line":4,"column":2},"end":{"line":14,"column":4}},"3":{"start":{"line":8,"column":6},"end":{"line":12,"column":8}},"4":{"start":{"line":9,"column":8},"end":{"line":11,"column":45}}},"fnMap":{"0":{"name":"(anonymous_0)","decl":{"start":{"line":3,"column":19},"end":{"line":3,"column":20}},"loc":{"start":{"line":3,"column":25},"end":{"line":15,"column":1}},"line":3},"1":{"name":"(anonymous_1)","decl":{"start":{"line":7,"column":4},"end":{"line":7,"column":5}},"loc":{"start":{"line":7,"column":21},"end":{"line":13,"column":5}},"line":7},"2":{"name":"(anonymous_2)","decl":{"start":{"line":8,"column":13},"end":{"line":8,"column":14}},"loc":{"start":{"line":8,"column":24},"end":{"line":12,"column":7}},"line":8}},"branchMap":{"0":{"loc":{"start":{"line":9,"column":15},"end":{"line":11,"column":44}},"type":"cond-expr","locations":[{"start":{"line":10,"column":12},"end":{"line":10,"column":48}},{"start":{"line":11,"column":12},"end":{"line":11,"column":44}}],"line":9}},"s":{"0":6,"1":6,"2":6,"3":6,"4":0},"f":{"0":6,"1":6,"2":0},"b":{"0":[0,0]},"_coverageSchema":"1a1c01bbd47fc00a2c39e90264f33305004495a9","hash":"1b3ade54353de684d49b9e05954d28ae621cf981"}
,"/Users/shanebdavis/dev/genui/opensource/git-genui/source/GitGenUi/ConventionalCommitTypes.js": {"path":"/Users/shanebdavis/dev/genui/opensource/git-genui/source/GitGenUi/ConventionalCommitTypes.js","statementMap":{"0":{"start":{"line":2,"column":10},"end":{"line":2,"column":44}},"1":{"start":{"line":3,"column":0},"end":{"line":5,"column":3}},"2":{"start":{"line":4,"column":2},"end":{"line":4,"column":573}}},"fnMap":{"0":{"name":"(anonymous_0)","decl":{"start":{"line":3,"column":19},"end":{"line":3,"column":20}},"loc":{"start":{"line":3,"column":25},"end":{"line":5,"column":1}},"line":3}},"branchMap":{},"s":{"0":6,"1":6,"2":6},"f":{"0":6},"b":{},"_coverageSchema":"1a1c01bbd47fc00a2c39e90264f33305004495a9","hash":"26203e5148ccaf6db03130856ac49bdb9ff12a71"}
,"/Users/shanebdavis/dev/genui/opensource/git-genui/source/GitGenUi/Git.js": {"path":"/Users/shanebdavis/dev/genui/opensource/git-genui/source/GitGenUi/Git.js","statementMap":{"0":{"start":{"line":2,"column":10},"end":{"line":2,"column":44}},"1":{"start":{"line":3,"column":0},"end":{"line":272,"column":3}},"2":{"start":{"line":4,"column":2},"end":{"line":271,"column":4}},"3":{"start":{"line":37,"column":6},"end":{"line":37,"column":50}},"4":{"start":{"line":38,"column":6},"end":{"line":269,"column":10}},"5":{"start":{"line":44,"column":8},"end":{"line":48,"column":10}},"6":{"start":{"line":45,"column":10},"end":{"line":47,"column":12}},"7":{"start":{"line":45,"column":36},"end":{"line":45,"column":58}},"8":{"start":{"line":46,"column":25},"end":{"line":46,"column":28}},"9":{"start":{"line":49,"column":8},"end":{"line":78,"column":10}},"10":{"start":{"line":51,"column":10},"end":{"line":53,"column":11}},"11":{"start":{"line":52,"column":12},"end":{"line":52,"column":26}},"12":{"start":{"line":54,"column":10},"end":{"line":54,"column":22}},"13":{"start":{"line":55,"column":10},"end":{"line":55,"column":24}},"14":{"start":{"line":56,"column":10},"end":{"line":56,"column":25}},"15":{"start":{"line":57,"column":10},"end":{"line":68,"column":13}},"16":{"start":{"line":58,"column":12},"end":{"line":62,"column":13}},"17":{"start":{"line":59,"column":14},"end":{"line":61,"column":16}},"18":{"start":{"line":63,"column":12},"end":{"line":67,"column":26}},"19":{"start":{"line":69,"column":10},"end":{"line":77,"column":12}},"20":{"start":{"line":79,"column":8},"end":{"line":85,"column":10}},"21":{"start":{"line":81,"column":10},"end":{"line":81,"column":61}},"22":{"start":{"line":82,"column":10},"end":{"line":84,"column":70}},"23":{"start":{"line":83,"column":12},"end":{"line":83,"column":52}},"24":{"start":{"line":84,"column":27},"end":{"line":84,"column":68}},"25":{"start":{"line":86,"column":8},"end":{"line":88,"column":10}},"26":{"start":{"line":87,"column":10},"end":{"line":87,"column":74}},"27":{"start":{"line":87,"column":36},"end":{"line":87,"column":72}},"28":{"start":{"line":89,"column":8},"end":{"line":93,"column":10}},"29":{"start":{"line":90,"column":10},"end":{"line":92,"column":12}},"30":{"start":{"line":91,"column":12},"end":{"line":91,"column":63}},"31":{"start":{"line":94,"column":8},"end":{"line":141,"column":11}},"32":{"start":{"line":96,"column":12},"end":{"line":98,"column":14}},"33":{"start":{"line":97,"column":14},"end":{"line":97,"column":26}},"34":{"start":{"line":101,"column":12},"end":{"line":101,"column":66}},"35":{"start":{"line":101,"column":38},"end":{"line":101,"column":64}},"36":{"start":{"line":104,"column":12},"end":{"line":110,"column":14}},"37":{"start":{"line":105,"column":14},"end":{"line":109,"column":15}},"38":{"start":{"line":107,"column":26},"end":{"line":107,"column":43}},"39":{"start":{"line":108,"column":26},"end":{"line":108,"column":50}},"40":{"start":{"line":113,"column":12},"end":{"line":122,"column":15}},"41":{"start":{"line":115,"column":14},"end":{"line":115,"column":32}},"42":{"start":{"line":116,"column":14},"end":{"line":121,"column":24}},"43":{"start":{"line":117,"column":16},"end":{"line":117,"column":57}},"44":{"start":{"line":118,"column":16},"end":{"line":118,"column":48}},"45":{"start":{"line":125,"column":12},"end":{"line":138,"column":14}},"46":{"start":{"line":125,"column":38},"end":{"line":125,"column":56}},"47":{"start":{"line":126,"column":14},"end":{"line":137,"column":16}},"48":{"start":{"line":128,"column":16},"end":{"line":128,"column":30}},"49":{"start":{"line":129,"column":16},"end":{"line":136,"column":27}},"50":{"start":{"line":131,"column":22},"end":{"line":134,"column":24}},"51":{"start":{"line":140,"column":24},"end":{"line":140,"column":68}},"52":{"start":{"line":142,"column":8},"end":{"line":150,"column":10}},"53":{"start":{"line":151,"column":8},"end":{"line":153,"column":10}},"54":{"start":{"line":152,"column":10},"end":{"line":152,"column":41}},"55":{"start":{"line":154,"column":8},"end":{"line":268,"column":10}},"56":{"start":{"line":156,"column":10},"end":{"line":164,"column":12}},"57":{"start":{"line":165,"column":10},"end":{"line":173,"column":12}},"58":{"start":{"line":174,"column":10},"end":{"line":267,"column":40}},"59":{"start":{"line":182,"column":14},"end":{"line":190,"column":15}},"60":{"start":{"line":183,"column":16},"end":{"line":189,"column":19}},"61":{"start":{"line":191,"column":14},"end":{"line":202,"column":15}},"62":{"start":{"line":192,"column":16},"end":{"line":192,"column":76}},"63":{"start":{"line":194,"column":16},"end":{"line":194,"column":32}},"64":{"start":{"line":195,"column":16},"end":{"line":201,"column":18}},"65":{"start":{"line":196,"column":18},"end":{"line":200,"column":19}},"66":{"start":{"line":203,"column":14},"end":{"line":205,"column":16}},"67":{"start":{"line":206,"column":14},"end":{"line":208,"column":16}},"68":{"start":{"line":209,"column":14},"end":{"line":209,"column":73}},"69":{"start":{"line":210,"column":14},"end":{"line":213,"column":20}},"70":{"start":{"line":211,"column":16},"end":{"line":213,"column":19}},"71":{"start":{"line":214,"column":14},"end":{"line":214,"column":57}},"72":{"start":{"line":215,"column":14},"end":{"line":232,"column":15}},"73":{"start":{"line":216,"column":16},"end":{"line":222,"column":18}},"74":{"start":{"line":223,"column":16},"end":{"line":231,"column":18}},"75":{"start":{"line":225,"column":20},"end":{"line":227,"column":53}},"76":{"start":{"line":233,"column":14},"end":{"line":248,"column":15}},"77":{"start":{"line":234,"column":16},"end":{"line":240,"column":18}},"78":{"start":{"line":241,"column":16},"end":{"line":247,"column":18}},"79":{"start":{"line":243,"column":48},"end":{"line":243,"column":63}},"80":{"start":{"line":249,"column":14},"end":{"line":264,"column":15}},"81":{"start":{"line":250,"column":16},"end":{"line":256,"column":18}},"82":{"start":{"line":257,"column":16},"end":{"line":263,"column":18}},"83":{"start":{"line":259,"column":49},"end":{"line":259,"column":64}},"84":{"start":{"line":265,"column":14},"end":{"line":265,"column":29}},"85":{"start":{"line":267,"column":32},"end":{"line":267,"column":38}}},"fnMap":{"0":{"name":"(anonymous_0)","decl":{"start":{"line":3,"column":19},"end":{"line":3,"column":20}},"loc":{"start":{"line":3,"column":25},"end":{"line":272,"column":1}},"line":3},"1":{"name":"(anonymous_1)","decl":{"start":{"line":21,"column":4},"end":{"line":21,"column":5}},"loc":{"start":{"line":35,"column":9},"end":{"line":270,"column":5}},"line":35},"2":{"name":"(anonymous_2)","decl":{"start":{"line":38,"column":65},"end":{"line":38,"column":66}},"loc":{"start":{"line":42,"column":8},"end":{"line":269,"column":7}},"line":42},"3":{"name":"(anonymous_3)","decl":{"start":{"line":44,"column":28},"end":{"line":44,"column":29}},"loc":{"start":{"line":44,"column":39},"end":{"line":48,"column":9}},"line":44},"4":{"name":"(anonymous_4)","decl":{"start":{"line":45,"column":30},"end":{"line":45,"column":31}},"loc":{"start":{"line":45,"column":36},"end":{"line":45,"column":58}},"line":45},"5":{"name":"(anonymous_5)","decl":{"start":{"line":46,"column":12},"end":{"line":46,"column":13}},"loc":{"start":{"line":46,"column":25},"end":{"line":46,"column":28}},"line":46},"6":{"name":"(anonymous_6)","decl":{"start":{"line":49,"column":34},"end":{"line":49,"column":35}},"loc":{"start":{"line":49,"column":51},"end":{"line":78,"column":9}},"line":49},"7":{"name":"(anonymous_7)","decl":{"start":{"line":57,"column":34},"end":{"line":57,"column":35}},"loc":{"start":{"line":57,"column":42},"end":{"line":68,"column":11}},"line":57},"8":{"name":"(anonymous_8)","decl":{"start":{"line":79,"column":22},"end":{"line":79,"column":23}},"loc":{"start":{"line":79,"column":33},"end":{"line":85,"column":9}},"line":79},"9":{"name":"(anonymous_9)","decl":{"start":{"line":82,"column":30},"end":{"line":82,"column":31}},"loc":{"start":{"line":83,"column":12},"end":{"line":83,"column":52}},"line":83},"10":{"name":"(anonymous_10)","decl":{"start":{"line":84,"column":17},"end":{"line":84,"column":18}},"loc":{"start":{"line":84,"column":27},"end":{"line":84,"column":68}},"line":84},"11":{"name":"(anonymous_11)","decl":{"start":{"line":86,"column":21},"end":{"line":86,"column":22}},"loc":{"start":{"line":86,"column":40},"end":{"line":88,"column":9}},"line":86},"12":{"name":"(anonymous_12)","decl":{"start":{"line":87,"column":30},"end":{"line":87,"column":31}},"loc":{"start":{"line":87,"column":36},"end":{"line":87,"column":72}},"line":87},"13":{"name":"(anonymous_13)","decl":{"start":{"line":89,"column":23},"end":{"line":89,"column":24}},"loc":{"start":{"line":89,"column":42},"end":{"line":93,"column":9}},"line":89},"14":{"name":"(anonymous_14)","decl":{"start":{"line":90,"column":30},"end":{"line":90,"column":31}},"loc":{"start":{"line":91,"column":12},"end":{"line":91,"column":63}},"line":91},"15":{"name":"(anonymous_15)","decl":{"start":{"line":95,"column":17},"end":{"line":95,"column":18}},"loc":{"start":{"line":95,"column":28},"end":{"line":99,"column":11}},"line":95},"16":{"name":"(anonymous_16)","decl":{"start":{"line":96,"column":64},"end":{"line":96,"column":65}},"loc":{"start":{"line":97,"column":14},"end":{"line":97,"column":26}},"line":97},"17":{"name":"(anonymous_17)","decl":{"start":{"line":100,"column":19},"end":{"line":100,"column":20}},"loc":{"start":{"line":100,"column":30},"end":{"line":102,"column":11}},"line":100},"18":{"name":"(anonymous_18)","decl":{"start":{"line":101,"column":32},"end":{"line":101,"column":33}},"loc":{"start":{"line":101,"column":38},"end":{"line":101,"column":64}},"line":101},"19":{"name":"(anonymous_19)","decl":{"start":{"line":103,"column":18},"end":{"line":103,"column":19}},"loc":{"start":{"line":103,"column":29},"end":{"line":111,"column":11}},"line":103},"20":{"name":"(anonymous_20)","decl":{"start":{"line":104,"column":37},"end":{"line":104,"column":38}},"loc":{"start":{"line":105,"column":14},"end":{"line":109,"column":15}},"line":105},"21":{"name":"(anonymous_21)","decl":{"start":{"line":107,"column":16},"end":{"line":107,"column":17}},"loc":{"start":{"line":107,"column":26},"end":{"line":107,"column":43}},"line":107},"22":{"name":"(anonymous_22)","decl":{"start":{"line":108,"column":16},"end":{"line":108,"column":17}},"loc":{"start":{"line":108,"column":26},"end":{"line":108,"column":50}},"line":108},"23":{"name":"(anonymous_23)","decl":{"start":{"line":112,"column":19},"end":{"line":112,"column":20}},"loc":{"start":{"line":112,"column":30},"end":{"line":123,"column":11}},"line":112},"24":{"name":"(anonymous_24)","decl":{"start":{"line":113,"column":37},"end":{"line":113,"column":38}},"loc":{"start":{"line":113,"column":48},"end":{"line":122,"column":13}},"line":113},"25":{"name":"(anonymous_25)","decl":{"start":{"line":116,"column":53},"end":{"line":116,"column":54}},"loc":{"start":{"line":116,"column":63},"end":{"line":119,"column":15}},"line":116},"26":{"name":"(anonymous_26)","decl":{"start":{"line":124,"column":21},"end":{"line":124,"column":22}},"loc":{"start":{"line":124,"column":32},"end":{"line":139,"column":11}},"line":124},"27":{"name":"(anonymous_27)","decl":{"start":{"line":125,"column":32},"end":{"line":125,"column":33}},"loc":{"start":{"line":125,"column":38},"end":{"line":125,"column":56}},"line":125},"28":{"name":"(anonymous_28)","decl":{"start":{"line":125,"column":63},"end":{"line":125,"column":64}},"loc":{"start":{"line":126,"column":14},"end":{"line":137,"column":16}},"line":126},"29":{"name":"(anonymous_29)","decl":{"start":{"line":126,"column":41},"end":{"line":126,"column":42}},"loc":{"start":{"line":126,"column":46},"end":{"line":137,"column":15}},"line":126},"30":{"name":"(anonymous_30)","decl":{"start":{"line":130,"column":48},"end":{"line":130,"column":49}},"loc":{"start":{"line":131,"column":22},"end":{"line":134,"column":24}},"line":131},"31":{"name":"(anonymous_31)","decl":{"start":{"line":140,"column":18},"end":{"line":140,"column":19}},"loc":{"start":{"line":140,"column":24},"end":{"line":140,"column":68}},"line":140},"32":{"name":"(anonymous_32)","decl":{"start":{"line":151,"column":23},"end":{"line":151,"column":24}},"loc":{"start":{"line":151,"column":44},"end":{"line":153,"column":9}},"line":151},"33":{"name":"(anonymous_33)","decl":{"start":{"line":154,"column":27},"end":{"line":154,"column":28}},"loc":{"start":{"line":154,"column":45},"end":{"line":268,"column":9}},"line":154},"34":{"name":"(anonymous_34)","decl":{"start":{"line":180,"column":17},"end":{"line":180,"column":18}},"loc":{"start":{"line":180,"column":55},"end":{"line":266,"column":13}},"line":180},"35":{"name":"(anonymous_35)","decl":{"start":{"line":195,"column":35},"end":{"line":195,"column":36}},"loc":{"start":{"line":196,"column":18},"end":{"line":200,"column":19}},"line":196},"36":{"name":"(anonymous_36)","decl":{"start":{"line":210,"column":26},"end":{"line":210,"column":27}},"loc":{"start":{"line":211,"column":16},"end":{"line":213,"column":19}},"line":211},"37":{"name":"(anonymous_37)","decl":{"start":{"line":224,"column":36},"end":{"line":224,"column":37}},"loc":{"start":{"line":225,"column":20},"end":{"line":227,"column":53}},"line":225},"38":{"name":"(anonymous_38)","decl":{"start":{"line":243,"column":40},"end":{"line":243,"column":41}},"loc":{"start":{"line":243,"column":48},"end":{"line":243,"column":63}},"line":243},"39":{"name":"(anonymous_39)","decl":{"start":{"line":259,"column":41},"end":{"line":259,"column":42}},"loc":{"start":{"line":259,"column":49},"end":{"line":259,"column":64}},"line":259},"40":{"name":"(anonymous_40)","decl":{"start":{"line":267,"column":18},"end":{"line":267,"column":19}},"loc":{"start":{"line":267,"column":32},"end":{"line":267,"column":38}},"line":267}},"branchMap":{"0":{"loc":{"start":{"line":51,"column":10},"end":{"line":53,"column":11}},"type":"if","locations":[{"start":{"line":51,"column":10},"end":{"line":53,"column":11}},{"start":{"line":51,"column":10},"end":{"line":53,"column":11}}],"line":51},"1":{"loc":{"start":{"line":58,"column":12},"end":{"line":62,"column":13}},"type":"if","locations":[{"start":{"line":58,"column":12},"end":{"line":62,"column":13}},{"start":{"line":58,"column":12},"end":{"line":62,"column":13}}],"line":58},"2":{"loc":{"start":{"line":58,"column":16},"end":{"line":58,"column":56}},"type":"binary-expr","locations":[{"start":{"line":58,"column":16},"end":{"line":58,"column":26}},{"start":{"line":58,"column":30},"end":{"line":58,"column":56}}],"line":58},"3":{"loc":{"start":{"line":60,"column":38},"end":{"line":60,"column":67}},"type":"binary-expr","locations":[{"start":{"line":60,"column":38},"end":{"line":60,"column":53}},{"start":{"line":60,"column":57},"end":{"line":60,"column":67}}],"line":60},"4":{"loc":{"start":{"line":63,"column":19},"end":{"line":67,"column":25}},"type":"cond-expr","locations":[{"start":{"line":64,"column":16},"end":{"line":66,"column":73}},{"start":{"line":67,"column":16},"end":{"line":67,"column":25}}],"line":63},"5":{"loc":{"start":{"line":64,"column":16},"end":{"line":66,"column":73}},"type":"cond-expr","locations":[{"start":{"line":65,"column":18},"end":{"line":65,"column":74}},{"start":{"line":66,"column":18},"end":{"line":66,"column":73}}],"line":64},"6":{"loc":{"start":{"line":116,"column":21},"end":{"line":121,"column":23}},"type":"cond-expr","locations":[{"start":{"line":120,"column":18},"end":{"line":120,"column":22}},{"start":{"line":121,"column":18},"end":{"line":121,"column":23}}],"line":116},"7":{"loc":{"start":{"line":117,"column":16},"end":{"line":117,"column":56}},"type":"cond-expr","locations":[{"start":{"line":117,"column":32},"end":{"line":117,"column":37}},{"start":{"line":117,"column":41},"end":{"line":117,"column":55}}],"line":117},"8":{"loc":{"start":{"line":129,"column":23},"end":{"line":136,"column":26}},"type":"cond-expr","locations":[{"start":{"line":130,"column":21},"end":{"line":135,"column":21}},{"start":{"line":136,"column":20},"end":{"line":136,"column":26}}],"line":129},"9":{"loc":{"start":{"line":182,"column":14},"end":{"line":190,"column":15}},"type":"if","locations":[{"start":{"line":182,"column":14},"end":{"line":190,"column":15}},{"start":{"line":182,"column":14},"end":{"line":190,"column":15}}],"line":182},"10":{"loc":{"start":{"line":182,"column":18},"end":{"line":182,"column":56}},"type":"binary-expr","locations":[{"start":{"line":182,"column":18},"end":{"line":182,"column":37}},{"start":{"line":182,"column":41},"end":{"line":182,"column":56}}],"line":182},"11":{"loc":{"start":{"line":191,"column":14},"end":{"line":202,"column":15}},"type":"if","locations":[{"start":{"line":191,"column":14},"end":{"line":202,"column":15}},{"start":{"line":191,"column":14},"end":{"line":202,"column":15}}],"line":191},"12":{"loc":{"start":{"line":215,"column":14},"end":{"line":232,"column":15}},"type":"if","locations":[{"start":{"line":215,"column":14},"end":{"line":232,"column":15}},{"start":{"line":215,"column":14},"end":{"line":232,"column":15}}],"line":215},"13":{"loc":{"start":{"line":225,"column":20},"end":{"line":227,"column":53}},"type":"cond-expr","locations":[{"start":{"line":226,"column":24},"end":{"line":226,"column":54}},{"start":{"line":227,"column":24},"end":{"line":227,"column":53}}],"line":225},"14":{"loc":{"start":{"line":225,"column":20},"end":{"line":225,"column":75}},"type":"binary-expr","locations":[{"start":{"line":225,"column":20},"end":{"line":225,"column":46}},{"start":{"line":225,"column":50},"end":{"line":225,"column":75}}],"line":225},"15":{"loc":{"start":{"line":233,"column":14},"end":{"line":248,"column":15}},"type":"if","locations":[{"start":{"line":233,"column":14},"end":{"line":248,"column":15}},{"start":{"line":233,"column":14},"end":{"line":248,"column":15}}],"line":233},"16":{"loc":{"start":{"line":249,"column":14},"end":{"line":264,"column":15}},"type":"if","locations":[{"start":{"line":249,"column":14},"end":{"line":264,"column":15}},{"start":{"line":249,"column":14},"end":{"line":264,"column":15}}],"line":249}},"s":{"0":6,"1":6,"2":6,"3":6,"4":6,"5":6,"6":0,"7":0,"8":0,"9":6,"10":1,"11":0,"12":1,"13":1,"14":1,"15":1,"16":69,"17":0,"18":69,"19":1,"20":6,"21":0,"22":0,"23":0,"24":0,"25":6,"26":0,"27":0,"28":6,"29":0,"30":0,"31":6,"32":0,"33":0,"34":5,"35":5,"36":2,"37":2,"38":2,"39":2,"40":1,"41":1,"42":1,"43":1,"44":1,"45":1,"46":1,"47":1,"48":12,"49":12,"50":69,"51":1,"52":6,"53":6,"54":138,"55":6,"56":0,"57":0,"58":0,"59":0,"60":0,"61":0,"62":0,"63":0,"64":0,"65":0,"66":0,"67":0,"68":0,"69":0,"70":0,"71":0,"72":0,"73":0,"74":0,"75":0,"76":0,"77":0,"78":0,"79":0,"80":0,"81":0,"82":0,"83":0,"84":0,"85":0},"f":{"0":6,"1":6,"2":6,"3":0,"4":0,"5":0,"6":1,"7":69,"8":0,"9":0,"10":0,"11":0,"12":0,"13":0,"14":0,"15":0,"16":0,"17":5,"18":5,"19":2,"20":2,"21":2,"22":2,"23":1,"24":1,"25":1,"26":1,"27":1,"28":1,"29":12,"30":69,"31":1,"32":138,"33":0,"34":0,"35":0,"36":0,"37":0,"38":0,"39":0,"40":0},"b":{"0":[0,1],"1":[0,69],"2":[69,25],"3":[0,0],"4":[69,0],"5":[25,44],"6":[1,0],"7":[0,1],"8":[1,11],"9":[0,0],"10":[0,0],"11":[0,0],"12":[0,0],"13":[0,0],"14":[0,0],"15":[0,0],"16":[0,0]},"_coverageSchema":"1a1c01bbd47fc00a2c39e90264f33305004495a9","hash":"5f6974d064313ecaa8400c285659ae4af7f54099"}
,"/Users/shanebdavis/dev/genui/opensource/git-genui/source/GitGenUi/GitGenUi.js": {"path":"/Users/shanebdavis/dev/genui/opensource/git-genui/source/GitGenUi/GitGenUi.js","statementMap":{"0":{"start":{"line":2,"column":10},"end":{"line":2,"column":44}},"1":{"start":{"line":3,"column":0},"end":{"line":5,"column":3}},"2":{"start":{"line":4,"column":2},"end":{"line":4,"column":46}}},"fnMap":{"0":{"name":"(anonymous_0)","decl":{"start":{"line":3,"column":19},"end":{"line":3,"column":20}},"loc":{"start":{"line":3,"column":25},"end":{"line":5,"column":1}},"line":3}},"branchMap":{},"s":{"0":6,"1":6,"2":6},"f":{"0":6},"b":{},"_coverageSchema":"1a1c01bbd47fc00a2c39e90264f33305004495a9","hash":"3c366f0a0051bfb57293bc7dac145faad254689e"}
,"/Users/shanebdavis/dev/genui/opensource/git-genui/source/GitGenUi/GitGenUiPromptFor.js": {"path":"/Users/shanebdavis/dev/genui/opensource/git-genui/source/GitGenUi/GitGenUiPromptFor.js","statementMap":{"0":{"start":{"line":2,"column":10},"end":{"line":2,"column":44}},"1":{"start":{"line":3,"column":0},"end":{"line":32,"column":3}},"2":{"start":{"line":4,"column":2},"end":{"line":31,"column":4}},"3":{"start":{"line":9,"column":6},"end":{"line":9,"column":61}},"4":{"start":{"line":10,"column":6},"end":{"line":29,"column":8}},"5":{"start":{"line":12,"column":10},"end":{"line":28,"column":11}},"6":{"start":{"line":13,"column":12},"end":{"line":27,"column":25}},"7":{"start":{"line":21,"column":24},"end":{"line":21,"column":68}},"8":{"start":{"line":26,"column":39},"end":{"line":26,"column":44}}},"fnMap":{"0":{"name":"(anonymous_0)","decl":{"start":{"line":3,"column":19},"end":{"line":3,"column":20}},"loc":{"start":{"line":3,"column":25},"end":{"line":32,"column":1}},"line":3},"1":{"name":"(anonymous_1)","decl":{"start":{"line":7,"column":4},"end":{"line":7,"column":5}},"loc":{"start":{"line":7,"column":33},"end":{"line":30,"column":5}},"line":7},"2":{"name":"(anonymous_2)","decl":{"start":{"line":11,"column":15},"end":{"line":11,"column":16}},"loc":{"start":{"line":12,"column":10},"end":{"line":28,"column":11}},"line":12},"3":{"name":"(anonymous_3)","decl":{"start":{"line":12,"column":23},"end":{"line":12,"column":24}},"loc":{"start":{"line":13,"column":12},"end":{"line":27,"column":25}},"line":13},"4":{"name":"(anonymous_4)","decl":{"start":{"line":20,"column":41},"end":{"line":20,"column":42}},"loc":{"start":{"line":20,"column":50},"end":{"line":22,"column":23}},"line":20},"5":{"name":"(anonymous_5)","decl":{"start":{"line":26,"column":24},"end":{"line":26,"column":25}},"loc":{"start":{"line":26,"column":39},"end":{"line":26,"column":44}},"line":26}},"branchMap":{"0":{"loc":{"start":{"line":13,"column":12},"end":{"line":27,"column":25}},"type":"cond-expr","locations":[{"start":{"line":14,"column":16},"end":{"line":26,"column":45}},{"start":{"line":27,"column":16},"end":{"line":27,"column":25}}],"line":13},"1":{"loc":{"start":{"line":16,"column":28},"end":{"line":16,"column":73}},"type":"cond-expr","locations":[{"start":{"line":16,"column":45},"end":{"line":16,"column":51}},{"start":{"line":16,"column":54},"end":{"line":16,"column":73}}],"line":16},"2":{"loc":{"start":{"line":17,"column":29},"end":{"line":17,"column":79}},"type":"cond-expr","locations":[{"start":{"line":17,"column":44},"end":{"line":17,"column":67}},{"start":{"line":17,"column":70},"end":{"line":17,"column":79}}],"line":17}},"s":{"0":6,"1":6,"2":6,"3":6,"4":6,"5":0,"6":0,"7":0,"8":0},"f":{"0":6,"1":6,"2":0,"3":0,"4":0,"5":0},"b":{"0":[0,0],"1":[0,0],"2":[0,0]},"_coverageSchema":"1a1c01bbd47fc00a2c39e90264f33305004495a9","hash":"ff470b664310eb20ac3b49527163688f15d8664a"}
,"/Users/shanebdavis/dev/genui/opensource/git-genui/source/GitGenUi/StandardCommitTypes.js": {"path":"/Users/shanebdavis/dev/genui/opensource/git-genui/source/GitGenUi/StandardCommitTypes.js","statementMap":{"0":{"start":{"line":2,"column":10},"end":{"line":2,"column":44}},"1":{"start":{"line":3,"column":0},"end":{"line":5,"column":3}},"2":{"start":{"line":4,"column":2},"end":{"line":4,"column":882}}},"fnMap":{"0":{"name":"(anonymous_0)","decl":{"start":{"line":3,"column":19},"end":{"line":3,"column":20}},"loc":{"start":{"line":3,"column":25},"end":{"line":5,"column":1}},"line":3}},"branchMap":{},"s":{"0":6,"1":6,"2":6},"f":{"0":6},"b":{},"_coverageSchema":"1a1c01bbd47fc00a2c39e90264f33305004495a9","hash":"8d55cd96571ab8efa0896d5cd615097b37f5f92b"}
,"/Users/shanebdavis/dev/genui/opensource/git-genui/source/GitGenUi/StandardImport.js": {"path":"/Users/shanebdavis/dev/genui/opensource/git-genui/source/GitGenUi/StandardImport.js","statementMap":{"0":{"start":{"line":2,"column":10},"end":{"line":2,"column":44}},"1":{"start":{"line":3,"column":0},"end":{"line":10,"column":3}},"2":{"start":{"line":4,"column":2},"end":{"line":9,"column":4}}},"fnMap":{"0":{"name":"(anonymous_0)","decl":{"start":{"line":3,"column":19},"end":{"line":3,"column":20}},"loc":{"start":{"line":3,"column":25},"end":{"line":10,"column":1}},"line":3}},"branchMap":{},"s":{"0":6,"1":6,"2":6},"f":{"0":6},"b":{},"_coverageSchema":"1a1c01bbd47fc00a2c39e90264f33305004495a9","hash":"ec73de01e4ddef57f13e2369b2ca54c9871f6661"}
,"/Users/shanebdavis/dev/genui/opensource/git-genui/source/GitGenUi/Tracker.js": {"path":"/Users/shanebdavis/dev/genui/opensource/git-genui/source/GitGenUi/Tracker.js","statementMap":{"0":{"start":{"line":2,"column":10},"end":{"line":2,"column":44}},"1":{"start":{"line":3,"column":0},"end":{"line":231,"column":3}},"2":{"start":{"line":4,"column":2},"end":{"line":230,"column":4}},"3":{"start":{"line":35,"column":6},"end":{"line":228,"column":9}},"4":{"start":{"line":38,"column":12},"end":{"line":38,"column":32}},"5":{"start":{"line":39,"column":12},"end":{"line":39,"column":49}},"6":{"start":{"line":40,"column":12},"end":{"line":40,"column":24}},"7":{"start":{"line":44,"column":10},"end":{"line":44,"column":32}},"8":{"start":{"line":45,"column":10},"end":{"line":47,"column":12}},"9":{"start":{"line":46,"column":12},"end":{"line":46,"column":68}},"10":{"start":{"line":48,"column":10},"end":{"line":102,"column":13}},"11":{"start":{"line":50,"column":14},"end":{"line":50,"column":54}},"12":{"start":{"line":53,"column":14},"end":{"line":53,"column":53}},"13":{"start":{"line":57,"column":14},"end":{"line":59,"column":35}},"14":{"start":{"line":63,"column":14},"end":{"line":65,"column":16}},"15":{"start":{"line":69,"column":14},"end":{"line":72,"column":16}},"16":{"start":{"line":76,"column":14},"end":{"line":79,"column":16}},"17":{"start":{"line":83,"column":14},"end":{"line":86,"column":16}},"18":{"start":{"line":90,"column":14},"end":{"line":90,"column":72}},"19":{"start":{"line":94,"column":14},"end":{"line":97,"column":16}},"20":{"start":{"line":100,"column":14},"end":{"line":100,"column":72}},"21":{"start":{"line":103,"column":10},"end":{"line":109,"column":12}},"22":{"start":{"line":105,"column":12},"end":{"line":108,"column":14}},"23":{"start":{"line":110,"column":10},"end":{"line":116,"column":12}},"24":{"start":{"line":112,"column":12},"end":{"line":115,"column":14}},"25":{"start":{"line":117,"column":10},"end":{"line":123,"column":12}},"26":{"start":{"line":119,"column":12},"end":{"line":122,"column":14}},"27":{"start":{"line":124,"column":10},"end":{"line":130,"column":12}},"28":{"start":{"line":126,"column":12},"end":{"line":129,"column":14}},"29":{"start":{"line":131,"column":10},"end":{"line":137,"column":12}},"30":{"start":{"line":133,"column":12},"end":{"line":136,"column":14}},"31":{"start":{"line":138,"column":10},"end":{"line":144,"column":12}},"32":{"start":{"line":140,"column":12},"end":{"line":143,"column":14}},"33":{"start":{"line":145,"column":10},"end":{"line":151,"column":12}},"34":{"start":{"line":147,"column":12},"end":{"line":150,"column":14}},"35":{"start":{"line":152,"column":10},"end":{"line":157,"column":12}},"36":{"start":{"line":154,"column":12},"end":{"line":156,"column":14}},"37":{"start":{"line":158,"column":10},"end":{"line":163,"column":12}},"38":{"start":{"line":160,"column":12},"end":{"line":162,"column":14}},"39":{"start":{"line":164,"column":10},"end":{"line":169,"column":12}},"40":{"start":{"line":166,"column":12},"end":{"line":168,"column":14}},"41":{"start":{"line":170,"column":10},"end":{"line":183,"column":12}},"42":{"start":{"line":172,"column":12},"end":{"line":182,"column":25}},"43":{"start":{"line":184,"column":10},"end":{"line":202,"column":12}},"44":{"start":{"line":189,"column":12},"end":{"line":201,"column":15}},"45":{"start":{"line":191,"column":14},"end":{"line":200,"column":28}},"46":{"start":{"line":203,"column":10},"end":{"line":221,"column":12}},"47":{"start":{"line":208,"column":12},"end":{"line":220,"column":14}},"48":{"start":{"line":209,"column":14},"end":{"line":219,"column":27}},"49":{"start":{"line":222,"column":10},"end":{"line":226,"column":12}},"50":{"start":{"line":223,"column":12},"end":{"line":225,"column":14}}},"fnMap":{"0":{"name":"(anonymous_0)","decl":{"start":{"line":3,"column":19},"end":{"line":3,"column":20}},"loc":{"start":{"line":3,"column":25},"end":{"line":231,"column":1}},"line":3},"1":{"name":"(anonymous_1)","decl":{"start":{"line":23,"column":4},"end":{"line":23,"column":5}},"loc":{"start":{"line":33,"column":9},"end":{"line":229,"column":5}},"line":33},"2":{"name":"(anonymous_2)","decl":{"start":{"line":37,"column":10},"end":{"line":37,"column":11}},"loc":{"start":{"line":37,"column":54},"end":{"line":41,"column":11}},"line":37},"3":{"name":"(anonymous_3)","decl":{"start":{"line":43,"column":8},"end":{"line":43,"column":9}},"loc":{"start":{"line":43,"column":53},"end":{"line":227,"column":9}},"line":43},"4":{"name":"(anonymous_4)","decl":{"start":{"line":45,"column":32},"end":{"line":45,"column":33}},"loc":{"start":{"line":45,"column":43},"end":{"line":47,"column":11}},"line":45},"5":{"name":"(anonymous_5)","decl":{"start":{"line":49,"column":21},"end":{"line":49,"column":22}},"loc":{"start":{"line":49,"column":32},"end":{"line":51,"column":13}},"line":49},"6":{"name":"(anonymous_6)","decl":{"start":{"line":52,"column":23},"end":{"line":52,"column":24}},"loc":{"start":{"line":52,"column":34},"end":{"line":54,"column":13}},"line":52},"7":{"name":"(anonymous_7)","decl":{"start":{"line":55,"column":18},"end":{"line":55,"column":19}},"loc":{"start":{"line":55,"column":29},"end":{"line":60,"column":13}},"line":55},"8":{"name":"(anonymous_8)","decl":{"start":{"line":61,"column":33},"end":{"line":61,"column":34}},"loc":{"start":{"line":61,"column":44},"end":{"line":66,"column":13}},"line":61},"9":{"name":"(anonymous_9)","decl":{"start":{"line":67,"column":21},"end":{"line":67,"column":22}},"loc":{"start":{"line":67,"column":32},"end":{"line":73,"column":13}},"line":67},"10":{"name":"(anonymous_10)","decl":{"start":{"line":74,"column":21},"end":{"line":74,"column":22}},"loc":{"start":{"line":74,"column":32},"end":{"line":80,"column":13}},"line":74},"11":{"name":"(anonymous_11)","decl":{"start":{"line":81,"column":23},"end":{"line":81,"column":24}},"loc":{"start":{"line":81,"column":34},"end":{"line":87,"column":13}},"line":81},"12":{"name":"(anonymous_12)","decl":{"start":{"line":88,"column":22},"end":{"line":88,"column":23}},"loc":{"start":{"line":88,"column":33},"end":{"line":91,"column":13}},"line":88},"13":{"name":"(anonymous_13)","decl":{"start":{"line":92,"column":21},"end":{"line":92,"column":22}},"loc":{"start":{"line":92,"column":32},"end":{"line":98,"column":13}},"line":92},"14":{"name":"(anonymous_14)","decl":{"start":{"line":99,"column":24},"end":{"line":99,"column":25}},"loc":{"start":{"line":99,"column":35},"end":{"line":101,"column":13}},"line":99},"15":{"name":"(anonymous_15)","decl":{"start":{"line":103,"column":39},"end":{"line":103,"column":40}},"loc":{"start":{"line":103,"column":55},"end":{"line":109,"column":11}},"line":103},"16":{"name":"(anonymous_16)","decl":{"start":{"line":110,"column":39},"end":{"line":110,"column":40}},"loc":{"start":{"line":110,"column":57},"end":{"line":116,"column":11}},"line":110},"17":{"name":"(anonymous_17)","decl":{"start":{"line":117,"column":46},"end":{"line":117,"column":47}},"loc":{"start":{"line":117,"column":64},"end":{"line":123,"column":11}},"line":117},"18":{"name":"(anonymous_18)","decl":{"start":{"line":124,"column":41},"end":{"line":124,"column":42}},"loc":{"start":{"line":124,"column":52},"end":{"line":130,"column":11}},"line":124},"19":{"name":"(anonymous_19)","decl":{"start":{"line":131,"column":41},"end":{"line":131,"column":42}},"loc":{"start":{"line":131,"column":52},"end":{"line":137,"column":11}},"line":131},"20":{"name":"(anonymous_20)","decl":{"start":{"line":138,"column":39},"end":{"line":138,"column":40}},"loc":{"start":{"line":138,"column":68},"end":{"line":144,"column":11}},"line":138},"21":{"name":"(anonymous_21)","decl":{"start":{"line":145,"column":41},"end":{"line":145,"column":42}},"loc":{"start":{"line":145,"column":65},"end":{"line":151,"column":11}},"line":145},"22":{"name":"(anonymous_22)","decl":{"start":{"line":152,"column":40},"end":{"line":152,"column":41}},"loc":{"start":{"line":152,"column":58},"end":{"line":157,"column":11}},"line":152},"23":{"name":"(anonymous_23)","decl":{"start":{"line":158,"column":44},"end":{"line":158,"column":45}},"loc":{"start":{"line":158,"column":60},"end":{"line":163,"column":11}},"line":158},"24":{"name":"(anonymous_24)","decl":{"start":{"line":164,"column":45},"end":{"line":164,"column":46}},"loc":{"start":{"line":164,"column":61},"end":{"line":169,"column":11}},"line":164},"25":{"name":"(anonymous_25)","decl":{"start":{"line":170,"column":39},"end":{"line":170,"column":40}},"loc":{"start":{"line":170,"column":65},"end":{"line":183,"column":11}},"line":170},"26":{"name":"(anonymous_26)","decl":{"start":{"line":184,"column":52},"end":{"line":184,"column":53}},"loc":{"start":{"line":188,"column":12},"end":{"line":202,"column":11}},"line":188},"27":{"name":"(anonymous_27)","decl":{"start":{"line":189,"column":57},"end":{"line":189,"column":58}},"loc":{"start":{"line":189,"column":63},"end":{"line":201,"column":13}},"line":189},"28":{"name":"(anonymous_28)","decl":{"start":{"line":203,"column":50},"end":{"line":203,"column":51}},"loc":{"start":{"line":207,"column":12},"end":{"line":221,"column":11}},"line":207},"29":{"name":"(anonymous_29)","decl":{"start":{"line":208,"column":58},"end":{"line":208,"column":59}},"loc":{"start":{"line":209,"column":14},"end":{"line":219,"column":27}},"line":209},"30":{"name":"(anonymous_30)","decl":{"start":{"line":222,"column":49},"end":{"line":222,"column":50}},"loc":{"start":{"line":222,"column":76},"end":{"line":226,"column":11}},"line":222}},"branchMap":{"0":{"loc":{"start":{"line":37,"column":22},"end":{"line":37,"column":52}},"type":"default-arg","locations":[{"start":{"line":37,"column":39},"end":{"line":37,"column":52}}],"line":37},"1":{"loc":{"start":{"line":57,"column":21},"end":{"line":59,"column":34}},"type":"cond-expr","locations":[{"start":{"line":58,"column":18},"end":{"line":58,"column":22}},{"start":{"line":59,"column":18},"end":{"line":59,"column":34}}],"line":57},"2":{"loc":{"start":{"line":64,"column":16},"end":{"line":64,"column":77}},"type":"binary-expr","locations":[{"start":{"line":64,"column":16},"end":{"line":64,"column":49}},{"start":{"line":64,"column":53},"end":{"line":64,"column":77}}],"line":64},"3":{"loc":{"start":{"line":70,"column":16},"end":{"line":71,"column":47}},"type":"binary-expr","locations":[{"start":{"line":70,"column":16},"end":{"line":70,"column":49}},{"start":{"line":71,"column":16},"end":{"line":71,"column":47}}],"line":70},"4":{"loc":{"start":{"line":77,"column":16},"end":{"line":78,"column":47}},"type":"binary-expr","locations":[{"start":{"line":77,"column":16},"end":{"line":77,"column":49}},{"start":{"line":78,"column":16},"end":{"line":78,"column":47}}],"line":77},"5":{"loc":{"start":{"line":84,"column":16},"end":{"line":85,"column":49}},"type":"binary-expr","locations":[{"start":{"line":84,"column":16},"end":{"line":84,"column":49}},{"start":{"line":85,"column":16},"end":{"line":85,"column":49}}],"line":84},"6":{"loc":{"start":{"line":90,"column":21},"end":{"line":90,"column":71}},"type":"binary-expr","locations":[{"start":{"line":90,"column":21},"end":{"line":90,"column":54}},{"start":{"line":90,"column":58},"end":{"line":90,"column":71}}],"line":90},"7":{"loc":{"start":{"line":95,"column":16},"end":{"line":96,"column":47}},"type":"binary-expr","locations":[{"start":{"line":95,"column":16},"end":{"line":95,"column":49}},{"start":{"line":96,"column":16},"end":{"line":96,"column":47}}],"line":95},"8":{"loc":{"start":{"line":100,"column":21},"end":{"line":100,"column":71}},"type":"binary-expr","locations":[{"start":{"line":100,"column":21},"end":{"line":100,"column":44}},{"start":{"line":100,"column":48},"end":{"line":100,"column":71}}],"line":100},"9":{"loc":{"start":{"line":106,"column":14},"end":{"line":107,"column":53}},"type":"binary-expr","locations":[{"start":{"line":106,"column":14},"end":{"line":106,"column":47}},{"start":{"line":107,"column":14},"end":{"line":107,"column":53}}],"line":106},"10":{"loc":{"start":{"line":113,"column":14},"end":{"line":114,"column":55}},"type":"binary-expr","locations":[{"start":{"line":113,"column":14},"end":{"line":113,"column":47}},{"start":{"line":114,"column":14},"end":{"line":114,"column":55}}],"line":113},"11":{"loc":{"start":{"line":120,"column":14},"end":{"line":121,"column":62}},"type":"binary-expr","locations":[{"start":{"line":120,"column":14},"end":{"line":120,"column":47}},{"start":{"line":121,"column":14},"end":{"line":121,"column":62}}],"line":120},"12":{"loc":{"start":{"line":127,"column":14},"end":{"line":128,"column":48}},"type":"binary-expr","locations":[{"start":{"line":127,"column":14},"end":{"line":127,"column":47}},{"start":{"line":128,"column":14},"end":{"line":128,"column":48}}],"line":127},"13":{"loc":{"start":{"line":134,"column":14},"end":{"line":135,"column":48}},"type":"binary-expr","locations":[{"start":{"line":134,"column":14},"end":{"line":134,"column":47}},{"start":{"line":135,"column":14},"end":{"line":135,"column":48}}],"line":134},"14":{"loc":{"start":{"line":141,"column":14},"end":{"line":142,"column":66}},"type":"binary-expr","locations":[{"start":{"line":141,"column":14},"end":{"line":141,"column":47}},{"start":{"line":142,"column":14},"end":{"line":142,"column":66}}],"line":141},"15":{"loc":{"start":{"line":148,"column":14},"end":{"line":149,"column":63}},"type":"binary-expr","locations":[{"start":{"line":148,"column":14},"end":{"line":148,"column":47}},{"start":{"line":149,"column":14},"end":{"line":149,"column":63}}],"line":148},"16":{"loc":{"start":{"line":155,"column":14},"end":{"line":155,"column":77}},"type":"binary-expr","locations":[{"start":{"line":155,"column":14},"end":{"line":155,"column":47}},{"start":{"line":155,"column":51},"end":{"line":155,"column":77}}],"line":155},"17":{"loc":{"start":{"line":161,"column":14},"end":{"line":161,"column":79}},"type":"binary-expr","locations":[{"start":{"line":161,"column":14},"end":{"line":161,"column":47}},{"start":{"line":161,"column":51},"end":{"line":161,"column":79}}],"line":161},"18":{"loc":{"start":{"line":167,"column":14},"end":{"line":167,"column":80}},"type":"binary-expr","locations":[{"start":{"line":167,"column":14},"end":{"line":167,"column":47}},{"start":{"line":167,"column":51},"end":{"line":167,"column":80}}],"line":167},"19":{"loc":{"start":{"line":172,"column":19},"end":{"line":182,"column":24}},"type":"cond-expr","locations":[{"start":{"line":173,"column":16},"end":{"line":181,"column":47}},{"start":{"line":182,"column":16},"end":{"line":182,"column":24}}],"line":172},"20":{"loc":{"start":{"line":178,"column":22},"end":{"line":178,"column":66}},"type":"cond-expr","locations":[{"start":{"line":178,"column":56},"end":{"line":178,"column":60}},{"start":{"line":178,"column":63},"end":{"line":178,"column":66}}],"line":178},"21":{"loc":{"start":{"line":191,"column":21},"end":{"line":200,"column":27}},"type":"cond-expr","locations":[{"start":{"line":192,"column":18},"end":{"line":199,"column":19}},{"start":{"line":200,"column":18},"end":{"line":200,"column":27}}],"line":191},"22":{"loc":{"start":{"line":209,"column":14},"end":{"line":219,"column":27}},"type":"cond-expr","locations":[{"start":{"line":210,"column":18},"end":{"line":218,"column":19}},{"start":{"line":219,"column":18},"end":{"line":219,"column":27}}],"line":209},"23":{"loc":{"start":{"line":212,"column":21},"end":{"line":214,"column":33}},"type":"cond-expr","locations":[{"start":{"line":213,"column":24},"end":{"line":213,"column":58}},{"start":{"line":214,"column":24},"end":{"line":214,"column":33}}],"line":212}},"s":{"0":6,"1":6,"2":6,"3":6,"4":6,"5":6,"6":6,"7":6,"8":6,"9":6,"10":6,"11":8,"12":8,"13":8,"14":0,"15":1,"16":1,"17":1,"18":0,"19":1,"20":4,"21":6,"22":0,"23":6,"24":0,"25":6,"26":0,"27":6,"28":0,"29":6,"30":0,"31":6,"32":0,"33":6,"34":0,"35":6,"36":0,"37":6,"38":0,"39":6,"40":0,"41":6,"42":0,"43":6,"44":0,"45":0,"46":6,"47":0,"48":0,"49":6,"50":0},"f":{"0":6,"1":6,"2":6,"3":6,"4":6,"5":8,"6":8,"7":8,"8":0,"9":1,"10":1,"11":1,"12":0,"13":1,"14":4,"15":0,"16":0,"17":0,"18":0,"19":0,"20":0,"21":0,"22":0,"23":0,"24":0,"25":0,"26":0,"27":0,"28":0,"29":0,"30":0},"b":{"0":[6],"1":[8,0],"2":[0,0],"3":[1,1],"4":[1,1],"5":[1,1],"6":[0,0],"7":[1,1],"8":[4,4],"9":[0,0],"10":[0,0],"11":[0,0],"12":[0,0],"13":[0,0],"14":[0,0],"15":[0,0],"16":[0,0],"17":[0,0],"18":[0,0],"19":[0,0],"20":[0,0],"21":[0,0],"22":[0,0],"23":[0,0]},"_coverageSchema":"1a1c01bbd47fc00a2c39e90264f33305004495a9","hash":"2e1508dd0eee004babfc37e19f2f726bfe5bb40f"}
,"/Users/shanebdavis/dev/genui/opensource/git-genui/source/GitGenUi/getInitialCommitState.js": {"path":"/Users/shanebdavis/dev/genui/opensource/git-genui/source/GitGenUi/getInitialCommitState.js","statementMap":{"0":{"start":{"line":2,"column":10},"end":{"line":2,"column":44}},"1":{"start":{"line":3,"column":0},"end":{"line":34,"column":3}},"2":{"start":{"line":4,"column":2},"end":{"line":33,"column":4}},"3":{"start":{"line":13,"column":6},"end":{"line":31,"column":8}},"4":{"start":{"line":14,"column":8},"end":{"line":30,"column":10}},"5":{"start":{"line":20,"column":59},"end":{"line":20,"column":74}},"6":{"start":{"line":22,"column":59},"end":{"line":22,"column":74}},"7":{"start":{"line":24,"column":59},"end":{"line":24,"column":76}},"8":{"start":{"line":26,"column":59},"end":{"line":26,"column":74}}},"fnMap":{"0":{"name":"(anonymous_0)","decl":{"start":{"line":3,"column":19},"end":{"line":3,"column":20}},"loc":{"start":{"line":3,"column":25},"end":{"line":34,"column":1}},"line":3},"1":{"name":"(anonymous_1)","decl":{"start":{"line":12,"column":4},"end":{"line":12,"column":5}},"loc":{"start":{"line":12,"column":63},"end":{"line":32,"column":5}},"line":12},"2":{"name":"(anonymous_2)","decl":{"start":{"line":13,"column":13},"end":{"line":13,"column":14}},"loc":{"start":{"line":13,"column":36},"end":{"line":31,"column":7}},"line":13},"3":{"name":"(anonymous_3)","decl":{"start":{"line":20,"column":53},"end":{"line":20,"column":54}},"loc":{"start":{"line":20,"column":59},"end":{"line":20,"column":74}},"line":20},"4":{"name":"(anonymous_4)","decl":{"start":{"line":22,"column":53},"end":{"line":22,"column":54}},"loc":{"start":{"line":22,"column":59},"end":{"line":22,"column":74}},"line":22},"5":{"name":"(anonymous_5)","decl":{"start":{"line":24,"column":53},"end":{"line":24,"column":54}},"loc":{"start":{"line":24,"column":59},"end":{"line":24,"column":76}},"line":24},"6":{"name":"(anonymous_6)","decl":{"start":{"line":26,"column":53},"end":{"line":26,"column":54}},"loc":{"start":{"line":26,"column":59},"end":{"line":26,"column":74}},"line":26}},"branchMap":{"0":{"loc":{"start":{"line":13,"column":22},"end":{"line":13,"column":34}},"type":"default-arg","locations":[{"start":{"line":13,"column":32},"end":{"line":13,"column":34}}],"line":13},"1":{"loc":{"start":{"line":16,"column":20},"end":{"line":18,"column":46}},"type":"cond-expr","locations":[{"start":{"line":17,"column":16},"end":{"line":17,"column":39}},{"start":{"line":18,"column":16},"end":{"line":18,"column":46}}],"line":16},"2":{"loc":{"start":{"line":20,"column":14},"end":{"line":20,"column":75}},"type":"binary-expr","locations":[{"start":{"line":20,"column":14},"end":{"line":20,"column":32}},{"start":{"line":20,"column":36},"end":{"line":20,"column":75}}],"line":20},"3":{"loc":{"start":{"line":22,"column":14},"end":{"line":22,"column":75}},"type":"binary-expr","locations":[{"start":{"line":22,"column":14},"end":{"line":22,"column":32}},{"start":{"line":22,"column":36},"end":{"line":22,"column":75}}],"line":22},"4":{"loc":{"start":{"line":24,"column":14},"end":{"line":24,"column":77}},"type":"binary-expr","locations":[{"start":{"line":24,"column":14},"end":{"line":24,"column":32}},{"start":{"line":24,"column":36},"end":{"line":24,"column":77}}],"line":24},"5":{"loc":{"start":{"line":26,"column":14},"end":{"line":26,"column":75}},"type":"binary-expr","locations":[{"start":{"line":26,"column":14},"end":{"line":26,"column":32}},{"start":{"line":26,"column":36},"end":{"line":26,"column":75}}],"line":26}},"s":{"0":6,"1":6,"2":6,"3":6,"4":0,"5":0,"6":0,"7":0,"8":0},"f":{"0":6,"1":6,"2":0,"3":0,"4":0,"5":0,"6":0},"b":{"0":[0],"1":[0,0],"2":[0,0],"3":[0,0],"4":[0,0],"5":[0,0]},"_coverageSchema":"1a1c01bbd47fc00a2c39e90264f33305004495a9","hash":"f63509bd47f1b5eb7a1c94985aa7c8757dbda980"}
,"/Users/shanebdavis/dev/genui/opensource/git-genui/source/GitGenUi/index.js": {"path":"/Users/shanebdavis/dev/genui/opensource/git-genui/source/GitGenUi/index.js","statementMap":{"0":{"start":{"line":4,"column":0},"end":{"line":17,"column":3}},"1":{"start":{"line":18,"column":0},"end":{"line":18,"column":22}},"2":{"start":{"line":19,"column":0},"end":{"line":19,"column":20}},"3":{"start":{"line":20,"column":0},"end":{"line":20,"column":17}},"4":{"start":{"line":21,"column":0},"end":{"line":21,"column":31}},"5":{"start":{"line":22,"column":0},"end":{"line":22,"column":23}},"6":{"start":{"line":23,"column":0},"end":{"line":23,"column":22}},"7":{"start":{"line":24,"column":0},"end":{"line":24,"column":21}}},"fnMap":{},"branchMap":{},"s":{"0":6,"1":6,"2":6,"3":6,"4":6,"5":6,"6":6,"7":6},"f":{},"b":{},"_coverageSchema":"1a1c01bbd47fc00a2c39e90264f33305004495a9","hash":"4473910f2e8886ff6d294a6ecbf89272a26a2785"}
,"/Users/shanebdavis/dev/genui/opensource/git-genui/source/GitGenUi/namespace.js": {"path":"/Users/shanebdavis/dev/genui/opensource/git-genui/source/GitGenUi/namespace.js","statementMap":{"0":{"start":{"line":4,"column":0},"end":{"line":8,"column":2}},"1":{"start":{"line":9,"column":0},"end":{"line":9,"column":32}},"2":{"start":{"line":10,"column":0},"end":{"line":10,"column":30}},"3":{"start":{"line":11,"column":0},"end":{"line":11,"column":27}},"4":{"start":{"line":12,"column":0},"end":{"line":12,"column":41}},"5":{"start":{"line":13,"column":0},"end":{"line":13,"column":33}},"6":{"start":{"line":14,"column":0},"end":{"line":14,"column":32}},"7":{"start":{"line":15,"column":0},"end":{"line":15,"column":31}}},"fnMap":{},"branchMap":{},"s":{"0":6,"1":6,"2":6,"3":6,"4":6,"5":6,"6":6,"7":6},"f":{},"b":{},"_coverageSchema":"1a1c01bbd47fc00a2c39e90264f33305004495a9","hash":"000365cf5aba01c9900796c5240fe0473fbc8cd7"}
,"/Users/shanebdavis/dev/genui/opensource/git-genui/source/GitGenUi/Commands/Comment.js": {"path":"/Users/shanebdavis/dev/genui/opensource/git-genui/source/GitGenUi/Commands/Comment.js","statementMap":{"0":{"start":{"line":2,"column":10},"end":{"line":2,"column":44}},"1":{"start":{"line":3,"column":0},"end":{"line":35,"column":3}},"2":{"start":{"line":4,"column":2},"end":{"line":34,"column":4}},"3":{"start":{"line":8,"column":6},"end":{"line":32,"column":8}},"4":{"start":{"line":11,"column":10},"end":{"line":30,"column":14}},"5":{"start":{"line":12,"column":24},"end":{"line":12,"column":61}},"6":{"start":{"line":14,"column":14},"end":{"line":17,"column":15}},"7":{"start":{"line":20,"column":14},"end":{"line":29,"column":33}},"8":{"start":{"line":24,"column":22},"end":{"line":27,"column":23}}},"fnMap":{"0":{"name":"(anonymous_0)","decl":{"start":{"line":3,"column":19},"end":{"line":3,"column":20}},"loc":{"start":{"line":3,"column":25},"end":{"line":35,"column":1}},"line":3},"1":{"name":"(anonymous_1)","decl":{"start":{"line":7,"column":4},"end":{"line":7,"column":5}},"loc":{"start":{"line":7,"column":38},"end":{"line":33,"column":5}},"line":7},"2":{"name":"(anonymous_2)","decl":{"start":{"line":10,"column":13},"end":{"line":10,"column":14}},"loc":{"start":{"line":10,"column":31},"end":{"line":31,"column":9}},"line":10},"3":{"name":"(anonymous_3)","decl":{"start":{"line":12,"column":18},"end":{"line":12,"column":19}},"loc":{"start":{"line":12,"column":24},"end":{"line":12,"column":61}},"line":12},"4":{"name":"(anonymous_4)","decl":{"start":{"line":13,"column":18},"end":{"line":13,"column":19}},"loc":{"start":{"line":14,"column":14},"end":{"line":17,"column":15}},"line":14},"5":{"name":"(anonymous_5)","decl":{"start":{"line":19,"column":18},"end":{"line":19,"column":19}},"loc":{"start":{"line":20,"column":14},"end":{"line":29,"column":33}},"line":20},"6":{"name":"(anonymous_6)","decl":{"start":{"line":23,"column":26},"end":{"line":23,"column":27}},"loc":{"start":{"line":24,"column":22},"end":{"line":27,"column":23}},"line":24}},"branchMap":{"0":{"loc":{"start":{"line":20,"column":14},"end":{"line":29,"column":33}},"type":"cond-expr","locations":[{"start":{"line":21,"column":18},"end":{"line":28,"column":21}},{"start":{"line":29,"column":18},"end":{"line":29,"column":33}}],"line":20}},"s":{"0":6,"1":6,"2":6,"3":6,"4":0,"5":0,"6":0,"7":0,"8":0},"f":{"0":6,"1":6,"2":0,"3":0,"4":0,"5":0,"6":0},"b":{"0":[0,0]},"_coverageSchema":"1a1c01bbd47fc00a2c39e90264f33305004495a9","hash":"aa93bc92dd0555aee31ab3fc138d59b8e1318965"}
,"/Users/shanebdavis/dev/genui/opensource/git-genui/source/GitGenUi/Commands/Commit.js": {"path":"/Users/shanebdavis/dev/genui/opensource/git-genui/source/GitGenUi/Commands/Commit.js","statementMap":{"0":{"start":{"line":2,"column":10},"end":{"line":2,"column":44}},"1":{"start":{"line":3,"column":0},"end":{"line":268,"column":3}},"2":{"start":{"line":4,"column":2},"end":{"line":267,"column":4}},"3":{"start":{"line":68,"column":6},"end":{"line":78,"column":8}},"4":{"start":{"line":69,"column":8},"end":{"line":77,"column":50}},"5":{"start":{"line":71,"column":12},"end":{"line":75,"column":14}},"6":{"start":{"line":72,"column":46},"end":{"line":72,"column":61}},"7":{"start":{"line":73,"column":46},"end":{"line":73,"column":61}},"8":{"start":{"line":74,"column":48},"end":{"line":74,"column":65}},"9":{"start":{"line":77,"column":27},"end":{"line":77,"column":48}},"10":{"start":{"line":79,"column":6},"end":{"line":79,"column":76}},"11":{"start":{"line":80,"column":6},"end":{"line":265,"column":8}},"12":{"start":{"line":102,"column":10},"end":{"line":263,"column":30}},"13":{"start":{"line":102,"column":36},"end":{"line":102,"column":61}},"14":{"start":{"line":104,"column":14},"end":{"line":108,"column":16}},"15":{"start":{"line":109,"column":14},"end":{"line":109,"column":37}},"16":{"start":{"line":111,"column":24},"end":{"line":111,"column":54}},"17":{"start":{"line":115,"column":14},"end":{"line":120,"column":27}},"18":{"start":{"line":125,"column":14},"end":{"line":261,"column":16}},"19":{"start":{"line":127,"column":18},"end":{"line":140,"column":19}},"20":{"start":{"line":128,"column":20},"end":{"line":128,"column":51}},"21":{"start":{"line":129,"column":20},"end":{"line":138,"column":22}},"22":{"start":{"line":139,"column":20},"end":{"line":139,"column":28}},"23":{"start":{"line":141,"column":18},"end":{"line":141,"column":31}},"24":{"start":{"line":153,"column":18},"end":{"line":153,"column":46}},"25":{"start":{"line":154,"column":18},"end":{"line":154,"column":42}},"26":{"start":{"line":155,"column":18},"end":{"line":155,"column":38}},"27":{"start":{"line":156,"column":18},"end":{"line":156,"column":42}},"28":{"start":{"line":157,"column":18},"end":{"line":157,"column":54}},"29":{"start":{"line":158,"column":18},"end":{"line":158,"column":40}},"30":{"start":{"line":159,"column":18},"end":{"line":159,"column":36}},"31":{"start":{"line":160,"column":18},"end":{"line":160,"column":46}},"32":{"start":{"line":161,"column":18},"end":{"line":161,"column":56}},"33":{"start":{"line":162,"column":18},"end":{"line":258,"column":21}},"34":{"start":{"line":213,"column":28},"end":{"line":217,"column":29}},"35":{"start":{"line":220,"column":28},"end":{"line":223,"column":30}},"36":{"start":{"line":233,"column":28},"end":{"line":248,"column":32}},"37":{"start":{"line":234,"column":30},"end":{"line":234,"column":39}},"38":{"start":{"line":235,"column":30},"end":{"line":238,"column":32}},"39":{"start":{"line":239,"column":30},"end":{"line":239,"column":46}},"40":{"start":{"line":241,"column":40},"end":{"line":241,"column":60}},"41":{"start":{"line":242,"column":45},"end":{"line":242,"column":65}},"42":{"start":{"line":244,"column":32},"end":{"line":244,"column":71}},"43":{"start":{"line":245,"column":32},"end":{"line":247,"column":75}},"44":{"start":{"line":263,"column":24},"end":{"line":263,"column":28}}},"fnMap":{"0":{"name":"(anonymous_0)","decl":{"start":{"line":3,"column":19},"end":{"line":3,"column":20}},"loc":{"start":{"line":3,"column":25},"end":{"line":268,"column":1}},"line":3},"1":{"name":"(anonymous_1)","decl":{"start":{"line":39,"column":4},"end":{"line":39,"column":5}},"loc":{"start":{"line":66,"column":9},"end":{"line":266,"column":5}},"line":66},"2":{"name":"(anonymous_2)","decl":{"start":{"line":68,"column":18},"end":{"line":68,"column":19}},"loc":{"start":{"line":68,"column":34},"end":{"line":78,"column":7}},"line":68},"3":{"name":"(anonymous_3)","decl":{"start":{"line":70,"column":16},"end":{"line":70,"column":17}},"loc":{"start":{"line":71,"column":12},"end":{"line":75,"column":14}},"line":71},"4":{"name":"(anonymous_4)","decl":{"start":{"line":72,"column":40},"end":{"line":72,"column":41}},"loc":{"start":{"line":72,"column":46},"end":{"line":72,"column":61}},"line":72},"5":{"name":"(anonymous_5)","decl":{"start":{"line":73,"column":40},"end":{"line":73,"column":41}},"loc":{"start":{"line":73,"column":46},"end":{"line":73,"column":61}},"line":73},"6":{"name":"(anonymous_6)","decl":{"start":{"line":74,"column":42},"end":{"line":74,"column":43}},"loc":{"start":{"line":74,"column":48},"end":{"line":74,"column":65}},"line":74},"7":{"name":"(anonymous_7)","decl":{"start":{"line":77,"column":16},"end":{"line":77,"column":17}},"loc":{"start":{"line":77,"column":27},"end":{"line":77,"column":48}},"line":77},"8":{"name":"(anonymous_8)","decl":{"start":{"line":101,"column":13},"end":{"line":101,"column":14}},"loc":{"start":{"line":101,"column":31},"end":{"line":264,"column":9}},"line":101},"9":{"name":"(anonymous_9)","decl":{"start":{"line":102,"column":30},"end":{"line":102,"column":31}},"loc":{"start":{"line":102,"column":36},"end":{"line":102,"column":61}},"line":102},"10":{"name":"(anonymous_10)","decl":{"start":{"line":103,"column":19},"end":{"line":103,"column":20}},"loc":{"start":{"line":103,"column":36},"end":{"line":110,"column":13}},"line":103},"11":{"name":"(anonymous_11)","decl":{"start":{"line":111,"column":18},"end":{"line":111,"column":19}},"loc":{"start":{"line":111,"column":24},"end":{"line":111,"column":54}},"line":111},"12":{"name":"(anonymous_12)","decl":{"start":{"line":114,"column":17},"end":{"line":114,"column":18}},"loc":{"start":{"line":115,"column":14},"end":{"line":120,"column":27}},"line":115},"13":{"name":"(anonymous_13)","decl":{"start":{"line":124,"column":18},"end":{"line":124,"column":19}},"loc":{"start":{"line":125,"column":14},"end":{"line":261,"column":16}},"line":125},"14":{"name":"(anonymous_14)","decl":{"start":{"line":126,"column":33},"end":{"line":126,"column":34}},"loc":{"start":{"line":126,"column":42},"end":{"line":142,"column":17}},"line":126},"15":{"name":"(anonymous_15)","decl":{"start":{"line":143,"column":23},"end":{"line":143,"column":24}},"loc":{"start":{"line":143,"column":32},"end":{"line":259,"column":17}},"line":143},"16":{"name":"(anonymous_16)","decl":{"start":{"line":212,"column":26},"end":{"line":212,"column":27}},"loc":{"start":{"line":213,"column":28},"end":{"line":217,"column":29}},"line":213},"17":{"name":"(anonymous_17)","decl":{"start":{"line":218,"column":26},"end":{"line":218,"column":27}},"loc":{"start":{"line":218,"column":39},"end":{"line":224,"column":27}},"line":218},"18":{"name":"(anonymous_18)","decl":{"start":{"line":232,"column":34},"end":{"line":232,"column":35}},"loc":{"start":{"line":233,"column":28},"end":{"line":248,"column":32}},"line":233},"19":{"name":"(anonymous_19)","decl":{"start":{"line":233,"column":49},"end":{"line":233,"column":50}},"loc":{"start":{"line":233,"column":61},"end":{"line":240,"column":29}},"line":233},"20":{"name":"(anonymous_20)","decl":{"start":{"line":241,"column":35},"end":{"line":241,"column":36}},"loc":{"start":{"line":241,"column":40},"end":{"line":241,"column":60}},"line":241},"21":{"name":"(anonymous_21)","decl":{"start":{"line":242,"column":40},"end":{"line":242,"column":41}},"loc":{"start":{"line":242,"column":45},"end":{"line":242,"column":65}},"line":242},"22":{"name":"(anonymous_22)","decl":{"start":{"line":243,"column":36},"end":{"line":243,"column":37}},"loc":{"start":{"line":243,"column":54},"end":{"line":248,"column":31}},"line":243},"23":{"name":"(anonymous_23)","decl":{"start":{"line":263,"column":18},"end":{"line":263,"column":19}},"loc":{"start":{"line":263,"column":24},"end":{"line":263,"column":28}},"line":263}},"branchMap":{"0":{"loc":{"start":{"line":115,"column":14},"end":{"line":120,"column":27}},"type":"cond-expr","locations":[{"start":{"line":119,"column":19},"end":{"line":119,"column":75}},{"start":{"line":120,"column":18},"end":{"line":120,"column":27}}],"line":115},"1":{"loc":{"start":{"line":127,"column":18},"end":{"line":140,"column":19}},"type":"if","locations":[{"start":{"line":127,"column":18},"end":{"line":140,"column":19}},{"start":{"line":127,"column":18},"end":{"line":140,"column":19}}],"line":127},"2":{"loc":{"start":{"line":168,"column":20},"end":{"line":181,"column":25}},"type":"cond-expr","locations":[{"start":{"line":169,"column":24},"end":{"line":176,"column":25}},{"start":{"line":177,"column":24},"end":{"line":181,"column":25}}],"line":168},"3":{"loc":{"start":{"line":168,"column":20},"end":{"line":168,"column":54}},"type":"binary-expr","locations":[{"start":{"line":168,"column":20},"end":{"line":168,"column":29}},{"start":{"line":168,"column":33},"end":{"line":168,"column":54}}],"line":168},"4":{"loc":{"start":{"line":173,"column":28},"end":{"line":175,"column":41}},"type":"cond-expr","locations":[{"start":{"line":174,"column":32},"end":{"line":174,"column":69}},{"start":{"line":175,"column":32},"end":{"line":175,"column":41}}],"line":173},"5":{"loc":{"start":{"line":173,"column":28},"end":{"line":173,"column":57}},"type":"binary-expr","locations":[{"start":{"line":173,"column":28},"end":{"line":173,"column":45}},{"start":{"line":173,"column":49},"end":{"line":173,"column":57}}],"line":173},"6":{"loc":{"start":{"line":187,"column":20},"end":{"line":205,"column":25}},"type":"cond-expr","locations":[{"start":{"line":188,"column":24},"end":{"line":200,"column":25}},{"start":{"line":201,"column":24},"end":{"line":205,"column":25}}],"line":187},"7":{"loc":{"start":{"line":192,"column":28},"end":{"line":199,"column":33}},"type":"cond-expr","locations":[{"start":{"line":193,"column":32},"end":{"line":193,"column":70}},{"start":{"line":194,"column":32},"end":{"line":199,"column":33}}],"line":192},"8":{"loc":{"start":{"line":192,"column":29},"end":{"line":192,"column":66}},"type":"binary-expr","locations":[{"start":{"line":192,"column":29},"end":{"line":192,"column":48}},{"start":{"line":192,"column":52},"end":{"line":192,"column":66}}],"line":192},"9":{"loc":{"start":{"line":195,"column":34},"end":{"line":198,"column":47}},"type":"cond-expr","locations":[{"start":{"line":197,"column":38},"end":{"line":197,"column":47}},{"start":{"line":198,"column":38},"end":{"line":198,"column":47}}],"line":195},"10":{"loc":{"start":{"line":195,"column":35},"end":{"line":195,"column":76}},"type":"binary-expr","locations":[{"start":{"line":195,"column":35},"end":{"line":195,"column":56}},{"start":{"line":195,"column":60},"end":{"line":195,"column":76}}],"line":195},"11":{"loc":{"start":{"line":221,"column":31},"end":{"line":222,"column":43}},"type":"binary-expr","locations":[{"start":{"line":221,"column":31},"end":{"line":221,"column":69}},{"start":{"line":222,"column":32},"end":{"line":222,"column":43}}],"line":221},"12":{"loc":{"start":{"line":228,"column":20},"end":{"line":250,"column":33}},"type":"cond-expr","locations":[{"start":{"line":229,"column":24},"end":{"line":249,"column":25}},{"start":{"line":250,"column":24},"end":{"line":250,"column":33}}],"line":228},"13":{"loc":{"start":{"line":245,"column":39},"end":{"line":247,"column":74}},"type":"cond-expr","locations":[{"start":{"line":246,"column":36},"end":{"line":246,"column":68}},{"start":{"line":247,"column":36},"end":{"line":247,"column":74}}],"line":245},"14":{"loc":{"start":{"line":251,"column":20},"end":{"line":257,"column":33}},"type":"cond-expr","locations":[{"start":{"line":252,"column":24},"end":{"line":256,"column":25}},{"start":{"line":257,"column":24},"end":{"line":257,"column":33}}],"line":251}},"s":{"0":6,"1":6,"2":6,"3":6,"4":0,"5":0,"6":0,"7":0,"8":0,"9":0,"10":6,"11":6,"12":0,"13":0,"14":0,"15":0,"16":0,"17":0,"18":0,"19":0,"20":0,"21":0,"22":0,"23":0,"24":0,"25":0,"26":0,"27":0,"28":0,"29":0,"30":0,"31":0,"32":0,"33":0,"34":0,"35":0,"36":0,"37":0,"38":0,"39":0,"40":0,"41":0,"42":0,"43":0,"44":0},"f":{"0":6,"1":6,"2":0,"3":0,"4":0,"5":0,"6":0,"7":0,"8":0,"9":0,"10":0,"11":0,"12":0,"13":0,"14":0,"15":0,"16":0,"17":0,"18":0,"19":0,"20":0,"21":0,"22":0,"23":0},"b":{"0":[0,0],"1":[0,0],"2":[0,0],"3":[0,0],"4":[0,0],"5":[0,0],"6":[0,0],"7":[0,0],"8":[0,0],"9":[0,0],"10":[0,0],"11":[0,0],"12":[0,0],"13":[0,0],"14":[0,0]},"_coverageSchema":"1a1c01bbd47fc00a2c39e90264f33305004495a9","hash":"3b3a69449ee8ca833d63712ed45d7697a3b1e3d7"}
,"/Users/shanebdavis/dev/genui/opensource/git-genui/source/GitGenUi/Commands/Config.js": {"path":"/Users/shanebdavis/dev/genui/opensource/git-genui/source/GitGenUi/Commands/Config.js","statementMap":{"0":{"start":{"line":2,"column":10},"end":{"line":2,"column":44}},"1":{"start":{"line":3,"column":0},"end":{"line":16,"column":3}},"2":{"start":{"line":4,"column":2},"end":{"line":15,"column":4}},"3":{"start":{"line":13,"column":6},"end":{"line":13,"column":72}}},"fnMap":{"0":{"name":"(anonymous_0)","decl":{"start":{"line":3,"column":19},"end":{"line":3,"column":20}},"loc":{"start":{"line":3,"column":25},"end":{"line":16,"column":1}},"line":3},"1":{"name":"(anonymous_1)","decl":{"start":{"line":12,"column":4},"end":{"line":12,"column":5}},"loc":{"start":{"line":12,"column":21},"end":{"line":14,"column":5}},"line":12}},"branchMap":{},"s":{"0":6,"1":6,"2":6,"3":6},"f":{"0":6,"1":6},"b":{},"_coverageSchema":"1a1c01bbd47fc00a2c39e90264f33305004495a9","hash":"f205faa363b5adfcb0d76d1e187bf9962648b5cc"}
,"/Users/shanebdavis/dev/genui/opensource/git-genui/source/GitGenUi/Commands/Finish.js": {"path":"/Users/shanebdavis/dev/genui/opensource/git-genui/source/GitGenUi/Commands/Finish.js","statementMap":{"0":{"start":{"line":2,"column":10},"end":{"line":2,"column":44}},"1":{"start":{"line":3,"column":0},"end":{"line":31,"column":3}},"2":{"start":{"line":4,"column":2},"end":{"line":30,"column":4}},"3":{"start":{"line":8,"column":6},"end":{"line":28,"column":8}},"4":{"start":{"line":11,"column":10},"end":{"line":26,"column":14}},"5":{"start":{"line":12,"column":24},"end":{"line":12,"column":39}},"6":{"start":{"line":14,"column":14},"end":{"line":25,"column":17}},"7":{"start":{"line":17,"column":20},"end":{"line":17,"column":52}},"8":{"start":{"line":22,"column":18},"end":{"line":24,"column":31}}},"fnMap":{"0":{"name":"(anonymous_0)","decl":{"start":{"line":3,"column":19},"end":{"line":3,"column":20}},"loc":{"start":{"line":3,"column":25},"end":{"line":31,"column":1}},"line":3},"1":{"name":"(anonymous_1)","decl":{"start":{"line":7,"column":4},"end":{"line":7,"column":5}},"loc":{"start":{"line":7,"column":42},"end":{"line":29,"column":5}},"line":7},"2":{"name":"(anonymous_2)","decl":{"start":{"line":10,"column":13},"end":{"line":10,"column":14}},"loc":{"start":{"line":10,"column":31},"end":{"line":27,"column":9}},"line":10},"3":{"name":"(anonymous_3)","decl":{"start":{"line":12,"column":18},"end":{"line":12,"column":19}},"loc":{"start":{"line":12,"column":24},"end":{"line":12,"column":39}},"line":12},"4":{"name":"(anonymous_4)","decl":{"start":{"line":13,"column":18},"end":{"line":13,"column":19}},"loc":{"start":{"line":14,"column":14},"end":{"line":25,"column":17}},"line":14},"5":{"name":"(anonymous_5)","decl":{"start":{"line":16,"column":43},"end":{"line":16,"column":44}},"loc":{"start":{"line":17,"column":20},"end":{"line":17,"column":52}},"line":17},"6":{"name":"(anonymous_6)","decl":{"start":{"line":21,"column":22},"end":{"line":21,"column":23}},"loc":{"start":{"line":22,"column":18},"end":{"line":24,"column":31}},"line":22}},"branchMap":{"0":{"loc":{"start":{"line":22,"column":18},"end":{"line":24,"column":31}},"type":"cond-expr","locations":[{"start":{"line":23,"column":22},"end":{"line":23,"column":71}},{"start":{"line":24,"column":22},"end":{"line":24,"column":31}}],"line":22}},"s":{"0":6,"1":6,"2":6,"3":6,"4":0,"5":0,"6":0,"7":0,"8":0},"f":{"0":6,"1":6,"2":0,"3":0,"4":0,"5":0,"6":0},"b":{"0":[0,0]},"_coverageSchema":"1a1c01bbd47fc00a2c39e90264f33305004495a9","hash":"7adb50c468eb3e99ce5c7a56d3a25e7725cdf116"}
,"/Users/shanebdavis/dev/genui/opensource/git-genui/source/GitGenUi/Commands/OpenTracker.js": {"path":"/Users/shanebdavis/dev/genui/opensource/git-genui/source/GitGenUi/Commands/OpenTracker.js","statementMap":{"0":{"start":{"line":2,"column":10},"end":{"line":2,"column":44}},"1":{"start":{"line":3,"column":0},"end":{"line":13,"column":3}},"2":{"start":{"line":4,"column":2},"end":{"line":12,"column":7}},"3":{"start":{"line":5,"column":4},"end":{"line":11,"column":6}},"4":{"start":{"line":8,"column":8},"end":{"line":8,"column":54}},"5":{"start":{"line":9,"column":8},"end":{"line":9,"column":58}}},"fnMap":{"0":{"name":"(anonymous_0)","decl":{"start":{"line":3,"column":19},"end":{"line":3,"column":20}},"loc":{"start":{"line":3,"column":25},"end":{"line":13,"column":1}},"line":3},"1":{"name":"(anonymous_1)","decl":{"start":{"line":4,"column":10},"end":{"line":4,"column":11}},"loc":{"start":{"line":4,"column":16},"end":{"line":12,"column":3}},"line":4},"2":{"name":"(anonymous_2)","decl":{"start":{"line":7,"column":11},"end":{"line":7,"column":12}},"loc":{"start":{"line":7,"column":22},"end":{"line":10,"column":7}},"line":7}},"branchMap":{},"s":{"0":6,"1":6,"2":6,"3":6,"4":0,"5":0},"f":{"0":6,"1":6,"2":0},"b":{},"_coverageSchema":"1a1c01bbd47fc00a2c39e90264f33305004495a9","hash":"6654d83f278e7fdcd05198565615dfdf9bf97b8c"}
,"/Users/shanebdavis/dev/genui/opensource/git-genui/source/GitGenUi/Commands/ShowConfig.js": {"path":"/Users/shanebdavis/dev/genui/opensource/git-genui/source/GitGenUi/Commands/ShowConfig.js","statementMap":{"0":{"start":{"line":2,"column":10},"end":{"line":2,"column":44}},"1":{"start":{"line":3,"column":0},"end":{"line":29,"column":3}},"2":{"start":{"line":4,"column":2},"end":{"line":28,"column":4}},"3":{"start":{"line":8,"column":6},"end":{"line":26,"column":8}},"4":{"start":{"line":11,"column":10},"end":{"line":20,"column":14}},"5":{"start":{"line":21,"column":10},"end":{"line":24,"column":12}}},"fnMap":{"0":{"name":"(anonymous_0)","decl":{"start":{"line":3,"column":19},"end":{"line":3,"column":20}},"loc":{"start":{"line":3,"column":25},"end":{"line":29,"column":1}},"line":3},"1":{"name":"(anonymous_1)","decl":{"start":{"line":7,"column":4},"end":{"line":7,"column":5}},"loc":{"start":{"line":7,"column":48},"end":{"line":27,"column":5}},"line":7},"2":{"name":"(anonymous_2)","decl":{"start":{"line":10,"column":13},"end":{"line":10,"column":14}},"loc":{"start":{"line":10,"column":33},"end":{"line":25,"column":9}},"line":10}},"branchMap":{"0":{"loc":{"start":{"line":11,"column":10},"end":{"line":20,"column":13}},"type":"binary-expr","locations":[{"start":{"line":11,"column":10},"end":{"line":11,"column":16}},{"start":{"line":12,"column":12},"end":{"line":20,"column":13}}],"line":11}},"s":{"0":6,"1":6,"2":6,"3":6,"4":0,"5":0},"f":{"0":6,"1":6,"2":0},"b":{"0":[0,0]},"_coverageSchema":"1a1c01bbd47fc00a2c39e90264f33305004495a9","hash":"34d9438d2f0b870c8db6bb1530fd2707931cdb0f"}
[...]
rt":{"line":160,"column":14},"end":{"line":163,"column":16}},"line":160},"20":{"name":"(anonymous_20)","decl":{"start":{"line":160,"column":37},"end":{"line":160,"column":38}},"loc":{"start":{"line":160,"column":53},"end":{"line":163,"column":15}},"line":160},"21":{"name":"(anonymous_21)","decl":{"start":{"line":165,"column":31},"end":{"line":165,"column":32}},"loc":{"start":{"line":165,"column":51},"end":{"line":172,"column":11}},"line":165},"22":{"name":"(anonymous_22)","decl":{"start":{"line":173,"column":36},"end":{"line":173,"column":37}},"loc":{"start":{"line":173,"column":65},"end":{"line":177,"column":11}},"line":173},"23":{"name":"(anonymous_23)","decl":{"start":{"line":178,"column":29},"end":{"line":178,"column":30}},"loc":{"start":{"line":178,"column":58},"end":{"line":183,"column":11}},"line":178},"24":{"name":"(anonymous_24)","decl":{"start":{"line":184,"column":30},"end":{"line":184,"column":31}},"loc":{"start":{"line":184,"column":63},"end":{"line":197,"column":11}},"line":184},"25":{"name":"(anonymous_25)","decl":{"start":{"line":198,"column":34},"end":{"line":198,"column":35}},"loc":{"start":{"line":198,"column":50},"end":{"line":204,"column":11}},"line":198},"26":{"name":"(anonymous_26)","decl":{"start":{"line":205,"column":35},"end":{"line":205,"column":36}},"loc":{"start":{"line":205,"column":51},"end":{"line":212,"column":11}},"line":205},"27":{"name":"(anonymous_27)","decl":{"start":{"line":213,"column":26},"end":{"line":213,"column":27}},"loc":{"start":{"line":214,"column":12},"end":{"line":216,"column":13}},"line":214},"28":{"name":"(anonymous_28)","decl":{"start":{"line":217,"column":29},"end":{"line":217,"column":30}},"loc":{"start":{"line":218,"column":12},"end":{"line":224,"column":65}},"line":218},"29":{"name":"(anonymous_29)","decl":{"start":{"line":224,"column":24},"end":{"line":224,"column":25}},"loc":{"start":{"line":224,"column":33},"end":{"line":224,"column":64}},"line":224},"30":{"name":"(anonymous_30)","decl":{"start":{"line":225,"column":29},"end":{"line":225,"column":30}},"loc":{"start":{"line":226,"column":12},"end":{"line":246,"column":65}},"line":226},"31":{"name":"(anonymous_31)","decl":{"start":{"line":226,"column":25},"end":{"line":226,"column":26}},"loc":{"start":{"line":227,"column":14},"end":{"line":229,"column":53}},"line":227},"32":{"name":"(anonymous_32)","decl":{"start":{"line":231,"column":20},"end":{"line":231,"column":21}},"loc":{"start":{"line":231,"column":53},"end":{"line":244,"column":15}},"line":231},"33":{"name":"(anonymous_33)","decl":{"start":{"line":246,"column":24},"end":{"line":246,"column":25}},"loc":{"start":{"line":246,"column":33},"end":{"line":246,"column":64}},"line":246},"34":{"name":"(anonymous_34)","decl":{"start":{"line":247,"column":31},"end":{"line":247,"column":32}},"loc":{"start":{"line":247,"column":66},"end":{"line":253,"column":11}},"line":247},"35":{"name":"(anonymous_35)","decl":{"start":{"line":254,"column":33},"end":{"line":254,"column":34}},"loc":{"start":{"line":255,"column":12},"end":{"line":259,"column":13}},"line":255},"36":{"name":"(anonymous_36)","decl":{"start":{"line":256,"column":50},"end":{"line":256,"column":51}},"loc":{"start":{"line":257,"column":16},"end":{"line":257,"column":51}},"line":257},"37":{"name":"(anonymous_37)","decl":{"start":{"line":260,"column":35},"end":{"line":260,"column":36}},"loc":{"start":{"line":261,"column":12},"end":{"line":265,"column":13}},"line":261},"38":{"name":"(anonymous_38)","decl":{"start":{"line":262,"column":50},"end":{"line":262,"column":51}},"loc":{"start":{"line":263,"column":16},"end":{"line":263,"column":51}},"line":263},"39":{"name":"(anonymous_39)","decl":{"start":{"line":266,"column":35},"end":{"line":266,"column":36}},"loc":{"start":{"line":266,"column":53},"end":{"line":273,"column":11}},"line":266},"40":{"name":"(anonymous_40)","decl":{"start":{"line":268,"column":52},"end":{"line":268,"column":53}},"loc":{"start":{"line":269,"column":16},"end":{"line":269,"column":63}},"line":269},"41":{"name":"(anonymous_41)","decl":{"start":{"line":274,"column":32},"end":{"line":274,"column":33}},"loc":{"start":{"line":274,"column":47},"end":{"line":276,"column":11}},"line":274},"42":{"name":"(anonymous_42)","decl":{"start":{"line":275,"column":54},"end":{"line":275,"column":55}},"loc":{"start":{"line":275,"column":64},"end":{"line":275,"column":76}},"line":275},"43":{"name":"(anonymous_43)","decl":{"start":{"line":277,"column":36},"end":{"line":277,"column":37}},"loc":{"start":{"line":277,"column":51},"end":{"line":289,"column":11}},"line":277},"44":{"name":"(anonymous_44)","decl":{"start":{"line":280,"column":14},"end":{"line":280,"column":15}},"loc":{"start":{"line":281,"column":16},"end":{"line":284,"column":21}},"line":281},"45":{"name":"(anonymous_45)","decl":{"start":{"line":287,"column":14},"end":{"line":287,"column":15}},"loc":{"start":{"line":287,"column":24},"end":{"line":287,"column":41}},"line":287}},"branchMap":{"0":{"loc":{"start":{"line":51,"column":16},"end":{"line":51,"column":75}},"type":"binary-expr","locations":[{"start":{"line":51,"column":16},"end":{"line":51,"column":56}},{"start":{"line":51,"column":60},"end":{"line":51,"column":75}}],"line":51},"1":{"loc":{"start":{"line":58,"column":21},"end":{"line":58,"column":74}},"type":"binary-expr","locations":[{"start":{"line":58,"column":21},"end":{"line":58,"column":60}},{"start":{"line":58,"column":64},"end":{"line":58,"column":74}}],"line":58},"2":{"loc":{"start":{"line":93,"column":19},"end":{"line":97,"column":25}},"type":"cond-expr","locations":[{"start":{"line":94,"column":16},"end":{"line":96,"column":20}},{"start":{"line":97,"column":16},"end":{"line":97,"column":25}}],"line":93},"3":{"loc":{"start":{"line":121,"column":12},"end":{"line":123,"column":13}},"type":"if","locations":[{"start":{"line":121,"column":12},"end":{"line":123,"column":13}},{"start":{"line":121,"column":12},"end":{"line":123,"column":13}}],"line":121},"4":{"loc":{"start":{"line":124,"column":12},"end":{"line":124,"column":65}},"type":"cond-expr","locations":[{"start":{"line":124,"column":29},"end":{"line":124,"column":35}},{"start":{"line":124,"column":39},"end":{"line":124,"column":64}}],"line":124},"5":{"loc":{"start":{"line":138,"column":20},"end":{"line":140,"column":42}},"type":"cond-expr","locations":[{"start":{"line":139,"column":24},"end":{"line":139,"column":28}},{"start":{"line":140,"column":24},"end":{"line":140,"column":42}}],"line":138},"6":{"loc":{"start":{"line":142,"column":20},"end":{"line":144,"column":42}},"type":"cond-expr","locations":[{"start":{"line":143,"column":24},"end":{"line":143,"column":29}},{"start":{"line":144,"column":24},"end":{"line":144,"column":42}}],"line":142},"7":{"loc":{"start":{"line":145,"column":25},"end":{"line":147,"column":47}},"type":"cond-expr","locations":[{"start":{"line":146,"column":22},"end":{"line":146,"column":39}},{"start":{"line":147,"column":22},"end":{"line":147,"column":47}}],"line":145},"8":{"loc":{"start":{"line":227,"column":14},"end":{"line":229,"column":53}},"type":"cond-expr","locations":[{"start":{"line":228,"column":18},"end":{"line":228,"column":27}},{"start":{"line":229,"column":18},"end":{"line":229,"column":53}}],"line":227},"9":{"loc":{"start":{"line":227,"column":22},"end":{"line":227,"column":59}},"type":"binary-expr","locations":[{"start":{"line":227,"column":22},"end":{"line":227,"column":43}},{"start":{"line":227,"column":47},"end":{"line":227,"column":59}}],"line":227},"10":{"loc":{"start":{"line":232,"column":16},"end":{"line":238,"column":17}},"type":"if","locations":[{"start":{"line":232,"column":16},"end":{"line":238,"column":17}},{"start":{"line":232,"column":16},"end":{"line":238,"column":17}}],"line":232},"11":{"loc":{"start":{"line":233,"column":18},"end":{"line":235,"column":45}},"type":"binary-expr","locations":[{"start":{"line":233,"column":18},"end":{"line":233,"column":39}},{"start":{"line":234,"column":18},"end":{"line":234,"column":37}},{"start":{"line":235,"column":18},"end":{"line":235,"column":45}}],"line":233},"12":{"loc":{"start":{"line":257,"column":16},"end":{"line":257,"column":51}},"type":"cond-expr","locations":[{"start":{"line":257,"column":40},"end":{"line":257,"column":47}},{"start":{"line":257,"column":50},"end":{"line":257,"column":51}}],"line":257},"13":{"loc":{"start":{"line":263,"column":16},"end":{"line":263,"column":51}},"type":"cond-expr","locations":[{"start":{"line":263,"column":32},"end":{"line":263,"column":47}},{"start":{"line":263,"column":50},"end":{"line":263,"column":51}}],"line":263},"14":{"loc":{"start":{"line":269,"column":16},"end":{"line":269,"column":63}},"type":"cond-expr","locations":[{"start":{"line":269,"column":36},"end":{"line":269,"column":43}},{"start":{"line":269,"column":46},"end":{"line":269,"column":63}}],"line":269},"15":{"loc":{"start":{"line":281,"column":16},"end":{"line":284,"column":21}},"type":"cond-expr","locations":[{"start":{"line":283,"column":20},"end":{"line":283,"column":33}},{"start":{"line":284,"column":20},"end":{"line":284,"column":21}}],"line":281},"16":{"loc":{"start":{"line":281,"column":16},"end":{"line":282,"column":70}},"type":"binary-expr","locations":[{"start":{"line":281,"column":16},"end":{"line":281,"column":32}},{"start":{"line":282,"column":16},"end":{"line":282,"column":70}}],"line":281}},"s":{"0":6,"1":6,"2":6,"3":6,"4":6,"5":11,"6":6,"7":11,"8":4,"9":7,"10":6,"11":6,"12":6,"13":6,"14":6,"15":5,"16":0,"17":6,"18":5,"19":5,"20":6,"21":6,"22":1,"23":1,"24":6,"25":2,"26":0,"27":2,"28":2,"29":2,"30":2,"31":227,"32":227,"33":227,"34":6,"35":1,"36":6,"37":2,"38":2,"39":11,"40":6,"41":0,"42":0,"43":6,"44":0,"45":6,"46":0,"47":6,"48":0,"49":6,"50":0,"51":6,"52":0,"53":6,"54":0,"55":6,"56":0,"57":0,"58":6,"59":0,"60":0,"61":0,"62":0,"63":0,"64":0,"65":6,"66":0,"67":6,"68":59,"69":782,"70":6,"71":0,"72":0,"73":6,"74":1,"75":14,"76":6,"77":0,"78":0,"79":6,"80":60,"81":808,"82":808},"f":{"0":6,"1":6,"2":6,"3":11,"4":11,"5":4,"6":7,"7":5,"8":0,"9":5,"10":6,"11":1,"12":1,"13":2,"14":2,"15":2,"16":227,"17":1,"18":2,"19":2,"20":11,"21":0,"22":0,"23":0,"24":0,"25":0,"26":0,"27":0,"28":0,"29":0,"30":0,"31":0,"32":0,"33":0,"34":0,"35":59,"36":782,"37":0,"38":0,"39":1,"40":14,"41":0,"42":0,"43":60,"44":808,"45":808},"b":{"0":[11,11],"1":[11,11],"2":[0,5],"3":[0,2],"4":[0,2],"5":[227,0],"6":[227,0],"7":[82,145],"8":[0,0],"9":[0,0],"10":[0,0],"11":[0,0,0],"12":[59,723],"13":[0,0],"14":[1,13],"15":[3,805],"16":[808,322]},"_coverageSchema":"1a1c01bbd47fc00a2c39e90264f33305004495a9","hash":"4d57ccd55c8aa2a51afbcecbcdaae01917b0db19"}
,"/Users/shanebdavis/dev/genui/opensource/git-genui/source/GitGenUi/Trackers/index.js": {"path":"/Users/shanebdavis/dev/genui/opensource/git-genui/source/GitGenUi/Trackers/index.js","statementMap":{"0":{"start":{"line":4,"column":0},"end":{"line":8,"column":3}}},"fnMap":{},"branchMap":{},"s":{"0":6},"f":{},"b":{},"_coverageSchema":"1a1c01bbd47fc00a2c39e90264f33305004495a9","hash":"76d6fbe7d6d97926078536c5f3bade38fbea2bca"}
,"/Users/shanebdavis/dev/genui/opensource/git-genui/source/GitGenUi/Trackers/namespace.js": {"path":"/Users/shanebdavis/dev/genui/opensource/git-genui/source/GitGenUi/Trackers/namespace.js","statementMap":{"0":{"start":{"line":4,"column":0},"end":{"line":7,"column":2}}},"fnMap":{},"branchMap":{},"s":{"0":6},"f":{},"b":{},"_coverageSchema":"1a1c01bbd47fc00a2c39e90264f33305004495a9","hash":"c136f4b9e863d6e844544b5c97b816afb6358299"}
,"/Users/shanebdavis/dev/genui/opensource/git-genui/source/GitGenUi/Widgets/InteractiveAdd.js": {"path":"/Users/shanebdavis/dev/genui/opensource/git-genui/source/GitGenUi/Widgets/InteractiveAdd.js","statementMap":{"0":{"start":{"line":2,"column":10},"end":{"line":2,"column":44}},"1":{"start":{"line":3,"column":0},"end":{"line":72,"column":3}},"2":{"start":{"line":4,"column":2},"end":{"line":71,"column":4}},"3":{"start":{"line":14,"column":6},"end":{"line":16,"column":8}},"4":{"start":{"line":15,"column":8},"end":{"line":15,"column":72}},"5":{"start":{"line":17,"column":6},"end":{"line":69,"column":8}},"6":{"start":{"line":18,"column":8},"end":{"line":68,"column":11}},"7":{"start":{"line":20,"column":10},"end":{"line":20,"column":75}},"8":{"start":{"line":20,"column":49},"end":{"line":20,"column":73}},"9":{"start":{"line":21,"column":10},"end":{"line":23,"column":11}},"10":{"start":{"line":22,"column":12},"end":{"line":22,"column":27}},"11":{"start":{"line":24,"column":10},"end":{"line":67,"column":15}},"12":{"start":{"line":32,"column":18},"end":{"line":36,"column":51}},"13":{"start":{"line":39,"column":18},"end":{"line":45,"column":20}},"14":{"start":{"line":51,"column":14},"end":{"line":57,"column":16}},"15":{"start":{"line":56,"column":24},"end":{"line":56,"column":38}},"16":{"start":{"line":58,"column":14},"end":{"line":66,"column":17}},"17":{"start":{"line":60,"column":16},"end":{"line":65,"column":30}}},"fnMap":{"0":{"name":"(anonymous_0)","decl":{"start":{"line":3,"column":19},"end":{"line":3,"column":20}},"loc":{"start":{"line":3,"column":25},"end":{"line":72,"column":1}},"line":3},"1":{"name":"(anonymous_1)","decl":{"start":{"line":12,"column":4},"end":{"line":12,"column":5}},"loc":{"start":{"line":12,"column":41},"end":{"line":70,"column":5}},"line":12},"2":{"name":"(anonymous_2)","decl":{"start":{"line":14,"column":28},"end":{"line":14,"column":29}},"loc":{"start":{"line":14,"column":47},"end":{"line":16,"column":7}},"line":14},"3":{"name":"(anonymous_3)","decl":{"start":{"line":17,"column":13},"end":{"line":17,"column":14}},"loc":{"start":{"line":17,"column":31},"end":{"line":69,"column":7}},"line":17},"4":{"name":"(anonymous_4)","decl":{"start":{"line":18,"column":48},"end":{"line":18,"column":49}},"loc":{"start":{"line":18,"column":63},"end":{"line":68,"column":9}},"line":18},"5":{"name":"(anonymous_5)","decl":{"start":{"line":20,"column":41},"end":{"line":20,"column":42}},"loc":{"start":{"line":20,"column":49},"end":{"line":20,"column":73}},"line":20},"6":{"name":"(anonymous_6)","decl":{"start":{"line":30,"column":27},"end":{"line":30,"column":28}},"loc":{"start":{"line":30,"column":37},"end":{"line":37,"column":17}},"line":30},"7":{"name":"(anonymous_7)","decl":{"start":{"line":38,"column":16},"end":{"line":38,"column":17}},"loc":{"start":{"line":38,"column":24},"end":{"line":46,"column":17}},"line":38},"8":{"name":"(anonymous_8)","decl":{"start":{"line":49,"column":18},"end":{"line":49,"column":19}},"loc":{"start":{"line":49,"column":35},"end":{"line":67,"column":13}},"line":49},"9":{"name":"(anonymous_9)","decl":{"start":{"line":56,"column":16},"end":{"line":56,"column":17}},"loc":{"start":{"line":56,"column":24},"end":{"line":56,"column":38}},"line":56},"10":{"name":"(anonymous_10)","decl":{"start":{"line":58,"column":38},"end":{"line":58,"column":39}},"loc":{"start":{"line":58,"column":62},"end":{"line":66,"column":15}},"line":58}},"branchMap":{"0":{"loc":{"start":{"line":21,"column":10},"end":{"line":23,"column":11}},"type":"if","locations":[{"start":{"line":21,"column":10},"end":{"line":23,"column":11}},{"start":{"line":21,"column":10},"end":{"line":23,"column":11}}],"line":21},"1":{"loc":{"start":{"line":21,"column":14},"end":{"line":21,"column":52}},"type":"binary-expr","locations":[{"start":{"line":21,"column":14},"end":{"line":21,"column":33}},{"start":{"line":21,"column":37},"end":{"line":21,"column":52}}],"line":21},"2":{"loc":{"start":{"line":32,"column":25},"end":{"line":36,"column":50}},"type":"cond-expr","locations":[{"start":{"line":33,"column":22},"end":{"line":35,"column":23}},{"start":{"line":36,"column":22},"end":{"line":36,"column":50}}],"line":32},"3":{"loc":{"start":{"line":33,"column":23},"end":{"line":33,"column":64}},"type":"cond-expr","locations":[{"start":{"line":33,"column":55},"end":{"line":33,"column":59}},{"start":{"line":33,"column":62},"end":{"line":33,"column":64}}],"line":33},"4":{"loc":{"start":{"line":34,"column":24},"end":{"line":34,"column":67}},"type":"cond-expr","locations":[{"start":{"line":34,"column":57},"end":{"line":34,"column":62}},{"start":{"line":34,"column":65},"end":{"line":34,"column":67}}],"line":34},"5":{"loc":{"start":{"line":43,"column":43},"end":{"line":43,"column":70}},"type":"binary-expr","locations":[{"start":{"line":43,"column":43},"end":{"line":43,"column":58}},{"start":{"line":43,"column":62},"end":{"line":43,"column":70}}],"line":43},"6":{"loc":{"start":{"line":60,"column":23},"end":{"line":65,"column":29}},"type":"cond-expr","locations":[{"start":{"line":61,"column":21},"end":{"line":64,"column":77}},{"start":{"line":65,"column":20},"end":{"line":65,"column":29}}],"line":60},"7":{"loc":{"start":{"line":62,"column":32},"end":{"line":62,"column":62}},"type":"cond-expr","locations":[{"start":{"line":62,"column":43},"end":{"line":62,"column":52}},{"start":{"line":62,"column":55},"end":{"line":62,"column":62}}],"line":62}},"s":{"0":6,"1":6,"2":6,"3":6,"4":0,"5":6,"6":0,"7":0,"8":0,"9":0,"10":0,"11":0,"12":0,"13":0,"14":0,"15":0,"16":0,"17":0},"f":{"0":6,"1":6,"2":0,"3":0,"4":0,"5":0,"6":0,"7":0,"8":0,"9":0,"10":0},"b":{"0":[0,0],"1":[0,0],"2":[0,0],"3":[0,0],"4":[0,0],"5":[0,0],"6":[0,0],"7":[0,0]},"_coverageSchema":"1a1c01bbd47fc00a2c39e90264f33305004495a9","hash":"ab6d53f52bc9c3ae540a72e3115e1c346cc3ad1f"}
,"/Users/shanebdavis/dev/genui/opensource/git-genui/source/GitGenUi/Widgets/index.js": {"path":"/Users/shanebdavis/dev/genui/opensource/git-genui/source/GitGenUi/Widgets/index.js","statementMap":{"0":{"start":{"line":4,"column":0},"end":{"line":8,"column":3}}},"fnMap":{},"branchMap":{},"s":{"0":6},"f":{},"b":{},"_coverageSchema":"1a1c01bbd47fc00a2c39e90264f33305004495a9","hash":"89e378b625b9e8824754305b4f2b74117738104d"}
,"/Users/shanebdavis/dev/genui/opensource/git-genui/source/GitGenUi/Widgets/namespace.js": {"path":"/Users/shanebdavis/dev/genui/opensource/git-genui/source/GitGenUi/Widgets/namespace.js","statementMap":{"0":{"start":{"line":4,"column":0},"end":{"line":7,"column":2}}},"fnMap":{},"branchMap":{},"s":{"0":6},"f":{},"b":{},"_coverageSchema":"1a1c01bbd47fc00a2c39e90264f33305004495a9","hash":"69f5c5ba3c4fbe76acc0997384eca7d72217ddb1"}
,"/Users/shanebdavis/dev/genui/opensource/git-genui/source/jest/StandardImport.js": {"path":"/Users/shanebdavis/dev/genui/opensource/git-genui/source/jest/StandardImport.js","statementMap":{"0":{"start":{"line":2,"column":10},"end":{"line":2,"column":44}},"1":{"start":{"line":3,"column":0},"end":{"line":21,"column":3}},"2":{"start":{"line":4,"column":15},"end":{"line":4,"column":28}},"3":{"start":{"line":6,"column":2},"end":{"line":20,"column":4}},"4":{"start":{"line":12,"column":8},"end":{"line":17,"column":15}},"5":{"start":{"line":13,"column":35},"end":{"line":13,"column":49}},"6":{"start":{"line":15,"column":14},"end":{"line":15,"column":18}},"7":{"start":{"line":16,"column":14},"end":{"line":16,"column":31}}},"fnMap":{"0":{"name":"(anonymous_0)","decl":{"start":{"line":3,"column":19},"end":{"line":3,"column":20}},"loc":{"start":{"line":3,"column":25},"end":{"line":21,"column":1}},"line":3},"1":{"name":"(anonymous_1)","decl":{"start":{"line":11,"column":28},"end":{"line":11,"column":29}},"loc":{"start":{"line":11,"column":43},"end":{"line":18,"column":7}},"line":11},"2":{"name":"(anonymous_2)","decl":{"start":{"line":13,"column":25},"end":{"line":13,"column":26}},"loc":{"start":{"line":13,"column":35},"end":{"line":13,"column":49}},"line":13},"3":{"name":"(anonymous_3)","decl":{"start":{"line":14,"column":31},"end":{"line":14,"column":32}},"loc":{"start":{"line":14,"column":37},"end":{"line":17,"column":13}},"line":14}},"branchMap":{"0":{"loc":{"start":{"line":12,"column":15},"end":{"line":17,"column":14}},"type":"cond-expr","locations":[{"start":{"line":13,"column":12},"end":{"line":13,"column":50}},{"start":{"line":14,"column":12},"end":{"line":17,"column":14}}],"line":12}},"s":{"0":6,"1":6,"2":6,"3":6,"4":10,"5":4,"6":7,"7":7},"f":{"0":6,"1":10,"2":4,"3":7},"b":{"0":[3,7]},"_coverageSchema":"1a1c01bbd47fc00a2c39e90264f33305004495a9","hash":"c0767d6a9672258a62ae07d2259945b688d0e458"}
}
