TN:
SF:source/index.js
FN:3,(anonymous_0)
FNF:1
FNH:1
FNDA:11,(anonymous_0)
DA:2,11
DA:3,11
DA:4,11
LF:3
LH:3
BRF:0
BRH:0
end_of_record
TN:
SF:source/GitGenUi/Cli.js
FN:3,(anonymous_0)
FN:7,(anonymous_1)
FN:9,(anonymous_2)
FN:12,(anonymous_3)
FN:15,(anonymous_4)
FN:17,(anonymous_5)
FN:21,(anonymous_6)
FN:21,(anonymous_7)
FN:33,(anonymous_8)
FNF:9
FNH:2
FNDA:11,(anonymous_0)
FNDA:11,(anonymous_1)
FNDA:0,(anonymous_2)
FNDA:0,(anonymous_3)
FNDA:0,(anonymous_4)
FNDA:0,(anonymous_5)
FNDA:0,(anonymous_6)
FNDA:0,(anonymous_7)
FNDA:0,(anonymous_8)
DA:2,11
DA:3,11
DA:4,11
DA:8,11
DA:10,0
DA:13,0
DA:17,0
DA:18,0
DA:20,0
DA:21,0
DA:22,0
DA:28,0
DA:33,0
LF:13
LH:4
BRDA:22,0,0,0
BRDA:22,0,1,0
BRF:2
BRH:0
end_of_record
TN:
SF:source/GitGenUi/CommitTypes.js
FN:3,(anonymous_0)
FN:7,(anonymous_1)
FN:8,(anonymous_2)
FNF:3
FNH:2
FNDA:11,(anonymous_0)
FNDA:11,(anonymous_1)
FNDA:0,(anonymous_2)
DA:2,11
DA:3,11
DA:4,11
DA:8,11
DA:9,0
LF:5
LH:4
BRDA:9,0,0,0
BRDA:9,0,1,0
BRF:2
BRH:0
end_of_record
TN:
SF:source/GitGenUi/ConventionalCommitTypes.js
FN:3,(anonymous_0)
FNF:1
FNH:1
FNDA:11,(anonymous_0)
DA:2,11
DA:3,11
DA:4,11
LF:3
LH:3
BRF:0
BRH:0
end_of_record
TN:
SF:source/GitGenUi/Git.js
FN:3,(anonymous_0)
FN:24,(anonymous_1)
FN:44,(anonymous_2)
FN:50,(anonymous_3)
FN:51,(anonymous_4)
FN:52,(anonymous_5)
FN:55,(anonymous_6)
FN:63,(anonymous_7)
FN:85,(anonymous_8)
FN:88,(anonymous_9)
FN:90,(anonymous_10)
FN:92,(anonymous_11)
FN:93,(anonymous_12)
FN:95,(anonymous_13)
FN:96,(anonymous_14)
FN:101,(anonymous_15)
FN:102,(anonymous_16)
FN:106,(anonymous_17)
FN:107,(anonymous_18)
FN:109,(anonymous_19)
FN:110,(anonymous_20)
FN:113,(anonymous_21)
FN:114,(anonymous_22)
FN:118,(anonymous_23)
FN:119,(anonymous_24)
FN:122,(anonymous_25)
FN:130,(anonymous_26)
FN:131,(anonymous_27)
FN:131,(anonymous_28)
FN:132,(anonymous_29)
FN:136,(anonymous_30)
FN:146,(anonymous_31)
FN:157,(anonymous_32)
FN:160,(anonymous_33)
FN:173,(anonymous_34)
FN:175,(anonymous_35)
FN:194,(anonymous_36)
FN:195,(anonymous_37)
FN:199,(anonymous_38)
FN:201,(anonymous_39)
FN:204,(anonymous_40)
FN:224,(anonymous_41)
FN:240,(anonymous_42)
FN:259,(anonymous_43)
FN:275,(anonymous_44)
FN:286,(anonymous_45)
FNF:46
FNH:36
FNDA:11,(anonymous_0)
FNDA:11,(anonymous_1)
FNDA:11,(anonymous_2)
FNDA:1,(anonymous_3)
FNDA:1,(anonymous_4)
FNDA:1,(anonymous_5)
FNDA:4,(anonymous_6)
FNDA:450,(anonymous_7)
FNDA:0,(anonymous_8)
FNDA:0,(anonymous_9)
FNDA:0,(anonymous_10)
FNDA:0,(anonymous_11)
FNDA:0,(anonymous_12)
FNDA:0,(anonymous_13)
FNDA:0,(anonymous_14)
FNDA:2,(anonymous_15)
FNDA:2,(anonymous_16)
FNDA:12,(anonymous_17)
FNDA:12,(anonymous_18)
FNDA:5,(anonymous_19)
FNDA:5,(anonymous_20)
FNDA:5,(anonymous_21)
FNDA:5,(anonymous_22)
FNDA:2,(anonymous_23)
FNDA:2,(anonymous_24)
FNDA:2,(anonymous_25)
FNDA:4,(anonymous_26)
FNDA:4,(anonymous_27)
FNDA:4,(anonymous_28)
FNDA:48,(anonymous_29)
FNDA:600,(anonymous_30)
FNDA:3,(anonymous_31)
FNDA:1200,(anonymous_32)
FNDA:2,(anonymous_33)
FNDA:2,(anonymous_34)
FNDA:323,(anonymous_35)
FNDA:1,(anonymous_36)
FNDA:1,(anonymous_37)
FNDA:2,(anonymous_38)
FNDA:2,(anonymous_39)
FNDA:300,(anonymous_40)
FNDA:0,(anonymous_41)
FNDA:0,(anonymous_42)
FNDA:256,(anonymous_43)
FNDA:44,(anonymous_44)
FNDA:0,(anonymous_45)
DA:2,11
DA:3,11
DA:4,11
DA:43,11
DA:44,11
DA:50,11
DA:51,1
DA:52,1
DA:55,11
DA:57,4
DA:58,1
DA:60,3
DA:61,3
DA:62,3
DA:63,3
DA:64,450
DA:65,0
DA:69,450
DA:75,3
DA:85,11
DA:87,0
DA:88,0
DA:89,0
DA:90,0
DA:92,11
DA:93,0
DA:95,11
DA:96,0
DA:97,0
DA:100,11
DA:102,2
DA:103,2
DA:107,12
DA:110,5
DA:111,5
DA:113,5
DA:114,5
DA:119,2
DA:121,2
DA:122,2
DA:123,2
DA:124,2
DA:131,4
DA:132,4
DA:134,48
DA:135,48
DA:137,600
DA:146,3
DA:148,11
DA:157,11
DA:158,1200
DA:160,11
DA:162,2
DA:163,1
DA:164,1
DA:165,1
DA:166,1
DA:168,2
DA:173,2
DA:175,11
DA:184,323
DA:194,11
DA:195,1
DA:196,1
DA:199,11
DA:200,2
DA:203,2
DA:204,2
DA:205,300
DA:208,2
DA:225,0
DA:241,0
DA:259,256
DA:275,44
DA:286,11
LF:75
LH:65
BRDA:57,0,0,1
BRDA:57,0,1,3
BRDA:64,1,0,0
BRDA:64,1,1,450
BRDA:64,2,0,450
BRDA:64,2,1,66
BRDA:66,3,0,0
BRDA:66,3,1,0
BRDA:69,4,0,450
BRDA:69,4,1,0
BRDA:70,5,0,66
BRDA:70,5,1,384
BRDA:122,6,0,2
BRDA:122,6,1,0
BRDA:123,7,0,0
BRDA:123,7,1,2
BRDA:135,8,0,4
BRDA:135,8,1,44
BRDA:162,9,0,1
BRDA:162,9,1,1
BRDA:169,10,0,0
BRDA:169,10,1,2
BRDA:170,11,0,0
BRDA:170,11,1,2
BRDA:171,12,0,0
BRDA:171,12,1,2
BRDA:172,13,0,0
BRDA:172,13,1,2
BRDA:209,14,0,1
BRDA:209,14,1,1
BRDA:218,15,0,2
BRDA:218,15,1,0
BRDA:233,16,0,0
BRDA:233,16,1,2
BRDA:241,17,0,0
BRDA:241,17,1,0
BRDA:241,18,0,0
BRDA:241,18,1,0
BRDA:249,19,0,2
BRDA:249,19,1,0
BRDA:265,20,0,2
BRDA:265,20,1,0
BRF:42
BRH:24
end_of_record
TN:
SF:source/GitGenUi/GitGenUi.js
FN:3,(anonymous_0)
FNF:1
FNH:1
FNDA:11,(anonymous_0)
DA:2,11
DA:3,11
DA:4,11
LF:3
LH:3
BRF:0
BRH:0
end_of_record
TN:
SF:source/GitGenUi/GitGenUiPromptFor.js
FN:3,(anonymous_0)
FN:7,(anonymous_1)
FN:11,(anonymous_2)
FN:12,(anonymous_3)
FN:20,(anonymous_4)
FN:26,(anonymous_5)
FNF:6
FNH:2
FNDA:11,(anonymous_0)
FNDA:11,(anonymous_1)
FNDA:0,(anonymous_2)
FNDA:0,(anonymous_3)
FNDA:0,(anonymous_4)
FNDA:0,(anonymous_5)
DA:2,11
DA:3,11
DA:4,11
DA:9,11
DA:10,11
DA:12,0
DA:13,0
DA:21,0
DA:26,0
LF:9
LH:5
BRDA:13,0,0,0
BRDA:13,0,1,0
BRDA:16,1,0,0
BRDA:16,1,1,0
BRDA:17,2,0,0
BRDA:17,2,1,0
BRF:6
BRH:0
end_of_record
TN:
SF:source/GitGenUi/StandardCommitTypes.js
FN:3,(anonymous_0)
FNF:1
FNH:1
FNDA:11,(anonymous_0)
DA:2,11
DA:3,11
DA:4,11
LF:3
LH:3
BRF:0
BRH:0
end_of_record
TN:
SF:source/GitGenUi/StandardImport.js
FN:3,(anonymous_0)
FNF:1
FNH:1
FNDA:11,(anonymous_0)
DA:2,11
DA:3,11
DA:4,11
LF:3
LH:3
BRF:0
BRH:0
end_of_record
TN:
SF:source/GitGenUi/Style.js
FN:3,(anonymous_0)
FN:16,(anonymous_1)
FNF:2
FNH:2
FNDA:11,(anonymous_0)
FNDA:11,(anonymous_1)
DA:2,11
DA:3,11
DA:4,11
DA:18,11
DA:19,11
LF:5
LH:5
BRF:0
BRH:0
end_of_record
TN:
SF:source/GitGenUi/Tracker.js
FN:3,(anonymous_0)
FN:23,(anonymous_1)
FN:37,(anonymous_2)
FN:43,(anonymous_3)
FN:45,(anonymous_4)
FN:49,(anonymous_5)
FN:52,(anonymous_6)
FN:55,(anonymous_7)
FN:61,(anonymous_8)
FN:67,(anonymous_9)
FN:74,(anonymous_10)
FN:81,(anonymous_11)
FN:88,(anonymous_12)
FN:92,(anonymous_13)
FN:99,(anonymous_14)
FN:103,(anonymous_15)
FN:110,(anonymous_16)
FN:117,(anonymous_17)
FN:124,(anonymous_18)
FN:131,(anonymous_19)
FN:138,(anonymous_20)
FN:145,(anonymous_21)
FN:152,(anonymous_22)
FN:158,(anonymous_23)
FN:164,(anonymous_24)
FN:170,(anonymous_25)
FN:184,(anonymous_26)
FN:189,(anonymous_27)
FN:203,(anonymous_28)
FN:208,(anonymous_29)
FN:222,(anonymous_30)
FNF:31
FNH:13
FNDA:11,(anonymous_0)
FNDA:11,(anonymous_1)
FNDA:11,(anonymous_2)
FNDA:11,(anonymous_3)
FNDA:11,(anonymous_4)
FNDA:8,(anonymous_5)
FNDA:8,(anonymous_6)
FNDA:8,(anonymous_7)
FNDA:0,(anonymous_8)
FNDA:1,(anonymous_9)
FNDA:1,(anonymous_10)
FNDA:1,(anonymous_11)
FNDA:0,(anonymous_12)
FNDA:1,(anonymous_13)
FNDA:4,(anonymous_14)
FNDA:0,(anonymous_15)
FNDA:0,(anonymous_16)
FNDA:0,(anonymous_17)
FNDA:0,(anonymous_18)
FNDA:0,(anonymous_19)
FNDA:0,(anonymous_20)
FNDA:0,(anonymous_21)
FNDA:0,(anonymous_22)
FNDA:0,(anonymous_23)
FNDA:0,(anonymous_24)
FNDA:0,(anonymous_25)
FNDA:0,(anonymous_26)
FNDA:0,(anonymous_27)
FNDA:0,(anonymous_28)
FNDA:0,(anonymous_29)
FNDA:0,(anonymous_30)
DA:2,11
DA:3,11
DA:4,11
DA:35,11
DA:38,11
DA:39,11
DA:40,11
DA:44,11
DA:45,11
DA:46,11
DA:48,11
DA:50,8
DA:53,8
DA:57,8
DA:63,0
DA:69,1
DA:76,1
DA:83,1
DA:90,0
DA:94,1
DA:100,4
DA:103,11
DA:105,0
DA:110,11
DA:112,0
DA:117,11
DA:119,0
DA:124,11
DA:126,0
DA:131,11
DA:133,0
DA:138,11
DA:140,0
DA:145,11
DA:147,0
DA:152,11
DA:154,0
DA:158,11
DA:160,0
DA:164,11
DA:166,0
DA:170,11
DA:172,0
DA:184,11
DA:189,0
DA:191,0
DA:203,11
DA:208,0
DA:209,0
DA:222,11
DA:223,0
LF:51
LH:33
BRDA:37,0,0,11
BRDA:57,1,0,8
BRDA:57,1,1,0
BRDA:64,2,0,0
BRDA:64,2,1,0
BRDA:70,3,0,1
BRDA:70,3,1,1
BRDA:77,4,0,1
BRDA:77,4,1,1
BRDA:84,5,0,1
BRDA:84,5,1,1
BRDA:90,6,0,0
BRDA:90,6,1,0
BRDA:95,7,0,1
BRDA:95,7,1,1
BRDA:100,8,0,4
BRDA:100,8,1,4
BRDA:106,9,0,0
BRDA:106,9,1,0
BRDA:113,10,0,0
BRDA:113,10,1,0
BRDA:120,11,0,0
BRDA:120,11,1,0
BRDA:127,12,0,0
BRDA:127,12,1,0
BRDA:134,13,0,0
BRDA:134,13,1,0
BRDA:141,14,0,0
BRDA:141,14,1,0
BRDA:148,15,0,0
BRDA:148,15,1,0
BRDA:155,16,0,0
BRDA:155,16,1,0
BRDA:161,17,0,0
BRDA:161,17,1,0
BRDA:167,18,0,0
BRDA:167,18,1,0
BRDA:172,19,0,0
BRDA:172,19,1,0
BRDA:178,20,0,0
BRDA:178,20,1,0
BRDA:191,21,0,0
BRDA:191,21,1,0
BRDA:209,22,0,0
BRDA:209,22,1,0
BRDA:212,23,0,0
BRDA:212,23,1,0
BRF:47
BRH:12
end_of_record
TN:
SF:source/GitGenUi/index.js
FNF:0
FNH:0
DA:4,11
DA:17,11
DA:18,11
DA:19,11
DA:20,11
DA:21,11
DA:22,11
DA:23,11
LF:8
LH:8
BRF:0
BRH:0
end_of_record
TN:
SF:source/GitGenUi/namespace.js
FNF:0
FNH:0
DA:4,11
DA:9,11
DA:10,11
DA:11,11
DA:12,11
DA:13,11
DA:14,11
DA:15,11
LF:8
LH:8
BRF:0
BRH:0
end_of_record
TN:
SF:source/GitGenUi/Commands/Comment.js
FN:3,(anonymous_0)
FN:7,(anonymous_1)
FN:10,(anonymous_2)
FN:12,(anonymous_3)
FN:13,(anonymous_4)
FN:19,(anonymous_5)
FN:23,(anonymous_6)
FNF:7
FNH:2
FNDA:11,(anonymous_0)
FNDA:11,(anonymous_1)
FNDA:0,(anonymous_2)
FNDA:0,(anonymous_3)
FNDA:0,(anonymous_4)
FNDA:0,(anonymous_5)
FNDA:0,(anonymous_6)
DA:2,11
DA:3,11
DA:4,11
DA:8,11
DA:11,0
DA:12,0
DA:14,0
DA:20,0
DA:24,0
LF:9
LH:4
BRDA:20,0,0,0
BRDA:20,0,1,0
BRF:2
BRH:0
end_of_record
TN:
SF:source/GitGenUi/Commands/Commit.js
FN:3,(anonymous_0)
FN:43,(anonymous_1)
FN:75,(anonymous_2)
FN:77,(anonymous_3)
FN:79,(anonymous_4)
FN:80,(anonymous_5)
FN:81,(anonymous_6)
FN:84,(anonymous_7)
FN:86,(anonymous_8)
FN:87,(anonymous_9)
FN:111,(anonymous_10)
FN:112,(anonymous_11)
FN:130,(anonymous_12)
FN:133,(anonymous_13)
FN:134,(anonymous_14)
FN:142,(anonymous_15)
FN:144,(anonymous_16)
FN:154,(anonymous_17)
FN:156,(anonymous_18)
FN:176,(anonymous_19)
FN:225,(anonymous_20)
FN:226,(anonymous_21)
FN:234,(anonymous_22)
FN:237,(anonymous_23)
FN:267,(anonymous_24)
FN:273,(anonymous_25)
FN:314,(anonymous_26)
FNF:27
FNH:2
FNDA:11,(anonymous_0)
FNDA:11,(anonymous_1)
FNDA:0,(anonymous_2)
FNDA:0,(anonymous_3)
FNDA:0,(anonymous_4)
FNDA:0,(anonymous_5)
FNDA:0,(anonymous_6)
FNDA:0,(anonymous_7)
FNDA:0,(anonymous_8)
FNDA:0,(anonymous_9)
FNDA:0,(anonymous_10)
FNDA:0,(anonymous_11)
FNDA:0,(anonymous_12)
FNDA:0,(anonymous_13)
FNDA:0,(anonymous_14)
FNDA:0,(anonymous_15)
FNDA:0,(anonymous_16)
FNDA:0,(anonymous_17)
FNDA:0,(anonymous_18)
FNDA:0,(anonymous_19)
FNDA:0,(anonymous_20)
FNDA:0,(anonymous_21)
FNDA:0,(anonymous_22)
FNDA:0,(anonymous_23)
FNDA:0,(anonymous_24)
FNDA:0,(anonymous_25)
FNDA:0,(anonymous_26)
DA:2,11
DA:3,11
DA:4,11
DA:75,11
DA:76,0
DA:78,0
DA:79,0
DA:80,0
DA:81,0
DA:84,0
DA:86,11
DA:87,0
DA:89,11
DA:90,11
DA:112,0
DA:113,0
DA:130,0
DA:133,0
DA:135,0
DA:140,0
DA:142,0
DA:145,0
DA:155,0
DA:158,0
DA:159,0
DA:160,0
DA:161,0
DA:172,0
DA:174,0
DA:187,0
DA:188,0
DA:189,0
DA:190,0
DA:191,0
DA:192,0
DA:193,0
DA:194,0
DA:195,0
DA:196,0
DA:197,0
DA:226,0
DA:227,0
DA:235,0
DA:238,0
DA:268,0
DA:275,0
DA:314,0
LF:47
LH:7
BRDA:113,0,0,0
BRDA:113,0,1,0
BRDA:145,1,0,0
BRDA:145,1,1,0
BRDA:158,2,0,0
BRDA:158,2,1,0
BRDA:203,3,0,0
BRDA:203,3,1,0
BRDA:203,4,0,0
BRDA:203,4,1,0
BRDA:208,5,0,0
BRDA:208,5,1,0
BRDA:208,6,0,0
BRDA:208,6,1,0
BRDA:230,7,0,0
BRDA:230,7,1,0
BRDA:242,8,0,0
BRDA:242,8,1,0
BRDA:247,9,0,0
BRDA:247,9,1,0
BRDA:247,10,0,0
BRDA:247,10,1,0
BRDA:250,11,0,0
BRDA:250,11,1,0
BRDA:250,12,0,0
BRDA:250,12,1,0
BRDA:276,13,0,0
BRDA:276,13,1,0
BRDA:283,14,0,0
BRDA:283,14,1,0
BRDA:291,15,0,0
BRDA:291,15,1,0
BRDA:291,16,0,0
BRDA:291,16,1,0
BRDA:299,17,0,0
BRDA:299,17,1,0
BRDA:299,18,0,0
BRDA:299,18,1,0
BRF:38
BRH:0
end_of_record
TN:
SF:source/GitGenUi/Commands/Config.js
FN:3,(anonymous_0)
FN:12,(anonymous_1)
FNF:2
FNH:2
FNDA:11,(anonymous_0)
FNDA:11,(anonymous_1)
DA:2,11
DA:3,11
DA:4,11
DA:13,11
LF:4
LH:4
BRF:0
BRH:0
end_of_record
TN:
SF:source/GitGenUi/Commands/Deliver.js
FN:3,(anonymous_0)
FNF:1
FNH:1
FNDA:11,(anonymous_0)
DA:2,11
DA:3,11
DA:4,11
LF:3
LH:3
BRF:0
BRH:0
end_of_record
TN:
SF:source/GitGenUi/Commands/Finish.js
FN:3,(anonymous_0)
FNF:1
FNH:1
FNDA:11,(anonymous_0)
DA:2,11
DA:3,11
DA:4,11
LF:3
LH:3
BRF:0
BRH:0
end_of_record
TN:
SF:source/GitGenUi/Commands/Log.js
FN:3,(anonymous_0)
FN:12,(anonymous_1)
FN:15,(anonymous_2)
FN:18,(anonymous_3)
FNF:4
FNH:2
FNDA:11,(anonymous_0)
FNDA:11,(anonymous_1)
FNDA:0,(anonymous_2)
FNDA:0,(anonymous_3)
DA:2,11
DA:3,11
DA:4,11
DA:13,11
DA:16,0
DA:20,0
DA:21,0
DA:22,0
DA:23,0
DA:24,0
DA:25,0
DA:27,0
DA:35,0
DA:40,0
DA:43,0
DA:44,0
LF:16
LH:4
BRDA:22,0,0,0
BRDA:22,0,1,0
BRF:2
BRH:0
end_of_record
TN:
SF:source/GitGenUi/Commands/OpenTracker.js
FN:3,(anonymous_0)
FN:4,(anonymous_1)
FN:7,(anonymous_2)
FNF:3
FNH:2
FNDA:11,(anonymous_0)
FNDA:11,(anonymous_1)
FNDA:0,(anonymous_2)
DA:2,11
DA:3,11
DA:4,11
DA:5,11
DA:8,0
DA:9,0
LF:6
LH:4
BRF:0
BRH:0
end_of_record
TN:
SF:source/GitGenUi/Commands/ShowConfig.js
FN:3,(anonymous_0)
FN:7,(anonymous_1)
FN:10,(anonymous_2)
FNF:3
FNH:2
FNDA:11,(anonymous_0)
FNDA:11,(anonymous_1)
FNDA:0,(anonymous_2)
DA:2,11
DA:3,11
DA:4,11
DA:8,11
DA:11,0
DA:21,0
LF:6
LH:4
BRDA:11,0,0,0
BRDA:11,0,1,0
BRF:2
BRH:0
end_of_record
TN:
SF:source/GitGenUi/Commands/Stage.js
FN:3,(anonymous_0)
FN:7,(anonymous_1)
FN:10,(anonymous_2)
FN:16,(anonymous_3)
FNF:4
FNH:2
FNDA:11,(anonymous_0)
FNDA:11,(anonymous_1)
FNDA:0,(anonymous_2)
FNDA:0,(anonymous_3)
DA:2,11
DA:3,11
DA:4,11
DA:8,11
DA:11,0
DA:16,0
LF:6
LH:4
BRF:0
BRH:0
end_of_record
TN:
SF:source/GitGenUi/Commands/StandardImport.js
FN:3,(anonymous_0)
FNF:1
FNH:1
FNDA:11,(anonymous_0)
DA:2,11
DA:3,11
DA:4,11
LF:3
LH:3
BRF:0
BRH:0
end_of_record
TN:
SF:source/GitGenUi/Commands/Start.js
FN:3,(anonymous_0)
FNF:1
FNH:1
FNDA:11,(anonymous_0)
DA:2,11
DA:3,11
DA:4,11
LF:3
LH:3
BRF:0
BRH:0
end_of_record
TN:
SF:source/GitGenUi/Commands/Status.js
FN:3,(anonymous_0)
FN:4,(anonymous_1)
FN:10,(anonymous_2)
FNF:3
FNH:2
FNDA:11,(anonymous_0)
FNDA:11,(anonymous_1)
FNDA:0,(anonymous_2)
DA:2,11
DA:3,11
DA:4,11
DA:5,11
DA:11,0
DA:12,0
LF:6
LH:4
BRF:0
BRH:0
end_of_record
TN:
SF:source/GitGenUi/Commands/Stories.js
FN:3,(anonymous_0)
FN:7,(anonymous_1)
FN:10,(anonymous_2)
FN:12,(anonymous_3)
FN:19,(anonymous_4)
FN:21,(anonymous_5)
FN:27,(anonymous_6)
FN:36,(anonymous_7)
FN:38,(anonymous_8)
FN:46,(anonymous_9)
FNF:10
FNH:2
FNDA:11,(anonymous_0)
FNDA:11,(anonymous_1)
FNDA:0,(anonymous_2)
FNDA:0,(anonymous_3)
FNDA:0,(anonymous_4)
FNDA:0,(anonymous_5)
FNDA:0,(anonymous_6)
FNDA:0,(anonymous_7)
FNDA:0,(anonymous_8)
FNDA:0,(anonymous_9)
DA:2,11
DA:3,11
DA:4,11
DA:8,11
DA:11,0
DA:13,0
DA:21,0
DA:22,0
DA:28,0
DA:37,0
DA:38,0
DA:44,0
DA:46,0
LF:13
LH:4
BRDA:28,0,0,0
BRDA:28,0,1,0
BRDA:29,1,0,0
BRDA:29,1,1,0
BRF:4
BRH:0
end_of_record
TN:
SF:source/GitGenUi/Commands/Version.js
FN:3,(anonymous_0)
FN:7,(anonymous_1)
FNF:2
FNH:1
FNDA:11,(anonymous_0)
FNDA:0,(anonymous_1)
DA:2,11
DA:3,11
DA:4,11
DA:5,11
DA:8,0
LF:5
LH:4
BRDA:8,0,0,0
BRDA:8,0,1,0
BRF:2
BRH:0
end_of_record
TN:
SF:source/GitGenUi/Commands/Whoami.js
FN:3,(anonymous_0)
FN:15,(anonymous_1)
FN:26,(anonymous_2)
FN:28,(anonymous_3)
FN:34,(anonymous_4)
FN:38,(anonymous_5)
FN:40,(anonymous_6)
FNF:7
FNH:2
FNDA:11,(anonymous_0)
FNDA:11,(anonymous_1)
FNDA:0,(anonymous_2)
FNDA:0,(anonymous_3)
FNDA:0,(anonymous_4)
FNDA:0,(anonymous_5)
FNDA:0,(anonymous_6)
DA:2,11
DA:3,11
DA:4,11
DA:24,11
DA:27,0
DA:29,0
DA:35,0
DA:39,0
DA:40,0
DA:44,0
LF:10
LH:4
BRDA:39,0,0,0
BRDA:39,0,1,0
BRDA:40,1,0,0
BRDA:40,1,1,0
BRF:4
BRH:0
end_of_record
TN:
SF:source/GitGenUi/Commands/index.js
FNF:0
FNH:0
DA:4,11
DA:23,11
LF:2
LH:2
BRF:0
BRH:0
end_of_record
TN:
SF:source/GitGenUi/Commands/namespace.js
FNF:0
FNH:0
DA:4,11
DA:8,11
LF:2
LH:2
BRF:0
BRH:0
end_of_record
TN:
SF:source/GitGenUi/Commands/CommandsLib/Auth.js
FN:3,(anonymous_0)
FN:7,(anonymous_1)
FN:9,(anonymous_2)
FN:10,(anonymous_3)
FN:17,(anonymous_4)
FN:25,(anonymous_5)
FN:28,(anonymous_6)
FN:31,(anonymous_7)
FN:37,(anonymous_8)
FNF:9
FNH:2
FNDA:11,(anonymous_0)
FNDA:11,(anonymous_1)
FNDA:0,(anonymous_2)
FNDA:0,(anonymous_3)
FNDA:0,(anonymous_4)
FNDA:0,(anonymous_5)
FNDA:0,(anonymous_6)
FNDA:0,(anonymous_7)
FNDA:0,(anonymous_8)
DA:2,11
DA:3,11
DA:4,11
DA:9,11
DA:10,0
DA:11,0
DA:18,0
DA:26,0
DA:29,0
DA:32,0
DA:33,0
DA:35,0
DA:37,0
DA:38,0
LF:14
LH:4
BRDA:12,0,0,0
BRDA:12,0,1,0
BRDA:32,1,0,0
BRDA:32,1,1,0
BRF:4
BRH:0
end_of_record
TN:
SF:source/GitGenUi/Commands/CommandsLib/ChangeStateCliCommand.js
FN:3,(anonymous_0)
FN:7,(anonymous_1)
FN:8,(anonymous_2)
FN:13,(anonymous_3)
FN:15,(anonymous_4)
FN:16,(anonymous_5)
FN:25,(anonymous_6)
FNF:7
FNH:3
FNDA:11,(anonymous_0)
FNDA:11,(anonymous_1)
FNDA:33,(anonymous_2)
FNDA:0,(anonymous_3)
FNDA:0,(anonymous_4)
FNDA:0,(anonymous_5)
FNDA:0,(anonymous_6)
DA:2,11
DA:3,11
DA:4,11
DA:8,11
DA:10,33
DA:11,33
DA:14,0
DA:15,0
DA:18,0
DA:19,0
DA:26,0
LF:11
LH:6
BRDA:22,0,0,0
BRDA:22,0,1,0
BRDA:26,1,0,0
BRDA:26,1,1,0
BRF:4
BRH:0
end_of_record
TN:
SF:source/GitGenUi/Commands/CommandsLib/CommandsLib.js
FN:3,(anonymous_0)
FN:4,(anonymous_1)
FNF:2
FNH:2
FNDA:11,(anonymous_0)
FNDA:11,(anonymous_1)
DA:2,11
DA:3,11
DA:4,11
DA:5,11
LF:4
LH:4
BRF:0
BRH:0
end_of_record
TN:
SF:source/GitGenUi/Commands/CommandsLib/CommitNow.js
FN:3,(anonymous_0)
FN:21,(anonymous_1)
FN:31,(anonymous_2)
FN:40,(anonymous_3)
FN:58,(anonymous_4)
FN:68,(anonymous_5)
FN:69,(anonymous_6)
FNF:7
FNH:2
FNDA:11,(anonymous_0)
FNDA:11,(anonymous_1)
FNDA:0,(anonymous_2)
FNDA:0,(anonymous_3)
FNDA:0,(anonymous_4)
FNDA:0,(anonymous_5)
FNDA:0,(anonymous_6)
DA:2,11
DA:3,11
DA:4,11
DA:31,11
DA:32,0
DA:42,0
DA:60,0
DA:61,0
DA:62,0
DA:63,0
DA:64,0
DA:65,0
DA:68,0
DA:69,0
DA:78,0
DA:80,0
DA:81,0
DA:91,0
LF:18
LH:4
BRDA:32,0,0,0
BRDA:32,0,1,0
BRDA:45,1,0,0
BRDA:45,1,1,0
BRDA:45,2,0,0
BRDA:45,2,1,0
BRDA:48,3,0,0
BRDA:48,3,1,0
BRDA:48,4,0,0
BRDA:48,4,1,0
BRDA:49,5,0,0
BRDA:49,5,1,0
BRDA:64,6,0,0
BRDA:64,6,1,0
BRDA:64,7,0,0
BRDA:64,7,1,0
BRDA:78,8,0,0
BRDA:78,8,1,0
BRDA:80,9,0,0
BRDA:80,9,1,0
BRDA:80,10,0,0
BRDA:80,10,1,0
BRDA:85,11,0,0
BRDA:85,11,1,0
BRF:24
BRH:0
end_of_record
TN:
SF:source/GitGenUi/Commands/CommandsLib/ConfigureMenu.js
FN:3,(anonymous_0)
FN:31,(anonymous_1)
FN:53,(anonymous_2)
FN:54,(anonymous_3)
FN:55,(anonymous_4)
FN:58,(anonymous_5)
FN:65,(anonymous_6)
FN:79,(anonymous_7)
FN:80,(anonymous_8)
FN:87,(anonymous_9)
FN:96,(anonymous_10)
FN:98,(anonymous_11)
FN:101,(anonymous_12)
FN:106,(anonymous_13)
FN:109,(anonymous_14)
FN:111,(anonymous_15)
FN:114,(anonymous_16)
FN:116,(anonymous_17)
FN:120,(anonymous_18)
FN:128,(anonymous_19)
FN:135,(anonymous_20)
FN:139,(anonymous_21)
FN:151,(anonymous_22)
FN:154,(anonymous_23)
FN:155,(anonymous_24)
FN:159,(anonymous_25)
FN:164,(anonymous_26)
FN:171,(anonymous_27)
FN:172,(anonymous_28)
FN:188,(anonymous_29)
FN:194,(anonymous_30)
FN:200,(anonymous_31)
FN:209,(anonymous_32)
FN:213,(anonymous_33)
FNF:34
FNH:2
FNDA:11,(anonymous_0)
FNDA:11,(anonymous_1)
FNDA:0,(anonymous_2)
FNDA:0,(anonymous_3)
FNDA:0,(anonymous_4)
FNDA:0,(anonymous_5)
FNDA:0,(anonymous_6)
FNDA:0,(anonymous_7)
FNDA:0,(anonymous_8)
FNDA:0,(anonymous_9)
FNDA:0,(anonymous_10)
FNDA:0,(anonymous_11)
FNDA:0,(anonymous_12)
FNDA:0,(anonymous_13)
FNDA:0,(anonymous_14)
FNDA:0,(anonymous_15)
FNDA:0,(anonymous_16)
FNDA:0,(anonymous_17)
FNDA:0,(anonymous_18)
FNDA:0,(anonymous_19)
FNDA:0,(anonymous_20)
FNDA:0,(anonymous_21)
FNDA:0,(anonymous_22)
FNDA:0,(anonymous_23)
FNDA:0,(anonymous_24)
FNDA:0,(anonymous_25)
FNDA:0,(anonymous_26)
FNDA:0,(anonymous_27)
FNDA:0,(anonymous_28)
FNDA:0,(anonymous_29)
FNDA:0,(anonymous_30)
FNDA:0,(anonymous_31)
FNDA:0,(anonymous_32)
FNDA:0,(anonymous_33)
DA:2,11
DA:3,11
DA:4,11
DA:53,11
DA:54,0
DA:55,0
DA:58,11
DA:62,0
DA:66,0
DA:79,0
DA:81,0
DA:87,11
DA:91,0
DA:96,0
DA:98,11
DA:100,0
DA:101,0
DA:102,0
DA:107,0
DA:112,0
DA:115,0
DA:117,0
DA:118,0
DA:121,0
DA:122,0
DA:123,0
DA:127,0
DA:129,0
DA:136,0
DA:139,11
DA:141,0
DA:142,0
DA:143,0
DA:144,0
DA:152,0
DA:155,0
DA:156,0
DA:160,0
DA:161,0
DA:164,11
DA:166,0
DA:167,0
DA:168,0
DA:170,0
DA:171,0
DA:174,0
DA:190,0
DA:191,0
DA:192,0
DA:195,0
DA:196,0
DA:198,0
DA:201,0
DA:206,0
DA:210,0
DA:215,0
LF:56
LH:9
BRDA:94,0,0,0
BRDA:94,0,1,0
BRDA:146,1,0,0
BRDA:146,1,1,0
BRDA:146,2,0,0
BRDA:146,2,1,0
BRDA:166,3,0,0
BRDA:166,3,1,0
BRDA:182,4,0,0
BRDA:182,4,1,0
BRDA:184,5,0,0
BRDA:184,5,1,0
BRDA:186,6,0,0
BRDA:186,6,1,0
BRDA:195,7,0,0
BRDA:195,7,1,0
BRDA:219,8,0,0
BRDA:219,8,1,0
BRDA:226,9,0,0
BRDA:226,9,1,0
BRDA:226,10,0,0
BRDA:226,10,1,0
BRDA:231,11,0,0
BRDA:231,11,1,0
BRDA:237,12,0,0
BRDA:237,12,1,0
BRDA:238,13,0,0
BRDA:238,13,1,0
BRF:28
BRH:0
end_of_record
TN:
SF:source/GitGenUi/Commands/CommandsLib/EditCommitMessage.js
FN:3,(anonymous_0)
FN:4,(anonymous_1)
FN:5,(anonymous_2)
FNF:3
FNH:2
FNDA:11,(anonymous_0)
FNDA:11,(anonymous_1)
FNDA:0,(anonymous_2)
DA:2,11
DA:3,11
DA:4,11
DA:5,11
DA:8,0
LF:5
LH:4
BRF:0
BRH:0
end_of_record
TN:
SF:source/GitGenUi/Commands/CommandsLib/EditGitStage.js
FN:3,(anonymous_0)
FN:4,(anonymous_1)
FN:5,(anonymous_2)
FN:8,(anonymous_3)
FNF:4
FNH:2
FNDA:11,(anonymous_0)
FNDA:11,(anonymous_1)
FNDA:0,(anonymous_2)
FNDA:0,(anonymous_3)
DA:2,11
DA:3,11
DA:4,11
DA:5,11
DA:6,0
DA:8,0
LF:6
LH:4
BRF:0
BRH:0
end_of_record
TN:
SF:source/GitGenUi/Commands/CommandsLib/EditStoryMenu.js
FN:3,(anonymous_0)
FN:15,(anonymous_1)
FN:17,(anonymous_2)
FN:19,(anonymous_3)
FN:23,(anonymous_4)
FN:37,(anonymous_5)
FN:41,(anonymous_6)
FN:42,(anonymous_7)
FN:47,(anonymous_8)
FN:51,(anonymous_9)
FN:54,(anonymous_10)
FN:59,(anonymous_11)
FN:62,(anonymous_12)
FN:69,(anonymous_13)
FN:72,(anonymous_14)
FN:77,(anonymous_15)
FN:84,(anonymous_16)
FN:85,(anonymous_17)
FN:90,(anonymous_18)
FN:97,(anonymous_19)
FN:106,(anonymous_20)
FN:109,(anonymous_21)
FNF:22
FNH:2
FNDA:11,(anonymous_0)
FNDA:11,(anonymous_1)
FNDA:0,(anonymous_2)
FNDA:0,(anonymous_3)
FNDA:0,(anonymous_4)
FNDA:0,(anonymous_5)
FNDA:0,(anonymous_6)
FNDA:0,(anonymous_7)
FNDA:0,(anonymous_8)
FNDA:0,(anonymous_9)
FNDA:0,(anonymous_10)
FNDA:0,(anonymous_11)
FNDA:0,(anonymous_12)
FNDA:0,(anonymous_13)
FNDA:0,(anonymous_14)
FNDA:0,(anonymous_15)
FNDA:0,(anonymous_16)
FNDA:0,(anonymous_17)
FNDA:0,(anonymous_18)
FNDA:0,(anonymous_19)
FNDA:0,(anonymous_20)
FNDA:0,(anonymous_21)
DA:2,11
DA:3,11
DA:4,11
DA:17,11
DA:18,0
DA:19,0
DA:23,11
DA:25,0
DA:26,0
DA:27,0
DA:28,0
DA:32,0
DA:34,0
DA:38,0
DA:41,0
DA:42,0
DA:45,0
DA:49,0
DA:52,0
DA:54,0
DA:60,0
DA:63,0
DA:70,0
DA:72,0
DA:79,0
DA:84,0
DA:85,0
DA:92,0
DA:97,0
DA:107,0
DA:109,0
LF:31
LH:5
BRDA:18,0,0,0
BRDA:18,0,1,0
BRDA:18,1,0,0
BRDA:18,1,1,0
BRDA:28,2,0,0
BRDA:28,2,1,0
BRDA:30,3,0,0
BRDA:30,3,1,0
BRDA:74,4,0,0
BRDA:74,4,1,0
BRDA:81,5,0,0
BRDA:81,5,1,0
BRDA:89,6,0,0
BRDA:89,6,1,0
BRDA:89,7,0,0
BRDA:89,7,1,0
BRDA:93,8,0,0
BRDA:93,8,1,0
BRDA:104,9,0,0
BRDA:104,9,1,0
BRDA:104,10,0,0
BRDA:104,10,1,0
BRF:22
BRH:0
end_of_record
TN:
SF:source/GitGenUi/Commands/CommandsLib/EditStoryName.js
FN:3,(anonymous_0)
FN:4,(anonymous_1)
FN:5,(anonymous_2)
FNF:3
FNH:2
FNDA:11,(anonymous_0)
FNDA:11,(anonymous_1)
FNDA:0,(anonymous_2)
DA:2,11
DA:3,11
DA:4,11
DA:5,11
DA:6,0
LF:5
LH:4
BRF:0
BRH:0
end_of_record
TN:
SF:source/GitGenUi/Commands/CommandsLib/Lib.js
FN:3,(anonymous_0)
FN:7,(anonymous_1)
FN:16,(anonymous_2)
FN:23,(anonymous_3)
FN:24,(anonymous_4)
FN:25,(anonymous_5)
FN:28,(anonymous_6)
FN:30,(anonymous_7)
FN:31,(anonymous_8)
FN:33,(anonymous_9)
FN:33,(anonymous_10)
FN:39,(anonymous_11)
FN:50,(anonymous_12)
FN:60,(anonymous_13)
FN:61,(anonymous_14)
FN:68,(anonymous_15)
FN:70,(anonymous_16)
FN:71,(anonymous_17)
FN:71,(anonymous_18)
FN:73,(anonymous_19)
FN:74,(anonymous_20)
FN:83,(anonymous_21)
FN:84,(anonymous_22)
FNF:23
FNH:3
FNDA:11,(anonymous_0)
FNDA:11,(anonymous_1)
FNDA:77,(anonymous_2)
FNDA:0,(anonymous_3)
FNDA:0,(anonymous_4)
FNDA:0,(anonymous_5)
FNDA:0,(anonymous_6)
FNDA:0,(anonymous_7)
FNDA:0,(anonymous_8)
FNDA:0,(anonymous_9)
FNDA:0,(anonymous_10)
FNDA:0,(anonymous_11)
FNDA:0,(anonymous_12)
FNDA:0,(anonymous_13)
FNDA:0,(anonymous_14)
FNDA:0,(anonymous_15)
FNDA:0,(anonymous_16)
FNDA:0,(anonymous_17)
FNDA:0,(anonymous_18)
FNDA:0,(anonymous_19)
FNDA:0,(anonymous_20)
FNDA:0,(anonymous_21)
FNDA:0,(anonymous_22)
DA:2,11
DA:3,11
DA:4,11
DA:15,11
DA:22,77
DA:23,77
DA:24,0
DA:26,0
DA:28,0
DA:31,0
DA:32,0
DA:33,0
DA:34,0
DA:41,0
DA:42,0
DA:43,0
DA:44,0
DA:49,0
DA:50,0
DA:52,0
DA:56,0
DA:58,0
DA:61,0
DA:63,0
DA:71,0
DA:74,0
DA:75,0
DA:84,0
DA:85,0
LF:29
LH:6
BRDA:22,0,0,0
BRDA:22,0,1,77
BRDA:26,1,0,0
BRDA:26,1,1,0
BRDA:32,2,0,0
BRDA:32,2,1,0
BRDA:34,3,0,0
BRDA:34,3,1,0
BRDA:44,4,0,0
BRDA:44,4,1,0
BRDA:45,5,0,0
BRDA:45,5,1,0
BRDA:47,6,0,0
BRDA:47,6,1,0
BRDA:49,7,0,0
BRDA:49,7,1,0
BRDA:64,8,0,0
BRDA:64,8,1,0
BRDA:64,8,2,0
BRDA:64,8,3,0
BRDA:75,9,0,0
BRDA:75,9,1,0
BRDA:85,10,0,0
BRDA:85,10,1,0
BRF:24
BRH:1
end_of_record
TN:
SF:source/GitGenUi/Commands/CommandsLib/SelectCoauthors.js
FN:3,(anonymous_0)
FN:4,(anonymous_1)
FN:5,(anonymous_2)
FN:14,(anonymous_3)
FN:22,(anonymous_4)
FN:22,(anonymous_5)
FNF:6
FNH:2
FNDA:11,(anonymous_0)
FNDA:11,(anonymous_1)
FNDA:0,(anonymous_2)
FNDA:0,(anonymous_3)
FNDA:0,(anonymous_4)
FNDA:0,(anonymous_5)
DA:2,11
DA:3,11
DA:4,11
DA:5,11
DA:7,0
DA:8,0
DA:15,0
DA:22,0
LF:8
LH:4
BRDA:7,0,0,0
BRDA:7,0,1,0
BRDA:8,1,0,0
BRDA:8,1,1,0
BRDA:8,2,0,0
BRDA:8,2,1,0
BRDA:9,3,0,0
BRDA:9,3,1,0
BRF:8
BRH:0
end_of_record
TN:
SF:source/GitGenUi/Commands/CommandsLib/SelectCommitFormat.js
FN:3,(anonymous_0)
FN:7,(anonymous_1)
FN:9,(anonymous_2)
FN:27,(anonymous_3)
FNF:4
FNH:2
FNDA:11,(anonymous_0)
FNDA:11,(anonymous_1)
FNDA:0,(anonymous_2)
FNDA:0,(anonymous_3)
DA:2,11
DA:3,11
DA:4,11
DA:9,11
DA:10,0
DA:27,0
LF:6
LH:4
BRF:0
BRH:0
end_of_record
TN:
SF:source/GitGenUi/Commands/CommandsLib/SelectCommitType.js
FN:3,(anonymous_0)
FN:7,(anonymous_1)
FN:8,(anonymous_2)
FN:18,(anonymous_3)
FN:23,(anonymous_4)
FNF:5
FNH:2
FNDA:11,(anonymous_0)
FNDA:11,(anonymous_1)
FNDA:0,(anonymous_2)
FNDA:0,(anonymous_3)
FNDA:0,(anonymous_4)
DA:2,11
DA:3,11
DA:4,11
DA:8,11
DA:9,0
DA:12,0
DA:19,0
DA:23,0
LF:8
LH:4
BRF:0
BRH:0
end_of_record
TN:
SF:source/GitGenUi/Commands/CommandsLib/SelectMembers.js
FN:3,(anonymous_0)
FN:4,(anonymous_1)
FN:5,(anonymous_2)
FN:13,(anonymous_3)
FN:23,(anonymous_4)
FN:23,(anonymous_5)
FNF:6
FNH:2
FNDA:11,(anonymous_0)
FNDA:11,(anonymous_1)
FNDA:0,(anonymous_2)
FNDA:0,(anonymous_3)
FNDA:0,(anonymous_4)
FNDA:0,(anonymous_5)
DA:2,11
DA:3,11
DA:4,11
DA:5,11
DA:7,0
DA:8,0
DA:14,0
DA:23,0
LF:8
LH:4
BRDA:5,0,0,0
BRDA:7,1,0,0
BRDA:7,1,1,0
BRDA:8,2,0,0
BRDA:8,2,1,0
BRDA:8,3,0,0
BRDA:8,3,1,0
BRDA:12,4,0,0
BRDA:12,4,1,0
BRDA:19,5,0,0
BRDA:19,5,1,0
BRF:11
BRH:0
end_of_record
TN:
SF:source/GitGenUi/Commands/CommandsLib/SelectStory.js
FN:3,(anonymous_0)
FN:7,(anonymous_1)
FN:10,(anonymous_2)
FN:15,(anonymous_3)
FN:25,(anonymous_4)
FN:35,(anonymous_5)
FNF:6
FNH:2
FNDA:11,(anonymous_0)
FNDA:11,(anonymous_1)
FNDA:0,(anonymous_2)
FNDA:0,(anonymous_3)
FNDA:0,(anonymous_4)
FNDA:0,(anonymous_5)
DA:2,11
DA:3,11
DA:4,11
DA:9,11
DA:10,11
DA:12,0
DA:13,0
DA:14,0
DA:15,0
DA:16,0
DA:26,0
DA:36,0
LF:12
LH:5
BRDA:18,0,0,0
BRDA:18,0,1,0
BRDA:19,1,0,0
BRDA:19,1,1,0
BRDA:36,2,0,0
BRDA:36,2,1,0
BRDA:36,3,0,0
BRDA:36,3,1,0
BRF:8
BRH:0
end_of_record
TN:
SF:source/GitGenUi/Commands/CommandsLib/SelectStoryEstimate.js
FN:3,(anonymous_0)
FN:4,(anonymous_1)
FN:5,(anonymous_2)
FN:15,(anonymous_3)
FNF:4
FNH:2
FNDA:11,(anonymous_0)
FNDA:11,(anonymous_1)
FNDA:0,(anonymous_2)
FNDA:0,(anonymous_3)
DA:2,11
DA:3,11
DA:4,11
DA:5,11
DA:7,0
DA:15,0
LF:6
LH:4
BRDA:11,0,0,0
BRDA:11,0,1,0
BRF:2
BRH:0
end_of_record
TN:
SF:source/GitGenUi/Commands/CommandsLib/SelectStoryState.js
FN:3,(anonymous_0)
FN:4,(anonymous_1)
FN:5,(anonymous_2)
FNF:3
FNH:2
FNDA:11,(anonymous_0)
FNDA:11,(anonymous_1)
FNDA:0,(anonymous_2)
DA:2,11
DA:3,11
DA:4,11
DA:5,11
DA:6,0
LF:5
LH:4
BRDA:8,0,0,0
BRDA:8,0,1,0
BRF:2
BRH:0
end_of_record
TN:
SF:source/GitGenUi/Commands/CommandsLib/StoryMenu.js
FN:3,(anonymous_0)
FN:7,(anonymous_1)
FN:8,(anonymous_2)
FNF:3
FNH:2
FNDA:11,(anonymous_0)
FNDA:11,(anonymous_1)
FNDA:0,(anonymous_2)
DA:2,11
DA:3,11
DA:4,11
DA:8,11
DA:12,0
DA:17,0
LF:6
LH:4
BRF:0
BRH:0
end_of_record
TN:
SF:source/GitGenUi/Commands/CommandsLib/fillInMissingState.js
FN:3,(anonymous_0)
FN:7,(anonymous_1)
FN:9,(anonymous_2)
FN:11,(anonymous_3)
FN:16,(anonymous_4)
FN:21,(anonymous_5)
FN:26,(anonymous_6)
FNF:7
FNH:2
FNDA:11,(anonymous_0)
FNDA:11,(anonymous_1)
FNDA:0,(anonymous_2)
FNDA:0,(anonymous_3)
FNDA:0,(anonymous_4)
FNDA:0,(anonymous_5)
FNDA:0,(anonymous_6)
DA:2,11
DA:3,11
DA:4,11
DA:9,11
DA:10,0
DA:12,0
DA:17,0
DA:22,0
DA:27,0
LF:9
LH:4
BRDA:12,0,0,0
BRDA:12,0,1,0
BRDA:17,1,0,0
BRDA:17,1,1,0
BRDA:22,2,0,0
BRDA:22,2,1,0
BRDA:22,3,0,0
BRDA:22,3,1,0
BRDA:27,4,0,0
BRDA:27,4,1,0
BRF:10
BRH:0
end_of_record
TN:
SF:source/GitGenUi/Commands/CommandsLib/index.js
FNF:0
FNH:0
DA:4,11
LF:1
LH:1
BRF:0
BRH:0
end_of_record
TN:
SF:source/GitGenUi/Commands/CommandsLib/namespace.js
FNF:0
FNH:0
DA:4,11
LF:1
LH:1
BRF:0
BRH:0
end_of_record
TN:
SF:source/GitGenUi/Config/Config.js
FN:3,(anonymous_0)
FN:5,(anonymous_1)
FN:8,(anonymous_2)
FN:9,(anonymous_3)
FNF:4
FNH:4
FNDA:11,(anonymous_0)
FNDA:2,(anonymous_1)
FNDA:2,(anonymous_2)
FNDA:2,(anonymous_3)
DA:2,11
DA:3,11
DA:4,11
DA:6,2
DA:8,2
DA:9,2
LF:6
LH:6
BRF:0
BRH:0
end_of_record
TN:
SF:source/GitGenUi/Config/ConfigShared.js
FN:3,(anonymous_0)
FN:23,(anonymous_1)
FN:43,(anonymous_2)
FN:44,(anonymous_3)
FN:47,(anonymous_4)
FN:48,(anonymous_5)
FN:50,(anonymous_6)
FN:52,(anonymous_7)
FN:61,(anonymous_8)
FN:68,(anonymous_9)
FN:69,(anonymous_10)
FN:73,(anonymous_11)
FN:74,(anonymous_12)
FN:78,(anonymous_13)
FN:81,(anonymous_14)
FN:84,(anonymous_15)
FN:88,(anonymous_16)
FN:89,(anonymous_17)
FN:90,(anonymous_18)
FN:95,(anonymous_19)
FN:99,(anonymous_20)
FN:110,(anonymous_21)
FN:112,(anonymous_22)
FN:119,(anonymous_23)
FN:124,(anonymous_24)
FN:129,(anonymous_25)
FN:136,(anonymous_26)
FN:141,(anonymous_27)
FN:142,(anonymous_28)
FN:147,(anonymous_29)
FN:149,(anonymous_30)
FN:150,(anonymous_31)
FN:153,(anonymous_32)
FN:158,(anonymous_33)
FN:161,(anonymous_34)
FN:162,(anonymous_35)
FNF:36
FNH:28
FNDA:11,(anonymous_0)
FNDA:11,(anonymous_1)
FNDA:11,(anonymous_2)
FNDA:4,(anonymous_3)
FNDA:4,(anonymous_4)
FNDA:4,(anonymous_5)
FNDA:8,(anonymous_6)
FNDA:8,(anonymous_7)
FNDA:8,(anonymous_8)
FNDA:0,(anonymous_9)
FNDA:0,(anonymous_10)
FNDA:0,(anonymous_11)
FNDA:0,(anonymous_12)
FNDA:0,(anonymous_13)
FNDA:0,(anonymous_14)
FNDA:0,(anonymous_15)
FNDA:24,(anonymous_16)
FNDA:24,(anonymous_17)
FNDA:24,(anonymous_18)
FNDA:45,(anonymous_19)
FNDA:0,(anonymous_20)
FNDA:46,(anonymous_21)
FNDA:32,(anonymous_22)
FNDA:1,(anonymous_23)
FNDA:1,(anonymous_24)
FNDA:1,(anonymous_25)
FNDA:5,(anonymous_26)
FNDA:5,(anonymous_27)
FNDA:5,(anonymous_28)
FNDA:5,(anonymous_29)
FNDA:8,(anonymous_30)
FNDA:8,(anonymous_31)
FNDA:8,(anonymous_32)
FNDA:5,(anonymous_33)
FNDA:8,(anonymous_34)
FNDA:8,(anonymous_35)
DA:2,11
DA:3,11
DA:4,11
DA:41,11
DA:44,11
DA:45,4
DA:47,4
DA:48,4
DA:50,11
DA:51,8
DA:53,8
DA:54,0
DA:56,8
DA:57,0
DA:59,8
DA:62,8
DA:63,8
DA:66,11
DA:67,11
DA:69,0
DA:70,0
DA:74,0
DA:75,0
DA:79,0
DA:82,0
DA:85,0
DA:88,11
DA:89,24
DA:90,24
DA:91,24
DA:93,1
DA:95,23
DA:96,45
DA:99,0
DA:100,0
DA:110,11
DA:111,46
DA:114,32
DA:117,46
DA:120,1
DA:122,46
DA:125,1
DA:127,46
DA:130,1
DA:136,11
DA:137,5
DA:138,5
DA:139,5
DA:141,11
DA:142,5
DA:143,5
DA:147,5
DA:149,11
DA:150,8
DA:151,8
DA:154,8
DA:155,8
DA:158,5
DA:161,8
DA:162,8
LF:60
LH:49
BRDA:53,0,0,0
BRDA:53,0,1,8
BRDA:53,1,0,8
BRDA:53,1,1,8
BRDA:56,2,0,0
BRDA:56,2,1,8
BRDA:56,3,0,8
BRDA:56,3,1,8
BRDA:91,4,0,1
BRDA:91,4,1,23
BRDA:91,4,2,0
BRDA:114,5,0,32
BRDA:114,5,1,0
BRDA:155,6,0,5
BRDA:155,6,1,3
BRF:15
BRH:11
end_of_record
TN:
SF:source/GitGenUi/Config/ProjectConfig.js
FN:3,(anonymous_0)
FN:4,(anonymous_1)
FN:8,(anonymous_2)
FN:12,(anonymous_3)
FN:15,(anonymous_4)
FN:18,(anonymous_5)
FN:21,(anonymous_6)
FN:25,(anonymous_7)
FN:28,(anonymous_8)
FNF:9
FNH:8
FNDA:11,(anonymous_0)
FNDA:11,(anonymous_1)
FNDA:11,(anonymous_2)
FNDA:4,(anonymous_3)
FNDA:3,(anonymous_4)
FNDA:1,(anonymous_5)
FNDA:0,(anonymous_6)
FNDA:3,(anonymous_7)
FNDA:3,(anonymous_8)
DA:2,11
DA:3,11
DA:4,11
DA:6,11
DA:9,11
DA:10,11
DA:11,11
DA:13,4
DA:16,3
DA:19,1
DA:22,0
DA:25,11
DA:26,3
DA:28,3
LF:14
LH:13
BRF:0
BRH:0
end_of_record
TN:
SF:source/GitGenUi/Config/ProjectFiles.js
FN:3,(anonymous_0)
FN:11,(anonymous_1)
FN:15,(anonymous_2)
FN:18,(anonymous_3)
FN:23,(anonymous_4)
FNF:5
FNH:5
FNDA:11,(anonymous_0)
FNDA:11,(anonymous_1)
FNDA:11,(anonymous_2)
FNDA:6,(anonymous_3)
FNDA:6,(anonymous_4)
DA:2,11
DA:3,11
DA:4,11
DA:13,11
DA:16,11
DA:17,11
DA:18,11
DA:19,6
DA:24,6
DA:25,6
DA:28,11
LF:11
LH:11
BRF:0
BRH:0
end_of_record
TN:
SF:source/GitGenUi/Config/SourceRoots.js
FN:3,(anonymous_0)
FN:7,(anonymous_1)
FN:14,(anonymous_2)
FN:20,(anonymous_3)
FN:22,(anonymous_4)
FN:24,(anonymous_5)
FN:31,(anonymous_6)
FN:37,(anonymous_7)
FN:39,(anonymous_8)
FN:41,(anonymous_9)
FN:45,(anonymous_10)
FNF:11
FNH:11
FNDA:11,(anonymous_0)
FNDA:11,(anonymous_1)
FNDA:7,(anonymous_2)
FNDA:11,(anonymous_3)
FNDA:13,(anonymous_4)
FNDA:13,(anonymous_5)
FNDA:13,(anonymous_6)
FNDA:29,(anonymous_7)
FNDA:81,(anonymous_8)
FNDA:81,(anonymous_9)
FNDA:29,(anonymous_10)
DA:2,11
DA:3,11
DA:4,11
DA:9,11
DA:10,11
DA:11,11
DA:12,11
DA:15,7
DA:16,7
DA:17,7
DA:21,11
DA:22,11
DA:23,13
DA:24,13
DA:25,13
DA:26,0
DA:28,13
DA:32,13
DA:37,11
DA:38,29
DA:41,81
DA:42,81
DA:46,29
LF:23
LH:22
BRDA:25,0,0,0
BRDA:25,0,1,13
BRDA:29,1,0,13
BRDA:29,1,1,13
BRDA:32,2,0,13
BRDA:32,2,1,2
BRDA:42,3,0,16
BRDA:42,3,1,65
BRDA:46,4,0,11
BRDA:46,4,1,18
BRDA:48,5,0,16
BRDA:48,5,1,2
BRDA:48,6,0,18
BRDA:48,6,1,18
BRDA:48,6,2,16
BRF:15
BRH:14
end_of_record
TN:
SF:source/GitGenUi/Config/StandardImport.js
FN:3,(anonymous_0)
FNF:1
FNH:1
FNDA:11,(anonymous_0)
DA:2,11
DA:3,11
DA:4,11
LF:3
LH:3
BRF:0
BRH:0
end_of_record
TN:
SF:source/GitGenUi/Config/UserConfig.js
FN:3,(anonymous_0)
FN:15,(anonymous_1)
FN:19,(anonymous_2)
FN:22,(anonymous_3)
FN:38,(anonymous_4)
FN:41,(anonymous_5)
FN:44,(anonymous_6)
FN:50,(anonymous_7)
FN:54,(anonymous_8)
FN:61,(anonymous_9)
FN:65,(anonymous_10)
FN:67,(anonymous_11)
FNF:12
FNH:10
FNDA:11,(anonymous_0)
FNDA:11,(anonymous_1)
FNDA:11,(anonymous_2)
FNDA:6,(anonymous_3)
FNDA:3,(anonymous_4)
FNDA:3,(anonymous_5)
FNDA:1,(anonymous_6)
FNDA:3,(anonymous_7)
FNDA:3,(anonymous_8)
FNDA:0,(anonymous_9)
FNDA:3,(anonymous_10)
FNDA:0,(anonymous_11)
DA:2,11
DA:3,11
DA:4,11
DA:17,11
DA:21,11
DA:22,11
DA:28,6
DA:37,11
DA:39,3
DA:42,3
DA:45,1
DA:48,11
DA:49,11
DA:50,11
DA:51,3
DA:52,3
DA:55,3
DA:62,0
DA:65,3
DA:67,11
DA:72,0
DA:73,0
DA:75,0
LF:23
LH:19
BRDA:28,0,0,5
BRDA:28,0,1,1
BRDA:29,1,0,4
BRDA:29,1,1,2
BRDA:31,2,0,2
BRDA:31,2,1,1
BRDA:31,2,2,1
BRDA:31,2,3,1
BRDA:44,3,0,1
BRDA:51,4,0,1
BRDA:51,4,1,2
BRDA:69,5,0,0
BRDA:72,6,0,0
BRDA:72,6,1,0
BRDA:81,7,0,0
BRDA:81,7,1,0
BRDA:82,8,0,0
BRDA:82,8,1,0
BRF:18
BRH:11
end_of_record
TN:
SF:source/GitGenUi/Config/index.js
FNF:0
FNH:0
DA:4,11
LF:1
LH:1
BRF:0
BRH:0
end_of_record
TN:
SF:source/GitGenUi/Config/namespace.js
FNF:0
FNH:0
DA:4,11
LF:1
LH:1
BRF:0
BRH:0
end_of_record
TN:
SF:source/GitGenUi/Lib/Autocomplete.js
FN:3,(anonymous_0)
FN:12,(anonymous_1)
FN:15,(anonymous_2)
FN:16,(anonymous_3)
FN:20,(anonymous_4)
FNF:5
FNH:2
FNDA:11,(anonymous_0)
FNDA:11,(anonymous_1)
FNDA:0,(anonymous_2)
FNDA:0,(anonymous_3)
FNDA:0,(anonymous_4)
DA:2,11
DA:3,11
DA:4,11
DA:14,11
DA:16,0
DA:18,0
DA:19,0
DA:21,0
LF:8
LH:4
BRF:0
BRH:0
end_of_record
TN:
SF:source/GitGenUi/Lib/CommitParser.js
FN:3,(anonymous_0)
FN:7,(anonymous_1)
FN:11,(anonymous_2)
FN:12,(anonymous_3)
FN:62,(anonymous_4)
FN:84,(anonymous_5)
FN:105,(anonymous_6)
FN:106,(anonymous_7)
FNF:8
FNH:8
FNDA:11,(anonymous_0)
FNDA:11,(anonymous_1)
FNDA:11,(anonymous_2)
FNDA:29,(anonymous_3)
FNDA:7,(anonymous_4)
FNDA:23,(anonymous_5)
FNDA:56,(anonymous_6)
FNDA:216,(anonymous_7)
DA:2,11
DA:3,11
DA:4,11
DA:9,11
DA:12,11
DA:30,29
DA:31,27
DA:32,0
DA:34,27
DA:35,27
DA:36,27
DA:37,27
DA:38,27
DA:39,10
DA:40,10
DA:41,10
DA:42,10
DA:43,10
DA:45,10
DA:46,10
DA:47,1
DA:50,27
DA:51,27
DA:52,2
DA:53,2
DA:56,27
DA:57,27
DA:58,27
DA:64,7
DA:65,7
DA:66,7
DA:77,27
DA:81,2
DA:83,27
DA:84,23
DA:85,23
DA:87,1
DA:89,1
DA:93,27
DA:103,27
DA:105,56
DA:106,216
DA:109,11
LF:43
LH:42
BRDA:31,0,0,0
BRDA:31,0,1,27
BRDA:31,1,0,27
BRDA:31,1,1,0
BRDA:35,2,0,27
BRDA:35,2,1,0
BRDA:38,3,0,10
BRDA:38,3,1,17
BRDA:40,4,0,10
BRDA:40,4,1,0
BRDA:46,5,0,1
BRDA:46,5,1,9
BRDA:51,6,0,2
BRDA:51,6,1,25
BRDA:59,7,0,6
BRDA:59,7,1,21
BRDA:59,8,0,27
BRDA:59,8,1,6
BRDA:67,9,0,1
BRDA:67,9,1,6
BRDA:68,10,0,1
BRDA:68,10,1,0
BRDA:77,11,0,2
BRDA:77,11,1,25
BRDA:78,12,0,27
BRDA:78,12,1,26
BRDA:78,12,2,6
BRDA:83,13,0,23
BRDA:83,13,1,4
BRDA:85,14,0,1
BRDA:85,14,1,1
BRDA:85,15,0,23
BRDA:85,15,1,6
BRDA:105,16,0,6
BRDA:105,16,1,50
BRF:35
BRH:30
end_of_record
TN:
SF:source/GitGenUi/Lib/CommitStateLib.js
FN:3,(anonymous_0)
FN:21,(anonymous_1)
FN:35,(anonymous_2)
FN:38,(anonymous_3)
FN:54,(anonymous_4)
FN:79,(anonymous_5)
FN:86,(anonymous_6)
FN:115,(anonymous_7)
FN:130,(anonymous_8)
FN:136,(anonymous_9)
FN:141,(anonymous_10)
FN:143,(anonymous_11)
FN:145,(anonymous_12)
FN:147,(anonymous_13)
FN:152,(anonymous_14)
FN:157,(anonymous_15)
FNF:16
FNH:15
FNDA:11,(anonymous_0)
FNDA:11,(anonymous_1)
FNDA:12,(anonymous_2)
FNDA:21,(anonymous_3)
FNDA:8,(anonymous_4)
FNDA:3,(anonymous_5)
FNDA:2,(anonymous_6)
FNDA:1,(anonymous_7)
FNDA:0,(anonymous_8)
FNDA:1,(anonymous_9)
FNDA:1,(anonymous_10)
FNDA:1,(anonymous_11)
FNDA:1,(anonymous_12)
FNDA:1,(anonymous_13)
FNDA:1,(anonymous_14)
FNDA:1,(anonymous_15)
DA:2,11
DA:3,11
DA:4,11
DA:33,11
DA:34,11
DA:36,12
DA:49,21
DA:55,8
DA:57,1
DA:59,4
DA:61,0
DA:63,3
DA:79,3
DA:94,2
DA:95,2
DA:96,2
DA:97,2
DA:98,2
DA:99,2
DA:117,1
DA:131,0
DA:132,0
DA:134,0
DA:137,1
DA:141,1
DA:143,1
DA:145,1
DA:147,1
DA:153,1
DA:158,1
LF:30
LH:26
BRDA:50,0,0,16
BRDA:50,0,1,5
BRDA:51,1,0,8
BRDA:51,1,1,13
BRDA:51,2,0,5
BRDA:51,2,1,16
BRDA:53,3,0,16
BRDA:53,3,1,4
BRDA:55,4,0,1
BRDA:55,4,1,4
BRDA:55,4,2,0
BRDA:55,4,3,3
BRDA:68,5,0,17
BRDA:68,5,1,4
BRDA:69,6,0,3
BRDA:69,6,1,18
BRDA:72,7,0,1
BRDA:72,7,1,20
BRDA:75,8,0,2
BRDA:75,8,1,19
BRDA:75,9,0,21
BRDA:75,9,1,2
BRDA:100,10,0,2
BRDA:100,10,1,2
BRDA:102,11,0,1
BRDA:102,11,1,1
BRDA:102,12,0,2
BRDA:102,12,1,1
BRDA:106,13,0,1
BRDA:106,13,1,1
BRDA:106,14,0,2
BRDA:106,14,1,1
BRDA:131,15,0,0
BRDA:131,15,1,0
BRDA:136,16,0,0
BRDA:141,17,0,1
BRDA:141,17,1,1
BRDA:143,18,0,1
BRDA:143,18,1,1
BRDA:145,19,0,1
BRDA:145,19,1,1
BRDA:147,20,0,1
BRDA:147,20,1,1
BRDA:153,21,0,0
BRDA:153,21,1,1
BRDA:158,22,0,1
BRDA:158,22,1,0
BRF:47
BRH:41
end_of_record
TN:
SF:source/GitGenUi/Lib/Lib.js
FN:3,(anonymous_0)
FN:4,(anonymous_1)
FNF:2
FNH:2
FNDA:11,(anonymous_0)
FNDA:11,(anonymous_1)
DA:2,11
DA:3,11
DA:4,11
DA:5,11
LF:4
LH:4
BRF:0
BRH:0
end_of_record
TN:
SF:source/GitGenUi/Lib/Presenters.js
FN:3,(anonymous_0)
FN:14,(anonymous_1)
FN:17,(anonymous_2)
FN:25,(anonymous_3)
FN:28,(anonymous_4)
FNF:5
FNH:2
FNDA:11,(anonymous_0)
FNDA:11,(anonymous_1)
FNDA:0,(anonymous_2)
FNDA:0,(anonymous_3)
FNDA:0,(anonymous_4)
DA:2,11
DA:3,11
DA:4,11
DA:16,11
DA:18,0
DA:26,0
DA:28,0
LF:7
LH:4
BRDA:19,0,0,0
BRDA:19,0,1,0
BRDA:25,1,0,0
BRDA:26,2,0,0
BRDA:26,2,1,0
BRDA:27,3,0,0
BRDA:27,3,1,0
BRDA:27,4,0,0
BRDA:27,4,1,0
BRDA:29,5,0,0
BRDA:29,5,1,0
BRF:11
BRH:0
end_of_record
TN:
SF:source/GitGenUi/Lib/SearchSort.js
FN:3,(anonymous_0)
FN:7,(anonymous_1)
FN:15,(anonymous_2)
FN:19,(anonymous_3)
FN:22,(anonymous_4)
FN:26,(anonymous_5)
FN:32,(anonymous_6)
FN:39,(anonymous_7)
FN:67,(anonymous_8)
FN:79,(anonymous_9)
FN:93,(anonymous_10)
FNF:11
FNH:10
FNDA:11,(anonymous_0)
FNDA:11,(anonymous_1)
FNDA:0,(anonymous_2)
FNDA:107,(anonymous_3)
FNDA:11,(anonymous_4)
FNDA:36,(anonymous_5)
FNDA:36,(anonymous_6)
FNDA:65,(anonymous_7)
FNDA:7,(anonymous_8)
FNDA:61,(anonymous_9)
FNDA:45,(anonymous_10)
DA:2,11
DA:3,11
DA:4,11
DA:14,11
DA:15,11
DA:16,0
DA:18,11
DA:20,107
DA:23,11
DA:27,36
DA:33,36
DA:44,65
DA:45,65
DA:46,65
DA:47,65
DA:52,106
DA:55,106
DA:57,106
DA:65,65
DA:72,7
DA:73,0
DA:75,7
DA:76,7
DA:81,61
DA:91,7
DA:93,45
LF:26
LH:24
BRDA:48,0,0,171
BRDA:48,0,1,106
BRDA:53,1,0,106
BRDA:53,1,1,94
BRDA:53,1,2,94
BRDA:60,2,0,85
BRDA:60,2,1,21
BRDA:72,3,0,0
BRDA:72,3,1,7
BRDA:81,4,0,45
BRDA:81,4,1,16
BRF:11
BRH:10
end_of_record
TN:
SF:source/GitGenUi/Lib/StandardImport.js
FN:3,(anonymous_0)
FNF:1
FNH:1
FNDA:11,(anonymous_0)
DA:2,11
DA:3,11
DA:4,11
LF:3
LH:3
BRF:0
BRH:0
end_of_record
TN:
SF:source/GitGenUi/Lib/applyActions.js
FN:3,(anonymous_0)
FN:7,(anonymous_1)
FN:9,(anonymous_2)
FN:11,(anonymous_3)
FN:15,(anonymous_4)
FN:16,(anonymous_5)
FN:17,(anonymous_6)
FN:29,(anonymous_7)
FN:30,(anonymous_8)
FN:31,(anonymous_9)
FN:46,(anonymous_10)
FN:49,(anonymous_11)
FNF:12
FNH:12
FNDA:11,(anonymous_0)
FNDA:11,(anonymous_1)
FNDA:6,(anonymous_2)
FNDA:6,(anonymous_3)
FNDA:7,(anonymous_4)
FNDA:7,(anonymous_5)
FNDA:7,(anonymous_6)
FNDA:6,(anonymous_7)
FNDA:1,(anonymous_8)
FNDA:1,(anonymous_9)
FNDA:6,(anonymous_10)
FNDA:12,(anonymous_11)
DA:2,11
DA:3,11
DA:4,11
DA:9,11
DA:11,6
DA:12,6
DA:13,6
DA:16,7
DA:17,7
DA:19,7
DA:20,0
DA:24,7
DA:25,0
DA:27,7
DA:29,6
DA:30,1
DA:32,1
DA:33,0
DA:42,1
DA:46,6
DA:47,6
DA:49,12
LF:22
LH:19
BRDA:19,0,0,0
BRDA:19,0,1,7
BRDA:24,1,0,0
BRDA:24,1,1,7
BRDA:24,2,0,7
BRDA:24,2,1,7
BRDA:32,3,0,0
BRDA:32,3,1,1
BRDA:32,4,0,1
BRDA:32,4,1,1
BRF:10
BRH:7
end_of_record
TN:
SF:source/GitGenUi/Lib/ignoreRejections.js
FN:3,(anonymous_0)
FN:7,(anonymous_1)
FN:9,(anonymous_2)
FN:10,(anonymous_3)
FNF:4
FNH:3
FNDA:11,(anonymous_0)
FNDA:11,(anonymous_1)
FNDA:4,(anonymous_2)
FNDA:0,(anonymous_3)
DA:2,11
DA:3,11
DA:4,11
DA:9,11
DA:10,4
DA:11,0
DA:12,0
LF:7
LH:5
BRF:0
BRH:0
end_of_record
TN:
SF:source/GitGenUi/Lib/index.js
FNF:0
FNH:0
DA:4,11
LF:1
LH:1
BRF:0
BRH:0
end_of_record
TN:
SF:source/GitGenUi/Lib/namespace.js
FNF:0
FNH:0
DA:4,11
LF:1
LH:1
BRF:0
BRH:0
end_of_record
TN:
SF:source/GitGenUi/Lib/openInExternalEditor.js
FN:3,(anonymous_0)
FN:7,(anonymous_1)
FN:9,(anonymous_2)
FN:10,(anonymous_3)
FN:14,(anonymous_4)
FN:26,(anonymous_5)
FN:36,(anonymous_6)
FN:37,(anonymous_7)
FN:38,(anonymous_8)
FNF:9
FNH:2
FNDA:11,(anonymous_0)
FNDA:11,(anonymous_1)
FNDA:0,(anonymous_2)
FNDA:0,(anonymous_3)
FNDA:0,(anonymous_4)
FNDA:0,(anonymous_5)
FNDA:0,(anonymous_6)
FNDA:0,(anonymous_7)
FNDA:0,(anonymous_8)
DA:2,11
DA:3,11
DA:4,11
DA:9,11
DA:10,0
DA:11,0
DA:14,11
DA:16,0
DA:18,0
DA:26,0
DA:36,0
DA:37,0
DA:38,0
LF:13
LH:5
BRDA:18,0,0,0
BRDA:18,0,1,0
BRDA:38,1,0,0
BRDA:38,1,1,0
BRF:4
BRH:0
end_of_record
TN:
SF:source/GitGenUi/PostCommitActions/AddStoryComment.js
FN:3,(anonymous_0)
FN:7,(anonymous_1)
FN:8,(anonymous_2)
FN:23,(anonymous_3)
FNF:4
FNH:2
FNDA:11,(anonymous_0)
FNDA:11,(anonymous_1)
FNDA:0,(anonymous_2)
FNDA:0,(anonymous_3)
DA:2,11
DA:3,11
DA:4,11
DA:8,11
DA:10,0
DA:23,0
LF:6
LH:4
BRDA:10,0,0,0
BRDA:10,0,1,0
BRDA:12,1,0,0
BRDA:12,1,1,0
BRDA:17,2,0,0
BRDA:17,2,1,0
BRDA:19,3,0,0
BRDA:19,3,1,0
BRDA:19,4,0,0
BRDA:19,4,1,0
BRF:10
BRH:0
end_of_record
TN:
SF:source/GitGenUi/PostCommitActions/AutoStartStory.js
FN:3,(anonymous_0)
FN:7,(anonymous_1)
FN:8,(anonymous_2)
FN:23,(anonymous_3)
FNF:4
FNH:2
FNDA:11,(anonymous_0)
FNDA:11,(anonymous_1)
FNDA:0,(anonymous_2)
FNDA:0,(anonymous_3)
DA:2,11
DA:3,11
DA:4,11
DA:8,11
DA:10,0
DA:23,0
LF:6
LH:4
BRDA:10,0,0,0
BRDA:10,0,1,0
BRDA:10,1,0,0
BRDA:10,1,1,0
BRDA:12,2,0,0
BRDA:12,2,1,0
BRDA:19,3,0,0
BRDA:19,3,1,0
BRDA:19,4,0,0
BRDA:19,4,1,0
BRF:10
BRH:0
end_of_record
TN:
SF:source/GitGenUi/PostCommitActions/SetStoryState.js
FN:3,(anonymous_0)
FN:7,(anonymous_1)
FN:8,(anonymous_2)
FN:20,(anonymous_3)
FNF:4
FNH:2
FNDA:11,(anonymous_0)
FNDA:11,(anonymous_1)
FNDA:0,(anonymous_2)
FNDA:0,(anonymous_3)
DA:2,11
DA:3,11
DA:4,11
DA:8,11
DA:10,0
DA:11,0
DA:12,0
DA:20,0
LF:8
LH:4
BRDA:12,0,0,0
BRDA:12,0,1,0
BRDA:12,1,0,0
BRDA:12,1,1,0
BRDA:12,1,2,0
BRDA:16,2,0,0
BRDA:16,2,1,0
BRDA:16,3,0,0
BRDA:16,3,1,0
BRF:9
BRH:0
end_of_record
TN:
SF:source/GitGenUi/PostCommitActions/index.js
FNF:0
FNH:0
DA:4,11
LF:1
LH:1
BRF:0
BRH:0
end_of_record
TN:
SF:source/GitGenUi/PostCommitActions/namespace.js
FNF:0
FNH:0
DA:4,11
LF:1
LH:1
BRF:0
BRH:0
end_of_record
TN:
SF:source/GitGenUi/PromptFor/AutocompletePrompt.js
FN:3,(anonymous_0)
FN:26,(anonymous_1)
FN:61,(anonymous_2)
FN:62,(anonymous_3)
FN:70,(anonymous_4)
FN:79,(anonymous_5)
FN:90,(anonymous_6)
FN:109,(anonymous_7)
FN:110,(anonymous_8)
FN:119,(anonymous_9)
FN:128,(anonymous_10)
FN:132,(anonymous_11)
FN:133,(anonymous_12)
FN:145,(anonymous_13)
FN:154,(anonymous_14)
FN:200,(anonymous_15)
FN:203,(anonymous_16)
FN:207,(anonymous_17)
FN:211,(anonymous_18)
FN:214,(anonymous_19)
FN:218,(anonymous_20)
FN:220,(anonymous_21)
FN:224,(anonymous_22)
FN:229,(anonymous_23)
FN:233,(anonymous_24)
FN:236,(anonymous_25)
FN:255,(anonymous_26)
FN:284,(anonymous_27)
FN:295,(anonymous_28)
FN:302,(anonymous_29)
FN:306,(anonymous_30)
FN:314,(anonymous_31)
FN:323,(anonymous_32)
FN:338,(anonymous_33)
FN:359,(anonymous_34)
FN:361,(anonymous_35)
FN:369,(anonymous_36)
FN:371,(anonymous_37)
FNF:38
FNH:3
FNDA:11,(anonymous_0)
FNDA:11,(anonymous_1)
FNDA:0,(anonymous_2)
FNDA:0,(anonymous_3)
FNDA:0,(anonymous_4)
FNDA:0,(anonymous_5)
FNDA:0,(anonymous_6)
FNDA:11,(anonymous_7)
FNDA:0,(anonymous_8)
FNDA:0,(anonymous_9)
FNDA:0,(anonymous_10)
FNDA:0,(anonymous_11)
FNDA:0,(anonymous_12)
FNDA:0,(anonymous_13)
FNDA:0,(anonymous_14)
FNDA:0,(anonymous_15)
FNDA:0,(anonymous_16)
FNDA:0,(anonymous_17)
FNDA:0,(anonymous_18)
FNDA:0,(anonymous_19)
FNDA:0,(anonymous_20)
FNDA:0,(anonymous_21)
FNDA:0,(anonymous_22)
FNDA:0,(anonymous_23)
FNDA:0,(anonymous_24)
FNDA:0,(anonymous_25)
FNDA:0,(anonymous_26)
FNDA:0,(anonymous_27)
FNDA:0,(anonymous_28)
FNDA:0,(anonymous_29)
FNDA:0,(anonymous_30)
FNDA:0,(anonymous_31)
FNDA:0,(anonymous_32)
FNDA:0,(anonymous_33)
FNDA:0,(anonymous_34)
FNDA:0,(anonymous_35)
FNDA:0,(anonymous_36)
FNDA:0,(anonymous_37)
DA:2,11
DA:3,11
DA:4,11
DA:49,11
DA:50,11
DA:51,11
DA:52,11
DA:53,11
DA:54,11
DA:61,11
DA:62,0
DA:64,0
DA:68,0
DA:71,0
DA:80,0
DA:88,11
DA:91,0
DA:92,0
DA:93,0
DA:95,0
DA:96,0
DA:97,0
DA:98,0
DA:99,0
DA:100,0
DA:102,0
DA:103,0
DA:104,0
DA:105,0
DA:106,0
DA:110,11
DA:111,0
DA:112,0
DA:114,0
DA:119,11
DA:120,0
DA:121,0
DA:122,0
DA:124,0
DA:125,0
DA:126,0
DA:128,11
DA:130,0
DA:131,0
DA:132,0
DA:134,0
DA:143,0
DA:147,0
DA:155,0
DA:161,0
DA:163,0
DA:165,0
DA:166,0
DA:167,0
DA:169,0
DA:170,0
DA:171,0
DA:173,0
DA:175,0
DA:177,0
DA:178,0
DA:180,0
DA:181,0
DA:183,0
DA:184,0
DA:186,0
DA:187,0
DA:189,0
DA:192,0
DA:200,11
DA:201,0
DA:203,0
DA:205,0
DA:207,11
DA:208,0
DA:209,0
DA:211,11
DA:212,0
DA:214,11
DA:215,0
DA:218,0
DA:220,0
DA:222,0
DA:224,11
DA:225,0
DA:226,0
DA:227,0
DA:229,11
DA:230,0
DA:231,0
DA:233,11
DA:235,0
DA:236,0
DA:238,0
DA:252,0
DA:255,11
DA:257,0
DA:284,11
DA:285,0
DA:295,11
DA:296,0
DA:300,0
DA:302,11
DA:303,0
DA:307,0
DA:308,0
DA:312,0
DA:315,0
DA:316,0
DA:318,0
DA:323,11
DA:325,0
DA:326,0
DA:327,0
DA:328,0
DA:329,0
DA:331,0
DA:332,0
DA:334,0
DA:340,0
DA:359,0
DA:361,0
DA:369,0
DA:371,11
DA:372,0
LF:125
LH:27
BRDA:65,0,0,0
BRDA:65,0,1,0
BRDA:65,1,0,0
BRDA:65,1,1,0
BRDA:68,2,0,0
BRDA:68,2,1,0
BRDA:69,3,0,0
BRDA:69,3,1,0
BRDA:77,4,0,0
BRDA:77,4,1,0
BRDA:92,5,0,0
BRDA:92,5,1,0
BRDA:99,6,0,0
BRDA:99,6,1,0
BRDA:111,7,0,0
BRDA:111,7,1,0
BRDA:116,8,0,0
BRDA:116,8,1,0
BRDA:121,9,0,0
BRDA:121,9,1,0
BRDA:134,10,0,0
BRDA:134,10,1,0
BRDA:136,11,0,0
BRDA:136,11,1,0
BRDA:147,12,0,0
BRDA:147,12,1,0
BRDA:147,13,0,0
BRDA:147,13,1,0
BRDA:155,14,0,0
BRDA:155,14,1,0
BRDA:155,14,2,0
BRDA:157,15,0,0
BRDA:157,15,1,0
BRDA:166,16,0,0
BRDA:166,16,1,0
BRDA:167,17,0,0
BRDA:167,17,1,0
BRDA:167,17,2,0
BRDA:167,17,3,0
BRDA:167,17,4,0
BRDA:169,18,0,0
BRDA:169,18,1,0
BRDA:170,19,0,0
BRDA:170,19,1,0
BRDA:192,20,0,0
BRDA:192,20,1,0
BRDA:239,21,0,0
BRDA:239,21,1,0
BRDA:242,22,0,0
BRDA:242,22,1,0
BRDA:243,23,0,0
BRDA:243,23,1,0
BRDA:252,24,0,0
BRDA:252,24,1,0
BRDA:259,25,0,0
BRDA:259,25,1,0
BRDA:261,26,0,0
BRDA:261,26,1,0
BRDA:265,27,0,0
BRDA:265,27,1,0
BRDA:272,28,0,0
BRDA:272,28,1,0
BRDA:275,29,0,0
BRDA:275,29,1,0
BRDA:277,30,0,0
BRDA:277,30,1,0
BRDA:285,31,0,0
BRDA:285,31,1,0
BRDA:287,32,0,0
BRDA:287,32,1,0
BRDA:298,33,0,0
BRDA:298,33,1,0
BRDA:303,34,0,0
BRDA:303,34,1,0
BRDA:303,35,0,0
BRDA:303,35,1,0
BRDA:303,35,2,0
BRDA:307,36,0,0
BRDA:307,36,1,0
BRDA:315,37,0,0
BRDA:315,37,1,0
BRDA:318,38,0,0
BRDA:318,38,1,0
BRDA:326,39,0,0
BRDA:326,39,1,0
BRDA:340,40,0,0
BRDA:340,40,1,0
BRDA:342,41,0,0
BRDA:342,41,1,0
BRDA:345,42,0,0
BRDA:345,42,1,0
BRDA:353,43,0,0
BRDA:353,43,1,0
BRDA:373,44,0,0
BRDA:373,44,1,0
BRF:95
BRH:0
end_of_record
TN:
SF:source/GitGenUi/PromptFor/PromptFor.js
FN:3,(anonymous_0)
FN:28,(anonymous_1)
FN:48,(anonymous_2)
FN:54,(anonymous_3)
FN:62,(anonymous_4)
FN:64,(anonymous_5)
FN:70,(anonymous_6)
FN:80,(anonymous_7)
FN:84,(anonymous_8)
FN:90,(anonymous_9)
FN:99,(anonymous_10)
FN:103,(anonymous_11)
FN:106,(anonymous_12)
FN:109,(anonymous_13)
FN:127,(anonymous_14)
FN:128,(anonymous_15)
FN:130,(anonymous_16)
FN:143,(anonymous_17)
FN:145,(anonymous_18)
FN:148,(anonymous_19)
FN:152,(anonymous_20)
FN:156,(anonymous_21)
FN:179,(anonymous_22)
FN:192,(anonymous_23)
FN:194,(anonymous_24)
FN:200,(anonymous_25)
FN:214,(anonymous_26)
FN:219,(anonymous_27)
FN:227,(anonymous_28)
FNF:29
FNH:3
FNDA:11,(anonymous_0)
FNDA:11,(anonymous_1)
FNDA:0,(anonymous_2)
FNDA:0,(anonymous_3)
FNDA:0,(anonymous_4)
FNDA:11,(anonymous_5)
FNDA:0,(anonymous_6)
FNDA:0,(anonymous_7)
FNDA:0,(anonymous_8)
FNDA:0,(anonymous_9)
FNDA:0,(anonymous_10)
FNDA:0,(anonymous_11)
FNDA:0,(anonymous_12)
FNDA:0,(anonymous_13)
FNDA:0,(anonymous_14)
FNDA:0,(anonymous_15)
FNDA:0,(anonymous_16)
FNDA:0,(anonymous_17)
FNDA:0,(anonymous_18)
FNDA:0,(anonymous_19)
FNDA:0,(anonymous_20)
FNDA:0,(anonymous_21)
FNDA:0,(anonymous_22)
FNDA:0,(anonymous_23)
FNDA:0,(anonymous_24)
FNDA:0,(anonymous_25)
FNDA:0,(anonymous_26)
FNDA:0,(anonymous_27)
FNDA:0,(anonymous_28)
DA:2,11
DA:3,11
DA:4,11
DA:44,11
DA:48,11
DA:49,0
DA:50,0
DA:54,0
DA:56,0
DA:62,0
DA:64,11
DA:70,11
DA:78,0
DA:79,0
DA:80,0
DA:81,0
DA:84,0
DA:85,0
DA:90,0
DA:92,0
DA:100,0
DA:103,0
DA:106,0
DA:108,11
DA:109,11
DA:110,0
DA:127,11
DA:128,0
DA:129,0
DA:131,0
DA:133,0
DA:135,0
DA:137,0
DA:143,11
DA:144,0
DA:145,11
DA:146,0
DA:148,11
DA:150,0
DA:152,0
DA:156,0
DA:158,0
DA:159,0
DA:160,0
DA:161,0
DA:162,0
DA:163,0
DA:164,0
DA:168,0
DA:169,0
DA:172,0
DA:179,11
DA:187,0
DA:188,0
DA:189,0
DA:191,0
DA:192,0
DA:193,0
DA:194,0
DA:195,0
DA:197,0
DA:198,0
DA:201,0
DA:216,0
DA:217,0
DA:218,0
DA:219,0
DA:221,0
DA:228,0
LF:69
LH:14
BRDA:49,0,0,0
BRDA:49,0,1,0
BRDA:59,1,0,0
BRDA:59,1,1,0
BRDA:78,2,0,0
BRDA:78,2,1,0
BRDA:106,3,0,0
BRDA:106,3,1,0
BRDA:115,4,0,0
BRDA:115,4,1,0
BRDA:115,5,0,0
BRDA:115,5,1,0
BRDA:129,6,0,0
BRDA:129,6,1,0
BRDA:131,7,0,0
BRDA:131,7,1,0
BRDA:131,7,2,0
BRDA:134,8,0,0
BRDA:134,8,1,0
BRDA:152,9,0,0
BRDA:162,10,0,0
BRDA:162,10,1,0
BRDA:164,11,0,0
BRDA:164,11,1,0
BRDA:168,12,0,0
BRDA:168,12,1,0
BRDA:174,13,0,0
BRDA:174,13,1,0
BRDA:187,14,0,0
BRDA:187,14,1,0
BRDA:192,15,0,0
BRDA:192,15,1,0
BRDA:194,16,0,0
BRDA:194,16,1,0
BRDA:196,17,0,0
BRDA:196,17,1,0
BRDA:205,18,0,0
BRDA:205,18,1,0
BRDA:221,19,0,0
BRDA:221,19,1,0
BRDA:222,20,0,0
BRDA:222,20,1,0
BRDA:222,20,2,0
BRDA:228,21,0,0
BRDA:228,21,1,0
BRDA:233,22,0,0
BRDA:233,22,1,0
BRF:47
BRH:0
end_of_record
TN:
SF:source/GitGenUi/PromptFor/PromptForLib.js
FN:3,(anonymous_0)
FN:10,(anonymous_1)
FN:11,(anonymous_2)
FN:13,(anonymous_3)
FN:16,(anonymous_4)
FN:35,(anonymous_5)
FN:44,(anonymous_6)
FN:67,(anonymous_7)
FN:90,(anonymous_8)
FNF:9
FNH:1
FNDA:11,(anonymous_0)
FNDA:0,(anonymous_1)
FNDA:0,(anonymous_2)
FNDA:0,(anonymous_3)
FNDA:0,(anonymous_4)
FNDA:0,(anonymous_5)
FNDA:0,(anonymous_6)
FNDA:0,(anonymous_7)
FNDA:0,(anonymous_8)
DA:2,11
DA:3,11
DA:4,11
DA:5,11
DA:9,11
DA:11,0
DA:14,0
DA:32,0
DA:33,0
DA:35,0
DA:36,0
DA:38,0
DA:45,0
DA:47,0
DA:48,0
DA:49,0
DA:50,0
DA:51,0
DA:53,0
DA:55,0
DA:61,0
DA:68,0
DA:70,0
DA:71,0
DA:72,0
DA:73,0
DA:74,0
DA:76,0
DA:78,0
DA:84,0
DA:91,0
DA:93,0
DA:94,0
DA:95,0
DA:96,0
DA:97,0
DA:99,0
DA:101,0
LF:38
LH:5
BRDA:32,0,0,0
BRDA:32,0,1,0
BRDA:36,1,0,0
BRDA:36,1,1,0
BRDA:36,1,2,0
BRDA:41,2,0,0
BRDA:41,2,1,0
BRDA:49,3,0,0
BRDA:49,3,1,0
BRDA:64,4,0,0
BRDA:64,4,1,0
BRDA:72,5,0,0
BRDA:72,5,1,0
BRDA:87,6,0,0
BRDA:87,6,1,0
BRDA:95,7,0,0
BRDA:95,7,1,0
BRF:17
BRH:0
end_of_record
TN:
SF:source/GitGenUi/PromptFor/index.js
FNF:0
FNH:0
DA:4,11
LF:1
LH:1
BRF:0
BRH:0
end_of_record
TN:
SF:source/GitGenUi/PromptFor/namespace.js
FNF:0
FNH:0
DA:4,11
LF:1
LH:1
BRF:0
BRH:0
end_of_record
TN:
SF:source/GitGenUi/Trackers/PivotalTracker.js
FN:3,(anonymous_0)
FN:27,(anonymous_1)
FN:45,(anonymous_2)
FN:48,(anonymous_3)
FN:56,(anonymous_4)
FN:60,(anonymous_5)
FN:63,(anonymous_6)
FN:92,(anonymous_7)
FN:94,(anonymous_8)
FN:99,(anonymous_9)
FN:106,(anonymous_10)
FN:109,(anonymous_11)
FN:112,(anonymous_12)
FN:119,(anonymous_13)
FN:133,(anonymous_14)
FN:134,(anonymous_15)
FN:135,(anonymous_16)
FN:151,(anonymous_17)
FN:155,(anonymous_18)
FN:159,(anonymous_19)
FN:160,(anonymous_20)
FN:165,(anonymous_21)
FN:173,(anonymous_22)
FN:178,(anonymous_23)
FN:184,(anonymous_24)
FN:198,(anonymous_25)
FN:205,(anonymous_26)
FN:213,(anonymous_27)
FN:217,(anonymous_28)
FN:224,(anonymous_29)
FN:225,(anonymous_30)
FN:226,(anonymous_31)
FN:231,(anonymous_32)
FN:246,(anonymous_33)
FN:247,(anonymous_34)
FN:254,(anonymous_35)
FN:256,(anonymous_36)
FN:260,(anonymous_37)
FN:262,(anonymous_38)
FN:266,(anonymous_39)
FN:268,(anonymous_40)
FN:274,(anonymous_41)
FN:275,(anonymous_42)
FN:277,(anonymous_43)
FN:280,(anonymous_44)
FN:287,(anonymous_45)
FNF:46
FNH:27
FNDA:11,(anonymous_0)
FNDA:11,(anonymous_1)
FNDA:11,(anonymous_2)
FNDA:11,(anonymous_3)
FNDA:11,(anonymous_4)
FNDA:4,(anonymous_5)
FNDA:7,(anonymous_6)
FNDA:5,(anonymous_7)
FNDA:0,(anonymous_8)
FNDA:5,(anonymous_9)
FNDA:6,(anonymous_10)
FNDA:1,(anonymous_11)
FNDA:1,(anonymous_12)
FNDA:2,(anonymous_13)
FNDA:2,(anonymous_14)
FNDA:2,(anonymous_15)
FNDA:100,(anonymous_16)
FNDA:1,(anonymous_17)
FNDA:2,(anonymous_18)
FNDA:2,(anonymous_19)
FNDA:4,(anonymous_20)
FNDA:0,(anonymous_21)
FNDA:0,(anonymous_22)
FNDA:0,(anonymous_23)
FNDA:0,(anonymous_24)
FNDA:0,(anonymous_25)
FNDA:0,(anonymous_26)
FNDA:0,(anonymous_27)
FNDA:0,(anonymous_28)
FNDA:0,(anonymous_29)
FNDA:0,(anonymous_30)
FNDA:0,(anonymous_31)
FNDA:0,(anonymous_32)
FNDA:0,(anonymous_33)
FNDA:0,(anonymous_34)
FNDA:34,(anonymous_35)
FNDA:452,(anonymous_36)
FNDA:0,(anonymous_37)
FNDA:0,(anonymous_38)
FNDA:1,(anonymous_39)
FNDA:14,(anonymous_40)
FNDA:0,(anonymous_41)
FNDA:0,(anonymous_42)
FNDA:35,(anonymous_43)
FNDA:478,(anonymous_44)
FNDA:478,(anonymous_45)
DA:2,11
DA:3,11
DA:4,11
DA:43,11
DA:47,11
DA:50,11
DA:55,11
DA:58,11
DA:61,4
DA:64,7
DA:67,11
DA:76,11
DA:77,11
DA:86,11
DA:92,11
DA:93,5
DA:95,0
DA:99,11
DA:100,5
DA:101,5
DA:105,11
DA:107,6
DA:110,1
DA:113,1
DA:119,11
DA:121,2
DA:122,0
DA:124,2
DA:125,2
DA:133,2
DA:135,2
DA:137,100
DA:141,100
DA:145,100
DA:151,11
DA:152,1
DA:155,11
DA:156,2
DA:160,2
DA:162,4
DA:165,11
DA:166,0
DA:167,0
DA:173,11
DA:174,0
DA:178,11
DA:179,0
DA:184,11
DA:185,0
DA:198,11
DA:199,0
DA:205,11
DA:206,0
DA:213,11
DA:214,0
DA:217,11
DA:218,0
DA:224,0
DA:225,11
DA:226,0
DA:227,0
DA:232,0
DA:237,0
DA:239,0
DA:246,0
DA:247,11
DA:248,0
DA:254,11
DA:255,34
DA:257,452
DA:260,11
DA:261,0
DA:263,0
DA:266,11
DA:267,1
DA:269,14
DA:274,11
DA:275,0
DA:277,11
DA:278,35
DA:281,478
DA:287,478
LF:82
LH:60
BRDA:51,0,0,11
BRDA:51,0,1,11
BRDA:58,1,0,11
BRDA:58,1,1,11
BRDA:93,2,0,0
BRDA:93,2,1,5
BRDA:121,3,0,0
BRDA:121,3,1,2
BRDA:124,4,0,0
BRDA:124,4,1,2
BRDA:138,5,0,100
BRDA:138,5,1,0
BRDA:142,6,0,100
BRDA:142,6,1,0
BRDA:145,7,0,60
BRDA:145,7,1,40
BRDA:227,8,0,0
BRDA:227,8,1,0
BRDA:227,9,0,0
BRDA:227,9,1,0
BRDA:232,10,0,0
BRDA:232,10,1,0
BRDA:233,11,0,0
BRDA:233,11,1,0
BRDA:233,11,2,0
BRDA:257,12,0,34
BRDA:257,12,1,418
BRDA:263,13,0,0
BRDA:263,13,1,0
BRDA:269,14,0,1
BRDA:269,14,1,13
BRDA:281,15,0,3
BRDA:281,15,1,475
BRDA:281,16,0,478
BRDA:281,16,1,190
BRF:35
BRH:19
end_of_record
TN:
SF:source/GitGenUi/Trackers/index.js
FNF:0
FNH:0
DA:4,11
LF:1
LH:1
BRF:0
BRH:0
end_of_record
TN:
SF:source/GitGenUi/Trackers/namespace.js
FNF:0
FNH:0
DA:4,11
LF:1
LH:1
BRF:0
BRH:0
end_of_record
TN:
SF:source/GitGenUi/Widgets/InteractiveAdd.js
FN:3,(anonymous_0)
FN:12,(anonymous_1)
FN:14,(anonymous_2)
FN:17,(anonymous_3)
FN:18,(anonymous_4)
FN:20,(anonymous_5)
FN:31,(anonymous_6)
FN:39,(anonymous_7)
FN:50,(anonymous_8)
FN:57,(anonymous_9)
FN:60,(anonymous_10)
FN:69,(anonymous_11)
FN:74,(anonymous_12)
FN:79,(anonymous_13)
FNF:14
FNH:2
FNDA:11,(anonymous_0)
FNDA:11,(anonymous_1)
FNDA:0,(anonymous_2)
FNDA:0,(anonymous_3)
FNDA:0,(anonymous_4)
FNDA:0,(anonymous_5)
FNDA:0,(anonymous_6)
FNDA:0,(anonymous_7)
FNDA:0,(anonymous_8)
FNDA:0,(anonymous_9)
FNDA:0,(anonymous_10)
FNDA:0,(anonymous_11)
FNDA:0,(anonymous_12)
FNDA:0,(anonymous_13)
DA:2,11
DA:3,11
DA:4,11
DA:14,11
DA:15,0
DA:17,11
DA:18,0
DA:20,0
DA:21,0
DA:22,0
DA:24,0
DA:33,0
DA:40,0
DA:52,0
DA:57,0
DA:59,0
DA:60,0
DA:62,0
DA:69,0
DA:70,0
DA:75,0
DA:79,0
LF:22
LH:5
BRDA:21,0,0,0
BRDA:21,0,1,0
BRDA:21,1,0,0
BRDA:21,1,1,0
BRDA:33,2,0,0
BRDA:33,2,1,0
BRDA:34,3,0,0
BRDA:34,3,1,0
BRDA:35,4,0,0
BRDA:35,4,1,0
BRDA:44,5,0,0
BRDA:44,5,1,0
BRDA:62,6,0,0
BRDA:62,6,1,0
BRDA:63,7,0,0
BRDA:63,7,1,0
BRDA:70,8,0,0
BRDA:70,8,1,0
BRDA:75,9,0,0
BRDA:75,9,1,0
BRF:20
BRH:0
end_of_record
TN:
SF:source/GitGenUi/Widgets/index.js
FNF:0
FNH:0
DA:4,11
LF:1
LH:1
BRF:0
BRH:0
end_of_record
TN:
SF:source/GitGenUi/Widgets/namespace.js
FNF:0
FNH:0
DA:4,11
LF:1
LH:1
BRF:0
BRH:0
end_of_record
TN:
SF:source/jest/StandardImport.js
FN:3,(anonymous_0)
FN:11,(anonymous_1)
FN:13,(anonymous_2)
FN:14,(anonymous_3)
FNF:4
FNH:4
FNDA:11,(anonymous_0)
FNDA:16,(anonymous_1)
FNDA:5,(anonymous_2)
FNDA:13,(anonymous_3)
DA:2,11
DA:3,11
DA:4,11
DA:6,11
DA:12,16
DA:13,5
DA:15,13
DA:16,13
LF:8
LH:8
BRDA:12,0,0,3
BRDA:12,0,1,13
BRF:2
BRH:2
end_of_record
